{
  "G:/PROJECTS/orderlite/cypress/support/commands.ts": {
    "path": "G:/PROJECTS/orderlite/cypress/support/commands.ts",
    "statementMap": {},
    "fnMap": {},
    "branchMap": {},
    "s": {},
    "f": {},
    "b": {},
    "inputSourceMap": {
      "version": 3,
      "sources": [],
      "mappings": "",
      "names": []
    },
    "_coverageSchema": "1a1c01bbd47fc00a2c39e90264f33305004495a9",
    "hash": "28a7f011435d7f9388ab38739ccf2c0afacf2eea"
  },
  "G:/PROJECTS/orderlite/cypress/support/component.ts": {
    "path": "G:/PROJECTS/orderlite/cypress/support/component.ts",
    "statementMap": {
      "0": {
        "start": {
          "line": 4,
          "column": 0
        },
        "end": {
          "line": 4,
          "column": 37
        }
      }
    },
    "fnMap": {},
    "branchMap": {},
    "s": {
      "0": 366
    },
    "f": {},
    "b": {},
    "inputSourceMap": {
      "version": 3,
      "sources": ["G:/PROJECTS/orderlite/cypress/support/component.ts"],
      "mappings": "AAAA,OAAO;AACP,OAAO;AACP,SAAS,aAAa;AAUtB,QAAQ,SAAS,IAAI,SAAS,KAAK;",
      "names": []
    },
    "_coverageSchema": "1a1c01bbd47fc00a2c39e90264f33305004495a9",
    "hash": "bc7884401c5d27917be8bd2663920c863b0b4421"
  },
  "G:/PROJECTS/orderlite/src/components/ui/ui-kit.ts": {
    "path": "G:/PROJECTS/orderlite/src/components/ui/ui-kit.ts",
    "statementMap": {
      "0": {
        "start": {
          "line": 2,
          "column": 22
        },
        "end": {
          "line": 7,
          "column": 1
        }
      },
      "1": {
        "start": {
          "line": 8,
          "column": 18
        },
        "end": {
          "line": 11,
          "column": 1
        }
      },
      "2": {
        "start": {
          "line": 12,
          "column": 18
        },
        "end": {
          "line": 16,
          "column": 1
        }
      },
      "3": {
        "start": {
          "line": 17,
          "column": 18
        },
        "end": {
          "line": 22,
          "column": 1
        }
      },
      "4": {
        "start": {
          "line": 23,
          "column": 18
        },
        "end": {
          "line": 27,
          "column": 1
        }
      },
      "5": {
        "start": {
          "line": 28,
          "column": 20
        },
        "end": {
          "line": 32,
          "column": 1
        }
      },
      "6": {
        "start": {
          "line": 33,
          "column": 21
        },
        "end": {
          "line": 35,
          "column": 1
        }
      },
      "7": {
        "start": {
          "line": 36,
          "column": 21
        },
        "end": {
          "line": 52,
          "column": 1
        }
      },
      "8": {
        "start": {
          "line": 53,
          "column": 24
        },
        "end": {
          "line": 66,
          "column": 1
        }
      },
      "9": {
        "start": {
          "line": 67,
          "column": 21
        },
        "end": {
          "line": 73,
          "column": 1
        }
      },
      "10": {
        "start": {
          "line": 74,
          "column": 22
        },
        "end": {
          "line": 78,
          "column": 1
        }
      },
      "11": {
        "start": {
          "line": 79,
          "column": 21
        },
        "end": {
          "line": 81,
          "column": 1
        }
      },
      "12": {
        "start": {
          "line": 82,
          "column": 19
        },
        "end": {
          "line": 108,
          "column": 1
        }
      },
      "13": {
        "start": {
          "line": 109,
          "column": 22
        },
        "end": {
          "line": 124,
          "column": 1
        }
      },
      "14": {
        "start": {
          "line": 111,
          "column": 33
        },
        "end": {
          "line": 111,
          "column": 129
        }
      },
      "15": {
        "start": {
          "line": 112,
          "column": 28
        },
        "end": {
          "line": 112,
          "column": 80
        }
      },
      "16": {
        "start": {
          "line": 113,
          "column": 35
        },
        "end": {
          "line": 113,
          "column": 99
        }
      },
      "17": {
        "start": {
          "line": 114,
          "column": 25
        },
        "end": {
          "line": 114,
          "column": 47
        }
      },
      "18": {
        "start": {
          "line": 117,
          "column": 31
        },
        "end": {
          "line": 117,
          "column": 68
        }
      },
      "19": {
        "start": {
          "line": 118,
          "column": 35
        },
        "end": {
          "line": 118,
          "column": 213
        }
      },
      "20": {
        "start": {
          "line": 125,
          "column": 24
        },
        "end": {
          "line": 131,
          "column": 1
        }
      },
      "21": {
        "start": {
          "line": 132,
          "column": 22
        },
        "end": {
          "line": 143,
          "column": 1
        }
      },
      "22": {
        "start": {
          "line": 144,
          "column": 21
        },
        "end": {
          "line": 149,
          "column": 1
        }
      },
      "23": {
        "start": {
          "line": 150,
          "column": 26
        },
        "end": {
          "line": 166,
          "column": 1
        }
      },
      "24": {
        "start": {
          "line": 167,
          "column": 20
        },
        "end": {
          "line": 172,
          "column": 1
        }
      },
      "25": {
        "start": {
          "line": 173,
          "column": 24
        },
        "end": {
          "line": 175,
          "column": 1
        }
      },
      "26": {
        "start": {
          "line": 176,
          "column": 23
        },
        "end": {
          "line": 181,
          "column": 1
        }
      },
      "27": {
        "start": {
          "line": 182,
          "column": 21
        },
        "end": {
          "line": 186,
          "column": 1
        }
      },
      "28": {
        "start": {
          "line": 187,
          "column": 20
        },
        "end": {
          "line": 200,
          "column": 1
        }
      },
      "29": {
        "start": {
          "line": 193,
          "column": 25
        },
        "end": {
          "line": 193,
          "column": 85
        }
      },
      "30": {
        "start": {
          "line": 194,
          "column": 35
        },
        "end": {
          "line": 194,
          "column": 109
        }
      },
      "31": {
        "start": {
          "line": 195,
          "column": 30
        },
        "end": {
          "line": 195,
          "column": 85
        }
      },
      "32": {
        "start": {
          "line": 201,
          "column": 24
        },
        "end": {
          "line": 223,
          "column": 1
        }
      },
      "33": {
        "start": {
          "line": 201,
          "column": 61
        },
        "end": {
          "line": 206,
          "column": 1
        }
      },
      "34": {
        "start": {
          "line": 218,
          "column": 32
        },
        "end": {
          "line": 218,
          "column": 71
        }
      },
      "35": {
        "start": {
          "line": 224,
          "column": 23
        },
        "end": {
          "line": 239,
          "column": 1
        }
      },
      "36": {
        "start": {
          "line": 240,
          "column": 24
        },
        "end": {
          "line": 246,
          "column": 1
        }
      },
      "37": {
        "start": {
          "line": 247,
          "column": 24
        },
        "end": {
          "line": 250,
          "column": 1
        }
      },
      "38": {
        "start": {
          "line": 251,
          "column": 22
        },
        "end": {
          "line": 254,
          "column": 1
        }
      },
      "39": {
        "start": {
          "line": 255,
          "column": 24
        },
        "end": {
          "line": 257,
          "column": 1
        }
      },
      "40": {
        "start": {
          "line": 258,
          "column": 19
        },
        "end": {
          "line": 264,
          "column": 1
        }
      },
      "41": {
        "start": {
          "line": 262,
          "column": 43
        },
        "end": {
          "line": 262,
          "column": 48
        }
      },
      "42": {
        "start": {
          "line": 265,
          "column": 22
        },
        "end": {
          "line": 293,
          "column": 1
        }
      },
      "43": {
        "start": {
          "line": 271,
          "column": 33
        },
        "end": {
          "line": 271,
          "column": 76
        }
      },
      "44": {
        "start": {
          "line": 281,
          "column": 29
        },
        "end": {
          "line": 281,
          "column": 53
        }
      },
      "45": {
        "start": {
          "line": 294,
          "column": 22
        },
        "end": {
          "line": 307,
          "column": 1
        }
      },
      "46": {
        "start": {
          "line": 308,
          "column": 23
        },
        "end": {
          "line": 317,
          "column": 1
        }
      },
      "47": {
        "start": {
          "line": 315,
          "column": 28
        },
        "end": {
          "line": 315,
          "column": 71
        }
      },
      "48": {
        "start": {
          "line": 318,
          "column": 23
        },
        "end": {
          "line": 323,
          "column": 1
        }
      },
      "49": {
        "start": {
          "line": 324,
          "column": 21
        },
        "end": {
          "line": 328,
          "column": 1
        }
      },
      "50": {
        "start": {
          "line": 326,
          "column": 44
        },
        "end": {
          "line": 326,
          "column": 47
        }
      },
      "51": {
        "start": {
          "line": 327,
          "column": 27
        },
        "end": {
          "line": 327,
          "column": 37
        }
      },
      "52": {
        "start": {
          "line": 329,
          "column": 22
        },
        "end": {
          "line": 331,
          "column": 1
        }
      },
      "53": {
        "start": {
          "line": 332,
          "column": 26
        },
        "end": {
          "line": 334,
          "column": 1
        }
      },
      "54": {
        "start": {
          "line": 335,
          "column": 28
        },
        "end": {
          "line": 344,
          "column": 1
        }
      },
      "55": {
        "start": {
          "line": 340,
          "column": 28
        },
        "end": {
          "line": 340,
          "column": 41
        }
      },
      "56": {
        "start": {
          "line": 341,
          "column": 35
        },
        "end": {
          "line": 341,
          "column": 58
        }
      },
      "57": {
        "start": {
          "line": 345,
          "column": 27
        },
        "end": {
          "line": 358,
          "column": 1
        }
      },
      "58": {
        "start": {
          "line": 354,
          "column": 41
        },
        "end": {
          "line": 354,
          "column": 62
        }
      },
      "59": {
        "start": {
          "line": 359,
          "column": 27
        },
        "end": {
          "line": 365,
          "column": 1
        }
      },
      "60": {
        "start": {
          "line": 366,
          "column": 27
        },
        "end": {
          "line": 371,
          "column": 1
        }
      },
      "61": {
        "start": {
          "line": 372,
          "column": 26
        },
        "end": {
          "line": 377,
          "column": 1
        }
      },
      "62": {
        "start": {
          "line": 378,
          "column": 24
        },
        "end": {
          "line": 395,
          "column": 1
        }
      },
      "63": {
        "start": {
          "line": 382,
          "column": 58
        },
        "end": {
          "line": 382,
          "column": 78
        }
      },
      "64": {
        "start": {
          "line": 383,
          "column": 28
        },
        "end": {
          "line": 383,
          "column": 41
        }
      },
      "65": {
        "start": {
          "line": 396,
          "column": 22
        },
        "end": {
          "line": 408,
          "column": 1
        }
      },
      "66": {
        "start": {
          "line": 409,
          "column": 26
        },
        "end": {
          "line": 418,
          "column": 1
        }
      },
      "67": {
        "start": {
          "line": 410,
          "column": 30
        },
        "end": {
          "line": 410,
          "column": 41
        }
      },
      "68": {
        "start": {
          "line": 411,
          "column": 31
        },
        "end": {
          "line": 411,
          "column": 42
        }
      }
    },
    "fnMap": {
      "0": {
        "name": "(anonymous_0)",
        "decl": {
          "start": {
            "line": 111,
            "column": 16
          },
          "end": {
            "line": 111,
            "column": 17
          }
        },
        "loc": {
          "start": {
            "line": 111,
            "column": 33
          },
          "end": {
            "line": 111,
            "column": 129
          }
        },
        "line": 111
      },
      "1": {
        "name": "(anonymous_1)",
        "decl": {
          "start": {
            "line": 112,
            "column": 11
          },
          "end": {
            "line": 112,
            "column": 12
          }
        },
        "loc": {
          "start": {
            "line": 112,
            "column": 28
          },
          "end": {
            "line": 112,
            "column": 80
          }
        },
        "line": 112
      },
      "2": {
        "name": "(anonymous_2)",
        "decl": {
          "start": {
            "line": 113,
            "column": 18
          },
          "end": {
            "line": 113,
            "column": 19
          }
        },
        "loc": {
          "start": {
            "line": 113,
            "column": 35
          },
          "end": {
            "line": 113,
            "column": 99
          }
        },
        "line": 113
      },
      "3": {
        "name": "(anonymous_3)",
        "decl": {
          "start": {
            "line": 114,
            "column": 11
          },
          "end": {
            "line": 114,
            "column": 12
          }
        },
        "loc": {
          "start": {
            "line": 114,
            "column": 25
          },
          "end": {
            "line": 114,
            "column": 47
          }
        },
        "line": 114
      },
      "4": {
        "name": "(anonymous_4)",
        "decl": {
          "start": {
            "line": 117,
            "column": 14
          },
          "end": {
            "line": 117,
            "column": 15
          }
        },
        "loc": {
          "start": {
            "line": 117,
            "column": 31
          },
          "end": {
            "line": 117,
            "column": 68
          }
        },
        "line": 117
      },
      "5": {
        "name": "(anonymous_5)",
        "decl": {
          "start": {
            "line": 118,
            "column": 18
          },
          "end": {
            "line": 118,
            "column": 19
          }
        },
        "loc": {
          "start": {
            "line": 118,
            "column": 35
          },
          "end": {
            "line": 118,
            "column": 213
          }
        },
        "line": 118
      },
      "6": {
        "name": "(anonymous_6)",
        "decl": {
          "start": {
            "line": 193,
            "column": 6
          },
          "end": {
            "line": 193,
            "column": 7
          }
        },
        "loc": {
          "start": {
            "line": 193,
            "column": 25
          },
          "end": {
            "line": 193,
            "column": 85
          }
        },
        "line": 193
      },
      "7": {
        "name": "(anonymous_7)",
        "decl": {
          "start": {
            "line": 194,
            "column": 16
          },
          "end": {
            "line": 194,
            "column": 17
          }
        },
        "loc": {
          "start": {
            "line": 194,
            "column": 35
          },
          "end": {
            "line": 194,
            "column": 109
          }
        },
        "line": 194
      },
      "8": {
        "name": "(anonymous_8)",
        "decl": {
          "start": {
            "line": 195,
            "column": 11
          },
          "end": {
            "line": 195,
            "column": 12
          }
        },
        "loc": {
          "start": {
            "line": 195,
            "column": 30
          },
          "end": {
            "line": 195,
            "column": 85
          }
        },
        "line": 195
      },
      "9": {
        "name": "(anonymous_9)",
        "decl": {
          "start": {
            "line": 201,
            "column": 41
          },
          "end": {
            "line": 201,
            "column": 42
          }
        },
        "loc": {
          "start": {
            "line": 201,
            "column": 61
          },
          "end": {
            "line": 206,
            "column": 1
          }
        },
        "line": 201
      },
      "10": {
        "name": "(anonymous_10)",
        "decl": {
          "start": {
            "line": 218,
            "column": 13
          },
          "end": {
            "line": 218,
            "column": 14
          }
        },
        "loc": {
          "start": {
            "line": 218,
            "column": 32
          },
          "end": {
            "line": 218,
            "column": 71
          }
        },
        "line": 218
      },
      "11": {
        "name": "(anonymous_11)",
        "decl": {
          "start": {
            "line": 262,
            "column": 16
          },
          "end": {
            "line": 262,
            "column": 17
          }
        },
        "loc": {
          "start": {
            "line": 262,
            "column": 43
          },
          "end": {
            "line": 262,
            "column": 48
          }
        },
        "line": 262
      },
      "12": {
        "name": "(anonymous_12)",
        "decl": {
          "start": {
            "line": 271,
            "column": 16
          },
          "end": {
            "line": 271,
            "column": 17
          }
        },
        "loc": {
          "start": {
            "line": 271,
            "column": 33
          },
          "end": {
            "line": 271,
            "column": 76
          }
        },
        "line": 271
      },
      "13": {
        "name": "(anonymous_13)",
        "decl": {
          "start": {
            "line": 281,
            "column": 12
          },
          "end": {
            "line": 281,
            "column": 13
          }
        },
        "loc": {
          "start": {
            "line": 281,
            "column": 29
          },
          "end": {
            "line": 281,
            "column": 53
          }
        },
        "line": 281
      },
      "14": {
        "name": "(anonymous_14)",
        "decl": {
          "start": {
            "line": 315,
            "column": 11
          },
          "end": {
            "line": 315,
            "column": 12
          }
        },
        "loc": {
          "start": {
            "line": 315,
            "column": 28
          },
          "end": {
            "line": 315,
            "column": 71
          }
        },
        "line": 315
      },
      "15": {
        "name": "(anonymous_15)",
        "decl": {
          "start": {
            "line": 326,
            "column": 20
          },
          "end": {
            "line": 326,
            "column": 21
          }
        },
        "loc": {
          "start": {
            "line": 326,
            "column": 44
          },
          "end": {
            "line": 326,
            "column": 47
          }
        },
        "line": 326
      },
      "16": {
        "name": "(anonymous_16)",
        "decl": {
          "start": {
            "line": 327,
            "column": 9
          },
          "end": {
            "line": 327,
            "column": 10
          }
        },
        "loc": {
          "start": {
            "line": 327,
            "column": 27
          },
          "end": {
            "line": 327,
            "column": 37
          }
        },
        "line": 327
      },
      "17": {
        "name": "(anonymous_17)",
        "decl": {
          "start": {
            "line": 340,
            "column": 13
          },
          "end": {
            "line": 340,
            "column": 14
          }
        },
        "loc": {
          "start": {
            "line": 340,
            "column": 28
          },
          "end": {
            "line": 340,
            "column": 41
          }
        },
        "line": 340
      },
      "18": {
        "name": "(anonymous_18)",
        "decl": {
          "start": {
            "line": 341,
            "column": 20
          },
          "end": {
            "line": 341,
            "column": 21
          }
        },
        "loc": {
          "start": {
            "line": 341,
            "column": 35
          },
          "end": {
            "line": 341,
            "column": 58
          }
        },
        "line": 341
      },
      "19": {
        "name": "(anonymous_19)",
        "decl": {
          "start": {
            "line": 354,
            "column": 26
          },
          "end": {
            "line": 354,
            "column": 27
          }
        },
        "loc": {
          "start": {
            "line": 354,
            "column": 41
          },
          "end": {
            "line": 354,
            "column": 62
          }
        },
        "line": 354
      },
      "20": {
        "name": "(anonymous_20)",
        "decl": {
          "start": {
            "line": 382,
            "column": 43
          },
          "end": {
            "line": 382,
            "column": 44
          }
        },
        "loc": {
          "start": {
            "line": 382,
            "column": 58
          },
          "end": {
            "line": 382,
            "column": 78
          }
        },
        "line": 382
      },
      "21": {
        "name": "(anonymous_21)",
        "decl": {
          "start": {
            "line": 383,
            "column": 13
          },
          "end": {
            "line": 383,
            "column": 14
          }
        },
        "loc": {
          "start": {
            "line": 383,
            "column": 28
          },
          "end": {
            "line": 383,
            "column": 41
          }
        },
        "line": 383
      },
      "22": {
        "name": "(anonymous_22)",
        "decl": {
          "start": {
            "line": 410,
            "column": 11
          },
          "end": {
            "line": 410,
            "column": 12
          }
        },
        "loc": {
          "start": {
            "line": 410,
            "column": 30
          },
          "end": {
            "line": 410,
            "column": 41
          }
        },
        "line": 410
      },
      "23": {
        "name": "(anonymous_23)",
        "decl": {
          "start": {
            "line": 411,
            "column": 12
          },
          "end": {
            "line": 411,
            "column": 13
          }
        },
        "loc": {
          "start": {
            "line": 411,
            "column": 31
          },
          "end": {
            "line": 411,
            "column": 42
          }
        },
        "line": 411
      }
    },
    "branchMap": {
      "0": {
        "loc": {
          "start": {
            "line": 111,
            "column": 33
          },
          "end": {
            "line": 111,
            "column": 129
          }
        },
        "type": "cond-expr",
        "locations": [
          {
            "start": {
              "line": 111,
              "column": 57
            },
            "end": {
              "line": 111,
              "column": 70
            }
          },
          {
            "start": {
              "line": 111,
              "column": 73
            },
            "end": {
              "line": 111,
              "column": 129
            }
          }
        ],
        "line": 111
      },
      "1": {
        "loc": {
          "start": {
            "line": 111,
            "column": 73
          },
          "end": {
            "line": 111,
            "column": 129
          }
        },
        "type": "cond-expr",
        "locations": [
          {
            "start": {
              "line": 111,
              "column": 96
            },
            "end": {
              "line": 111,
              "column": 105
            }
          },
          {
            "start": {
              "line": 111,
              "column": 108
            },
            "end": {
              "line": 111,
              "column": 129
            }
          }
        ],
        "line": 111
      },
      "2": {
        "loc": {
          "start": {
            "line": 112,
            "column": 28
          },
          "end": {
            "line": 112,
            "column": 80
          }
        },
        "type": "cond-expr",
        "locations": [
          {
            "start": {
              "line": 112,
              "column": 52
            },
            "end": {
              "line": 112,
              "column": 71
            }
          },
          {
            "start": {
              "line": 112,
              "column": 74
            },
            "end": {
              "line": 112,
              "column": 80
            }
          }
        ],
        "line": 112
      },
      "3": {
        "loc": {
          "start": {
            "line": 113,
            "column": 35
          },
          "end": {
            "line": 113,
            "column": 99
          }
        },
        "type": "cond-expr",
        "locations": [
          {
            "start": {
              "line": 113,
              "column": 59
            },
            "end": {
              "line": 113,
              "column": 83
            }
          },
          {
            "start": {
              "line": 113,
              "column": 86
            },
            "end": {
              "line": 113,
              "column": 99
            }
          }
        ],
        "line": 113
      },
      "4": {
        "loc": {
          "start": {
            "line": 114,
            "column": 25
          },
          "end": {
            "line": 114,
            "column": 47
          }
        },
        "type": "cond-expr",
        "locations": [
          {
            "start": {
              "line": 114,
              "column": 32
            },
            "end": {
              "line": 114,
              "column": 38
            }
          },
          {
            "start": {
              "line": 114,
              "column": 41
            },
            "end": {
              "line": 114,
              "column": 47
            }
          }
        ],
        "line": 114
      },
      "5": {
        "loc": {
          "start": {
            "line": 117,
            "column": 31
          },
          "end": {
            "line": 117,
            "column": 68
          }
        },
        "type": "cond-expr",
        "locations": [
          {
            "start": {
              "line": 117,
              "column": 41
            },
            "end": {
              "line": 117,
              "column": 47
            }
          },
          {
            "start": {
              "line": 117,
              "column": 50
            },
            "end": {
              "line": 117,
              "column": 68
            }
          }
        ],
        "line": 117
      },
      "6": {
        "loc": {
          "start": {
            "line": 118,
            "column": 35
          },
          "end": {
            "line": 118,
            "column": 213
          }
        },
        "type": "cond-expr",
        "locations": [
          {
            "start": {
              "line": 118,
              "column": 59
            },
            "end": {
              "line": 118,
              "column": 120
            }
          },
          {
            "start": {
              "line": 118,
              "column": 123
            },
            "end": {
              "line": 118,
              "column": 213
            }
          }
        ],
        "line": 118
      },
      "7": {
        "loc": {
          "start": {
            "line": 118,
            "column": 123
          },
          "end": {
            "line": 118,
            "column": 213
          }
        },
        "type": "cond-expr",
        "locations": [
          {
            "start": {
              "line": 118,
              "column": 146
            },
            "end": {
              "line": 118,
              "column": 155
            }
          },
          {
            "start": {
              "line": 118,
              "column": 158
            },
            "end": {
              "line": 118,
              "column": 213
            }
          }
        ],
        "line": 118
      },
      "8": {
        "loc": {
          "start": {
            "line": 193,
            "column": 25
          },
          "end": {
            "line": 193,
            "column": 85
          }
        },
        "type": "cond-expr",
        "locations": [
          {
            "start": {
              "line": 193,
              "column": 37
            },
            "end": {
              "line": 193,
              "column": 58
            }
          },
          {
            "start": {
              "line": 193,
              "column": 61
            },
            "end": {
              "line": 193,
              "column": 85
            }
          }
        ],
        "line": 193
      },
      "9": {
        "loc": {
          "start": {
            "line": 194,
            "column": 35
          },
          "end": {
            "line": 194,
            "column": 109
          }
        },
        "type": "cond-expr",
        "locations": [
          {
            "start": {
              "line": 194,
              "column": 47
            },
            "end": {
              "line": 194,
              "column": 99
            }
          },
          {
            "start": {
              "line": 194,
              "column": 102
            },
            "end": {
              "line": 194,
              "column": 109
            }
          }
        ],
        "line": 194
      },
      "10": {
        "loc": {
          "start": {
            "line": 195,
            "column": 30
          },
          "end": {
            "line": 195,
            "column": 85
          }
        },
        "type": "cond-expr",
        "locations": [
          {
            "start": {
              "line": 195,
              "column": 42
            },
            "end": {
              "line": 195,
              "column": 63
            }
          },
          {
            "start": {
              "line": 195,
              "column": 66
            },
            "end": {
              "line": 195,
              "column": 85
            }
          }
        ],
        "line": 195
      },
      "11": {
        "loc": {
          "start": {
            "line": 201,
            "column": 44
          },
          "end": {
            "line": 201,
            "column": 53
          }
        },
        "type": "default-arg",
        "locations": [
          {
            "start": {
              "line": 201,
              "column": 52
            },
            "end": {
              "line": 201,
              "column": 53
            }
          }
        ],
        "line": 201
      },
      "12": {
        "loc": {
          "start": {
            "line": 218,
            "column": 16
          },
          "end": {
            "line": 218,
            "column": 25
          }
        },
        "type": "default-arg",
        "locations": [
          {
            "start": {
              "line": 218,
              "column": 24
            },
            "end": {
              "line": 218,
              "column": 25
            }
          }
        ],
        "line": 218
      },
      "13": {
        "loc": {
          "start": {
            "line": 262,
            "column": 19
          },
          "end": {
            "line": 262,
            "column": 36
          }
        },
        "type": "default-arg",
        "locations": [
          {
            "start": {
              "line": 262,
              "column": 27
            },
            "end": {
              "line": 262,
              "column": 36
            }
          }
        ],
        "line": 262
      },
      "14": {
        "loc": {
          "start": {
            "line": 271,
            "column": 33
          },
          "end": {
            "line": 271,
            "column": 76
          }
        },
        "type": "cond-expr",
        "locations": [
          {
            "start": {
              "line": 271,
              "column": 43
            },
            "end": {
              "line": 271,
              "column": 64
            }
          },
          {
            "start": {
              "line": 271,
              "column": 67
            },
            "end": {
              "line": 271,
              "column": 76
            }
          }
        ],
        "line": 271
      },
      "15": {
        "loc": {
          "start": {
            "line": 281,
            "column": 29
          },
          "end": {
            "line": 281,
            "column": 53
          }
        },
        "type": "cond-expr",
        "locations": [
          {
            "start": {
              "line": 281,
              "column": 39
            },
            "end": {
              "line": 281,
              "column": 45
            }
          },
          {
            "start": {
              "line": 281,
              "column": 48
            },
            "end": {
              "line": 281,
              "column": 53
            }
          }
        ],
        "line": 281
      },
      "16": {
        "loc": {
          "start": {
            "line": 315,
            "column": 28
          },
          "end": {
            "line": 315,
            "column": 71
          }
        },
        "type": "cond-expr",
        "locations": [
          {
            "start": {
              "line": 315,
              "column": 38
            },
            "end": {
              "line": 315,
              "column": 59
            }
          },
          {
            "start": {
              "line": 315,
              "column": 62
            },
            "end": {
              "line": 315,
              "column": 71
            }
          }
        ],
        "line": 315
      },
      "17": {
        "loc": {
          "start": {
            "line": 326,
            "column": 23
          },
          "end": {
            "line": 326,
            "column": 37
          }
        },
        "type": "default-arg",
        "locations": [
          {
            "start": {
              "line": 326,
              "column": 29
            },
            "end": {
              "line": 326,
              "column": 37
            }
          }
        ],
        "line": 326
      },
      "18": {
        "loc": {
          "start": {
            "line": 327,
            "column": 12
          },
          "end": {
            "line": 327,
            "column": 20
          }
        },
        "type": "default-arg",
        "locations": [
          {
            "start": {
              "line": 327,
              "column": 18
            },
            "end": {
              "line": 327,
              "column": 20
            }
          }
        ],
        "line": 327
      },
      "19": {
        "loc": {
          "start": {
            "line": 340,
            "column": 28
          },
          "end": {
            "line": 340,
            "column": 41
          }
        },
        "type": "cond-expr",
        "locations": [
          {
            "start": {
              "line": 340,
              "column": 36
            },
            "end": {
              "line": 340,
              "column": 37
            }
          },
          {
            "start": {
              "line": 340,
              "column": 40
            },
            "end": {
              "line": 340,
              "column": 41
            }
          }
        ],
        "line": 340
      },
      "20": {
        "loc": {
          "start": {
            "line": 341,
            "column": 35
          },
          "end": {
            "line": 341,
            "column": 58
          }
        },
        "type": "cond-expr",
        "locations": [
          {
            "start": {
              "line": 341,
              "column": 43
            },
            "end": {
              "line": 341,
              "column": 49
            }
          },
          {
            "start": {
              "line": 341,
              "column": 52
            },
            "end": {
              "line": 341,
              "column": 58
            }
          }
        ],
        "line": 341
      },
      "21": {
        "loc": {
          "start": {
            "line": 354,
            "column": 41
          },
          "end": {
            "line": 354,
            "column": 62
          }
        },
        "type": "cond-expr",
        "locations": [
          {
            "start": {
              "line": 354,
              "column": 49
            },
            "end": {
              "line": 354,
              "column": 53
            }
          },
          {
            "start": {
              "line": 354,
              "column": 56
            },
            "end": {
              "line": 354,
              "column": 62
            }
          }
        ],
        "line": 354
      },
      "22": {
        "loc": {
          "start": {
            "line": 382,
            "column": 58
          },
          "end": {
            "line": 382,
            "column": 78
          }
        },
        "type": "cond-expr",
        "locations": [
          {
            "start": {
              "line": 382,
              "column": 66
            },
            "end": {
              "line": 382,
              "column": 69
            }
          },
          {
            "start": {
              "line": 382,
              "column": 72
            },
            "end": {
              "line": 382,
              "column": 78
            }
          }
        ],
        "line": 382
      },
      "23": {
        "loc": {
          "start": {
            "line": 383,
            "column": 28
          },
          "end": {
            "line": 383,
            "column": 41
          }
        },
        "type": "cond-expr",
        "locations": [
          {
            "start": {
              "line": 383,
              "column": 36
            },
            "end": {
              "line": 383,
              "column": 37
            }
          },
          {
            "start": {
              "line": 383,
              "column": 40
            },
            "end": {
              "line": 383,
              "column": 41
            }
          }
        ],
        "line": 383
      },
      "24": {
        "loc": {
          "start": {
            "line": 410,
            "column": 14
          },
          "end": {
            "line": 410,
            "column": 23
          }
        },
        "type": "default-arg",
        "locations": [
          {
            "start": {
              "line": 410,
              "column": 21
            },
            "end": {
              "line": 410,
              "column": 23
            }
          }
        ],
        "line": 410
      },
      "25": {
        "loc": {
          "start": {
            "line": 411,
            "column": 15
          },
          "end": {
            "line": 411,
            "column": 24
          }
        },
        "type": "default-arg",
        "locations": [
          {
            "start": {
              "line": 411,
              "column": 22
            },
            "end": {
              "line": 411,
              "column": 24
            }
          }
        ],
        "line": 411
      }
    },
    "s": {
      "0": 358,
      "1": 358,
      "2": 358,
      "3": 358,
      "4": 358,
      "5": 358,
      "6": 358,
      "7": 358,
      "8": 358,
      "9": 358,
      "10": 358,
      "11": 358,
      "12": 358,
      "13": 358,
      "14": 6020,
      "15": 6020,
      "16": 6020,
      "17": 6020,
      "18": 6020,
      "19": 6020,
      "20": 358,
      "21": 358,
      "22": 358,
      "23": 358,
      "24": 358,
      "25": 358,
      "26": 358,
      "27": 358,
      "28": 358,
      "29": 1284,
      "30": 1284,
      "31": 1284,
      "32": 358,
      "33": 353,
      "34": 353,
      "35": 358,
      "36": 358,
      "37": 358,
      "38": 358,
      "39": 358,
      "40": 358,
      "41": 52,
      "42": 358,
      "43": 0,
      "44": 0,
      "45": 358,
      "46": 358,
      "47": 5721,
      "48": 358,
      "49": 358,
      "50": 1173,
      "51": 1173,
      "52": 358,
      "53": 358,
      "54": 358,
      "55": 602,
      "56": 602,
      "57": 358,
      "58": 602,
      "59": 358,
      "60": 358,
      "61": 358,
      "62": 358,
      "63": 632,
      "64": 632,
      "65": 358,
      "66": 358,
      "67": 245,
      "68": 245
    },
    "f": {
      "0": 6020,
      "1": 6020,
      "2": 6020,
      "3": 6020,
      "4": 6020,
      "5": 6020,
      "6": 1284,
      "7": 1284,
      "8": 1284,
      "9": 353,
      "10": 353,
      "11": 52,
      "12": 0,
      "13": 0,
      "14": 5721,
      "15": 1173,
      "16": 1173,
      "17": 602,
      "18": 602,
      "19": 602,
      "20": 632,
      "21": 632,
      "22": 245,
      "23": 245
    },
    "b": {
      "0": [220, 5800],
      "1": [55, 5745],
      "2": [220, 5800],
      "3": [220, 5800],
      "4": [3396, 2624],
      "5": [275, 5745],
      "6": [220, 5800],
      "7": [55, 5745],
      "8": [121, 1163],
      "9": [121, 1163],
      "10": [121, 1163],
      "11": [0],
      "12": [0],
      "13": [0],
      "14": [0, 0],
      "15": [0, 0],
      "16": [1313, 4408],
      "17": [0],
      "18": [255],
      "19": [32, 570],
      "20": [32, 570],
      "21": [32, 570],
      "22": [39, 593],
      "23": [39, 593],
      "24": [0],
      "25": [0]
    },
    "inputSourceMap": {
      "version": 3,
      "sources": ["G:/PROJECTS/orderlite/src/components/ui/ui-kit.ts"],
      "mappings": "AACA,OAAO,UAAU,WAAW;AAIrB,aAAM,SAAS,OAAO;AAAA;AAAA;AAAA;AAAA;AAAA;AAO7B,MAAM,YAAY;AAAA;AAAA;AAAA;AAKlB,MAAM,YAAY;AAAA;AAAA;AAAA;AAAA;AAQX,aAAM,KAAK,OAAO;AAAA;AAAA;AAAA;AAAA;AAAA;AAOlB,aAAM,KAAK,OAAO;AAAA;AAAA;AAAA;AAAA;AAMlB,aAAM,OAAO,OAAO;AAAA;AAAA;AAAA;AAAA;AAMpB,aAAM,QAAQ,OAAO;AAAA;AAAA;AAMrB,aAAM,QAAQ,OAAO;AAAA;AAAA;AAAA;AAAA;AAAA;AAAA;AAAA;AAAA;AAAA;AAAA;AAAA;AAAA;AAAA;AAAA,MActB,SAAS;AAAA;AAAA;AAIR,aAAM,WAAW,OAAO;AAAA;AAAA;AAAA;AAAA;AAAA;AAAA;AAAA;AAAA;AAAA;AAAA;AAAA,MAWzB,SAAS;AAAA;AAAA;AAIR,aAAM,QAAQ,OAAO;AAAA;AAAA;AAAA;AAAA;AAAA;AAAA;AAQrB,aAAM,SAAS,OAAO;AAAA;AAAA;AAAA;AAAA;AAMtB,aAAM,QAAQ,OAAO;AAAA;AAAA;AAM5B,MAAM,aAAa;AAAA,IACf,SAAS;AAAA;AAAA;AAAA;AAAA;AAAA;AAAA;AAAA;AAAA;AAAA;AAAA;AAAA;AAAA;AAAA;AAAA;AAAA;AAAA;AAAA;AAAA;AAAA;AAAA;AAAA;AAAA;AAAA;AAAA;AAAA;AA2BN,aAAM,SAAS,OAAO;AAAA,IACzB,UAAU;AAAA,gBACE,CAAC,EAAE,QAAQ,MACvB,YAAY,YACR,gBACA,YAAY,WACV,YACA,qBAAqB;AAAA,WACpB,CAAC,EAAE,QAAQ,MAAO,YAAY,YAAY,sBAAsB,MAAO;AAAA,kBAChE,CAAC,EAAE,QAAQ,MACzB,YAAY,YAAY,2BAA2B,aAAa;AAAA,WACzD,CAAC,EAAE,KAAK,MAAO,OAAO,SAAS,MAAO;AAAA;AAAA;AAAA,cAGnC,CAAC,EAAE,QAAQ,MAAO,UAAU,SAAS,kBAAmB;AAAA,kBACpD,CAAC,EAAE,QAAQ,MACvB,YAAY,YACR,gEACA,YAAY,WACV,YACA,uDAAuD;AAAA;AAAA;AAAA;AAAA,MAI7D,SAAS;AAAA;AAAA;AAKR,aAAM,WAAW,OAAO,MAAM;AAAA;AAAA;AAAA;AAAA;AAAA;AAAA;AAU9B,aAAM,SAAS,OAAO;AAAA;AAAA;AAAA;AAAA;AAAA;AAAA;AAAA;AAAA;AAAA;AAAA;AAAA;AAatB,aAAM,QAAQ,OAAO;AAAA;AAAA;AAAA;AAAA;AAAA;AAOrB,aAAM,aAAa,OAAO;AAAA,IAC7B,SAAS;AAAA;AAAA;AAAA;AAAA;AAAA;AAAA;AAAA;AAAA;AAAA;AAAA;AAAA;AAAA;AAAA,MAaP,SAAS;AAAA;AAAA;AAMR,aAAM,OAAO,OAAO;AAAA;AAAA;AAAA;AAAA;AAAA;AAOpB,aAAM,WAAW,OAAO;AAAA;AAAA;AAIxB,aAAM,UAAU,OAAO;AAAA;AAAA;AAAA;AAAA;AAAA;AASvB,aAAM,QAAQ,OAAO;AAAA;AAAA;AAAA;AAAA;AAMrB,aAAM,OAAO,OAAO;AAAA,IACvB,SAAS;AAAA;AAAA;AAAA;AAAA;AAAA,MAKP,CAAC,EAAE,UAAU,MAAO,YAAY,wBAAwB,wBAAyB;AAAA,gBACvE,CAAC,EAAE,UAAU,MACzB,YAAY,uDAAuD,OAAO;AAAA,WACnE,CAAC,EAAE,UAAU,MAAO,YAAY,wBAAwB,mBAAoB;AAAA;AAAA;AAAA,MAGjF,SAAS;AAAA;AAAA;AAMR,aAAM,WAAW,OAAO,IAAI,MAA0B,CAAC,EAAE,QAAQ,EAAE,OAAO;AAAA,EAC/E,MAAM;AAAA,EACN,iBAAiB;AAAA,EACjB,iBAAiB;AAAA,EACjB,iBAAiB,KAAK,IAAI,GAAG,KAAK,IAAI,KAAK,KAAK,CAAC;AACnD,EAAE;AAAA;AAAA;AAAA;AAAA;AAAA;AAAA;AAAA;AAAA;AAAA;AAAA;AAAA;AAAA,aAYW,CAAC,EAAE,QAAQ,EAAE,MAAM,GAAG,KAAK,IAAI,GAAG,KAAK,IAAI,KAAK,KAAK,CAAC,CAAC,GAAG;AAAA;AAAA;AAAA;AAAA;AAAA;AAShE,aAAM,UAAU,OAAO;AAAA,IAC1B,SAAS;AAAA;AAAA;AAAA;AAAA;AAAA;AAAA;AAAA;AAAA;AAAA;AAAA;AAAA;AAAA,MAYP,SAAS;AAAA;AAAA;AAIR,aAAM,WAAW,OAAO;AAAA;AAAA;AAAA;AAAA;AAAA;AAAA;AAQxB,aAAM,WAAW,OAAO;AAAA;AAAA;AAAA;AAIxB,aAAM,SAAS,OAAO;AAAA;AAAA;AAAA;AAItB,aAAM,WAAW,OAAO;AAAA;AAAA;AAKxB,aAAM,MAAM,OAAO;AAAA;AAAA;AAAA;AAAA,gBAIV,CAAC,EAAE,QAAQ,UAAU,MAAM,KAAK;AAAA;AAAA;AAMzC,aAAM,SAAS,OAAO;AAAA,IACzB,SAAS;AAAA;AAAA;AAAA;AAAA;AAAA,gBAKG,CAAC,EAAE,QAAQ,MAAO,UAAU,wBAAwB,SAAU;AAAA;AAAA;AAAA;AAAA;AAAA;AAAA;AAAA;AAAA;AAAA;AAAA,YAUlE,CAAC,EAAE,QAAQ,MAAO,UAAU,SAAS,KAAM;AAAA;AAAA;AAAA;AAAA;AAAA;AAAA;AAAA;AAAA;AAAA;AAAA,MAUjD,SAAS;AAAA;AAAA;AAMR,aAAM,SAAS,OAAO;AAAA;AAAA;AAAA;AAAA;AAAA;AAAA;AAAA;AAAA;AAAA;AAAA;AAAA;AAAA;AAAA;AAetB,aAAM,UAAU,OAAO;AAAA,IAC1B,SAAS;AAAA;AAAA;AAAA;AAAA;AAAA;AAAA,WAMF,CAAC,EAAE,QAAQ,MAAO,UAAU,wBAAwB,SAAU;AAAA;AAAA;AAIlE,aAAM,UAAU,OAAO;AAAA;AAAA;AAAA;AAAA;AAAA;AASvB,aAAM,QAAQ,OAAO;AAAA;AAAA,oBAER,CAAC,EAAE,MAAM,SAAS,MAAM,GAAG;AAAA,SACtC,CAAC,EAAE,MAAM,GAAG,MAAM,GAAG,GAAG,IAAI;AAAA;AAG9B,aAAM,SAAS,OAAO;AAAA;AAAA;AAItB,aAAM,aAAa,OAAO;AAAA;AAAA;AAM1B,aAAM,eAAe,OAAO;AAAA;AAAA;AAAA;AAAA;AAAA,aAKtB,CAAC,EAAE,MAAM,MAAO,QAAQ,IAAI,CAAE;AAAA,oBACvB,CAAC,EAAE,MAAM,MAAO,QAAQ,SAAS,MAAO;AAAA;AAAA;AAAA;AAKrD,aAAM,cAAc,OAAO;AAAA;AAAA;AAAA;AAAA;AAAA;AAAA;AAAA;AAAA;AAAA,0BASR,CAAC,EAAE,MAAM,MAAO,QAAQ,OAAO,MAAO;AAAA;AAAA;AAAA;AAAA;AAMzD,aAAM,cAAc,OAAO;AAAA;AAAA;AAAA;AAAA;AAAA;AAAA;AAQ3B,aAAM,cAAc,OAAO;AAAA;AAAA;AAAA;AAAA;AAAA;AAM3B,aAAM,aAAa,OAAO;AAAA;AAAA;AAAA;AAAA;AAAA;AAO1B,aAAM,WAAW,OAAO;AAAA;AAAA;AAAA;AAAA,2CAIY,CAAC,EAAE,MAAM,MAAO,QAAQ,MAAM,MAAO;AAAA,aACnE,CAAC,EAAE,MAAM,MAAO,QAAQ,IAAI,CAAE;AAAA;AAAA;AAAA;AAAA;AAAA;AAAA;AAAA;AAAA;AAAA;AAAA;AAAA;AAAA;AAepC,aAAM,SAAS,OAAO;AAAA;AAAA;AAAA;AAAA;AAAA;AAAA;AAAA;AAAA;AAAA;AAAA;AAAA;AAAA;AAetB,aAAM,aAAa,OAAO;AAAA,WACtB,CAAC,EAAE,OAAO,GAAG,MAAM,GAAG,IAAI,IAAI;AAAA,YAC7B,CAAC,EAAE,OAAO,GAAG,MAAM,GAAG,IAAI,IAAI;AAAA;AAAA;AAAA;AAAA;AAAA;AAAA;AAAA;AAW1C,SAAS,UAAU,gBAAgB;AACnC,SAAS,kBAAkB,mBAAmB;AAC9C,SAAS,eAAe,gBAAgB;AACxC,SAAS,YAAY,kBAAkB;AACvC,SAAS,iBAAiB,gBAAgB;AAC1C,SAAS,UAAU,gBAAgB;AACnC,SAAS,UAAU,gBAAgB;AACnC,SAAS,kBAAkB,gBAAgB;AAC3C,SAAS,UAAU,gBAAgB;AAEnC;AAAA,EACE;AAAA,EACA;AAAA,EACA;AAAA,EACA;AAAA,EACA;AAAA,EACA;AAAA,EACA;AAAA,EACA;AAAA,EACA;AAAA;",
      "names": []
    },
    "_coverageSchema": "1a1c01bbd47fc00a2c39e90264f33305004495a9",
    "hash": "80c54a9670a25ef8ecbcd21241710076671ba438"
  },
  "G:/PROJECTS/orderlite/src/components/Avatar.tsx": {
    "path": "G:/PROJECTS/orderlite/src/components/Avatar.tsx",
    "statementMap": {
      "0": {
        "start": {
          "line": 4,
          "column": 2
        },
        "end": {
          "line": 14,
          "column": 3
        }
      },
      "1": {
        "start": {
          "line": 5,
          "column": 4
        },
        "end": {
          "line": 13,
          "column": 13
        }
      },
      "2": {
        "start": {
          "line": 15,
          "column": 2
        },
        "end": {
          "line": 26,
          "column": 11
        }
      },
      "3": {
        "start": {
          "line": 28,
          "column": 0
        },
        "end": {
          "line": 28,
          "column": 12
        }
      },
      "4": {
        "start": {
          "line": 30,
          "column": 0
        },
        "end": {
          "line": 30,
          "column": 27
        }
      },
      "5": {
        "start": {
          "line": 32,
          "column": 20
        },
        "end": {
          "line": 32,
          "column": 97
        }
      },
      "6": {
        "start": {
          "line": 33,
          "column": 0
        },
        "end": {
          "line": 47,
          "column": 1
        }
      },
      "7": {
        "start": {
          "line": 34,
          "column": 2
        },
        "end": {
          "line": 38,
          "column": 3
        }
      },
      "8": {
        "start": {
          "line": 35,
          "column": 4
        },
        "end": {
          "line": 37,
          "column": 6
        }
      },
      "9": {
        "start": {
          "line": 39,
          "column": 2
        },
        "end": {
          "line": 46,
          "column": 5
        }
      },
      "10": {
        "start": {
          "line": 40,
          "column": 4
        },
        "end": {
          "line": 40,
          "column": 117
        }
      },
      "11": {
        "start": {
          "line": 41,
          "column": 4
        },
        "end": {
          "line": 45,
          "column": 7
        }
      },
      "12": {
        "start": {
          "line": 42,
          "column": 6
        },
        "end": {
          "line": 42,
          "column": 31
        }
      },
      "13": {
        "start": {
          "line": 42,
          "column": 24
        },
        "end": {
          "line": 42,
          "column": 31
        }
      },
      "14": {
        "start": {
          "line": 43,
          "column": 32
        },
        "end": {
          "line": 43,
          "column": 166
        }
      },
      "15": {
        "start": {
          "line": 44,
          "column": 6
        },
        "end": {
          "line": 44,
          "column": 75
        }
      },
      "16": {
        "start": {
          "line": 44,
          "column": 29
        },
        "end": {
          "line": 44,
          "column": 75
        }
      },
      "17": {
        "start": {
          "line": 49,
          "column": 2
        },
        "end": {
          "line": 49,
          "column": 96
        }
      },
      "18": {
        "start": {
          "line": 52,
          "column": 2
        },
        "end": {
          "line": 52,
          "column": 62
        }
      }
    },
    "fnMap": {
      "0": {
        "name": "Avatar",
        "decl": {
          "start": {
            "line": 3,
            "column": 16
          },
          "end": {
            "line": 3,
            "column": 22
          }
        },
        "loc": {
          "start": {
            "line": 3,
            "column": 69
          },
          "end": {
            "line": 27,
            "column": 1
          }
        },
        "line": 3
      },
      "1": {
        "name": "(anonymous_1)",
        "decl": {
          "start": {
            "line": 39,
            "column": 52
          },
          "end": {
            "line": 39,
            "column": 53
          }
        },
        "loc": {
          "start": {
            "line": 39,
            "column": 72
          },
          "end": {
            "line": 46,
            "column": 3
          }
        },
        "line": 39
      },
      "2": {
        "name": "(anonymous_2)",
        "decl": {
          "start": {
            "line": 41,
            "column": 27
          },
          "end": {
            "line": 41,
            "column": 28
          }
        },
        "loc": {
          "start": {
            "line": 41,
            "column": 44
          },
          "end": {
            "line": 45,
            "column": 5
          }
        },
        "line": 41
      },
      "3": {
        "name": "$RefreshReg$",
        "decl": {
          "start": {
            "line": 48,
            "column": 9
          },
          "end": {
            "line": 48,
            "column": 21
          }
        },
        "loc": {
          "start": {
            "line": 48,
            "column": 32
          },
          "end": {
            "line": 50,
            "column": 1
          }
        },
        "line": 48
      },
      "4": {
        "name": "$RefreshSig$",
        "decl": {
          "start": {
            "line": 51,
            "column": 9
          },
          "end": {
            "line": 51,
            "column": 21
          }
        },
        "loc": {
          "start": {
            "line": 51,
            "column": 24
          },
          "end": {
            "line": 53,
            "column": 1
          }
        },
        "line": 51
      }
    },
    "branchMap": {
      "0": {
        "loc": {
          "start": {
            "line": 3,
            "column": 30
          },
          "end": {
            "line": 3,
            "column": 44
          }
        },
        "type": "default-arg",
        "locations": [
          {
            "start": {
              "line": 3,
              "column": 36
            },
            "end": {
              "line": 3,
              "column": 44
            }
          }
        ],
        "line": 3
      },
      "1": {
        "loc": {
          "start": {
            "line": 3,
            "column": 46
          },
          "end": {
            "line": 3,
            "column": 55
          }
        },
        "type": "default-arg",
        "locations": [
          {
            "start": {
              "line": 3,
              "column": 53
            },
            "end": {
              "line": 3,
              "column": 55
            }
          }
        ],
        "line": 3
      },
      "2": {
        "loc": {
          "start": {
            "line": 4,
            "column": 2
          },
          "end": {
            "line": 14,
            "column": 3
          }
        },
        "type": "if",
        "locations": [
          {
            "start": {
              "line": 4,
              "column": 2
            },
            "end": {
              "line": 14,
              "column": 3
            }
          },
          {
            "start": {},
            "end": {}
          }
        ],
        "line": 4
      },
      "3": {
        "loc": {
          "start": {
            "line": 32,
            "column": 20
          },
          "end": {
            "line": 32,
            "column": 97
          }
        },
        "type": "binary-expr",
        "locations": [
          {
            "start": {
              "line": 32,
              "column": 20
            },
            "end": {
              "line": 32,
              "column": 60
            }
          },
          {
            "start": {
              "line": 32,
              "column": 64
            },
            "end": {
              "line": 32,
              "column": 97
            }
          }
        ],
        "line": 32
      },
      "4": {
        "loc": {
          "start": {
            "line": 33,
            "column": 0
          },
          "end": {
            "line": 47,
            "column": 1
          }
        },
        "type": "if",
        "locations": [
          {
            "start": {
              "line": 33,
              "column": 0
            },
            "end": {
              "line": 47,
              "column": 1
            }
          },
          {
            "start": {},
            "end": {}
          }
        ],
        "line": 33
      },
      "5": {
        "loc": {
          "start": {
            "line": 33,
            "column": 4
          },
          "end": {
            "line": 33,
            "column": 35
          }
        },
        "type": "binary-expr",
        "locations": [
          {
            "start": {
              "line": 33,
              "column": 4
            },
            "end": {
              "line": 33,
              "column": 19
            }
          },
          {
            "start": {
              "line": 33,
              "column": 23
            },
            "end": {
              "line": 33,
              "column": 35
            }
          }
        ],
        "line": 33
      },
      "6": {
        "loc": {
          "start": {
            "line": 34,
            "column": 2
          },
          "end": {
            "line": 38,
            "column": 3
          }
        },
        "type": "if",
        "locations": [
          {
            "start": {
              "line": 34,
              "column": 2
            },
            "end": {
              "line": 38,
              "column": 3
            }
          },
          {
            "start": {},
            "end": {}
          }
        ],
        "line": 34
      },
      "7": {
        "loc": {
          "start": {
            "line": 42,
            "column": 6
          },
          "end": {
            "line": 42,
            "column": 31
          }
        },
        "type": "if",
        "locations": [
          {
            "start": {
              "line": 42,
              "column": 6
            },
            "end": {
              "line": 42,
              "column": 31
            }
          },
          {
            "start": {},
            "end": {}
          }
        ],
        "line": 42
      },
      "8": {
        "loc": {
          "start": {
            "line": 44,
            "column": 6
          },
          "end": {
            "line": 44,
            "column": 75
          }
        },
        "type": "if",
        "locations": [
          {
            "start": {
              "line": 44,
              "column": 6
            },
            "end": {
              "line": 44,
              "column": 75
            }
          },
          {
            "start": {},
            "end": {}
          }
        ],
        "line": 44
      }
    },
    "s": {
      "0": 245,
      "1": 10,
      "2": 235,
      "3": 18,
      "4": 18,
      "5": 18,
      "6": 18,
      "7": 18,
      "8": 0,
      "9": 18,
      "10": 18,
      "11": 18,
      "12": 0,
      "13": 0,
      "14": 0,
      "15": 0,
      "16": 0,
      "17": 18,
      "18": 0
    },
    "f": {
      "0": 245,
      "1": 18,
      "2": 0,
      "3": 18,
      "4": 0
    },
    "b": {
      "0": [235],
      "1": [0],
      "2": [10, 235],
      "3": [18, 0],
      "4": [18, 0],
      "5": [18, 18],
      "6": [0, 18],
      "7": [0, 0],
      "8": [0, 0]
    },
    "inputSourceMap": {
      "version": 3,
      "sources": ["G:/PROJECTS/orderlite/src/components/Avatar.tsx"],
      "mappings": "AAcQ;AAdR,SAAS,kBAAkB;AAUpB,gBAAS,OAAO,EAAE,KAAK,MAAM,UAAU,OAAO,IAAI,SAAS,GAAgB;AAChF,MAAI,KAAK;AACP,WACE,uBAAC,cAAW,MACV,iCAAC,SAAI,KAAU,KAAU,OAAO,EAAE,OAAO,QAAQ,QAAQ,QAAQ,WAAW,QAAQ,KAApF;AAAA;AAAA;AAAA;AAAA,WAAuF,KADzF;AAAA;AAAA;AAAA;AAAA,WAEA;AAAA,EAEJ;AACA,SACE,uBAAC,cAAW,MACV;AAAA,2BAAC,UAAK,eAAW,MAAC,OAAO,EAAE,UAAU,OAAO,MAAM,YAAY,EAAE,GAAG,oBAAnE;AAAA;AAAA;AAAA;AAAA,WAEA;AAAA,IACC;AAAA,OAJH;AAAA;AAAA;AAAA;AAAA,SAKA;AAEJ;",
      "names": []
    },
    "_coverageSchema": "1a1c01bbd47fc00a2c39e90264f33305004495a9",
    "hash": "81105cb2bdc70353a3d165ccc1ce25c98f016638"
  },
  "G:/PROJECTS/orderlite/cypress/component/Avatar.cy.tsx": {
    "path": "G:/PROJECTS/orderlite/cypress/component/Avatar.cy.tsx",
    "statementMap": {
      "0": {
        "start": {
          "line": 3,
          "column": 0
        },
        "end": {
          "line": 33,
          "column": 3
        }
      },
      "1": {
        "start": {
          "line": 4,
          "column": 2
        },
        "end": {
          "line": 11,
          "column": 5
        }
      },
      "2": {
        "start": {
          "line": 5,
          "column": 4
        },
        "end": {
          "line": 9,
          "column": 14
        }
      },
      "3": {
        "start": {
          "line": 10,
          "column": 4
        },
        "end": {
          "line": 10,
          "column": 45
        }
      },
      "4": {
        "start": {
          "line": 12,
          "column": 2
        },
        "end": {
          "line": 32,
          "column": 5
        }
      },
      "5": {
        "start": {
          "line": 13,
          "column": 4
        },
        "end": {
          "line": 30,
          "column": 6
        }
      },
      "6": {
        "start": {
          "line": 31,
          "column": 4
        },
        "end": {
          "line": 31,
          "column": 58
        }
      }
    },
    "fnMap": {
      "0": {
        "name": "(anonymous_0)",
        "decl": {
          "start": {
            "line": 3,
            "column": 19
          },
          "end": {
            "line": 3,
            "column": 20
          }
        },
        "loc": {
          "start": {
            "line": 3,
            "column": 25
          },
          "end": {
            "line": 33,
            "column": 1
          }
        },
        "line": 3
      },
      "1": {
        "name": "(anonymous_1)",
        "decl": {
          "start": {
            "line": 4,
            "column": 56
          },
          "end": {
            "line": 4,
            "column": 57
          }
        },
        "loc": {
          "start": {
            "line": 4,
            "column": 62
          },
          "end": {
            "line": 11,
            "column": 3
          }
        },
        "line": 4
      },
      "2": {
        "name": "(anonymous_2)",
        "decl": {
          "start": {
            "line": 12,
            "column": 43
          },
          "end": {
            "line": 12,
            "column": 44
          }
        },
        "loc": {
          "start": {
            "line": 12,
            "column": 49
          },
          "end": {
            "line": 32,
            "column": 3
          }
        },
        "line": 12
      }
    },
    "branchMap": {},
    "s": {
      "0": 18,
      "1": 18,
      "2": 18,
      "3": 18,
      "4": 18,
      "5": 12,
      "6": 12
    },
    "f": {
      "0": 18,
      "1": 18,
      "2": 12
    },
    "b": {},
    "inputSourceMap": {
      "version": 3,
      "sources": ["G:/PROJECTS/orderlite/cypress/component/Avatar.cy.tsx"],
      "mappings": "AAIa;AAJb,SAAS,cAAc;AAEvB,SAAS,UAAU,MAAM;AACvB,KAAG,mDAAmD,MAAM;AAC1D,OAAG,MAAM,uBAAC,UAAO,MAAM,MAAd;AAAA;AAAA;AAAA;AAAA,WAAkB,CAAE;AAC7B,OAAG,SAAS,MAAM,EAAE,OAAO,YAAY;AAAA,EACzC,CAAC;AAED,KAAG,sCAAsC,MAAM;AAC7C,OAAG;AAAA,MACD;AAAA,QAAC;AAAA;AAAA,UACC,MAAM;AAAA,UACN,KAAI;AAAA,UACJ,KAAI;AAAA;AAAA,QAHN;AAAA;AAAA;AAAA;AAAA;AAAA;AAAA;AAAA;AAAA,MAIA;AAAA,IACF;AACA,OAAG,IAAI,wBAAwB,EAAE,OAAO,YAAY;AAAA,EACtD,CAAC;AACH,CAAC;",
      "names": []
    },
    "_coverageSchema": "1a1c01bbd47fc00a2c39e90264f33305004495a9",
    "hash": "b09ad6424fd671f9eef8abcf132441a19e193efe"
  },
  "G:/PROJECTS/orderlite/src/components/BottomTabs.tsx": {
    "path": "G:/PROJECTS/orderlite/src/components/BottomTabs.tsx",
    "statementMap": {
      "0": {
        "start": {
          "line": 5,
          "column": 14
        },
        "end": {
          "line": 5,
          "column": 27
        }
      },
      "1": {
        "start": {
          "line": 6,
          "column": 23
        },
        "end": {
          "line": 6,
          "column": 36
        }
      },
      "2": {
        "start": {
          "line": 7,
          "column": 13
        },
        "end": {
          "line": 7,
          "column": 75
        }
      },
      "3": {
        "start": {
          "line": 7,
          "column": 25
        },
        "end": {
          "line": 7,
          "column": 75
        }
      },
      "4": {
        "start": {
          "line": 8,
          "column": 2
        },
        "end": {
          "line": 61,
          "column": 11
        }
      },
      "5": {
        "start": {
          "line": 9,
          "column": 75
        },
        "end": {
          "line": 9,
          "column": 87
        }
      },
      "6": {
        "start": {
          "line": 25,
          "column": 77
        },
        "end": {
          "line": 25,
          "column": 91
        }
      },
      "7": {
        "start": {
          "line": 41,
          "column": 78
        },
        "end": {
          "line": 41,
          "column": 93
        }
      },
      "8": {
        "start": {
          "line": 2,
          "column": 9
        },
        "end": {
          "line": 2,
          "column": 23
        }
      },
      "9": {
        "start": {
          "line": 6,
          "column": 2
        },
        "end": {
          "line": 6,
          "column": 7
        }
      },
      "10": {
        "start": {
          "line": 7,
          "column": 14
        },
        "end": {
          "line": 7,
          "column": 27
        }
      },
      "11": {
        "start": {
          "line": 8,
          "column": 23
        },
        "end": {
          "line": 8,
          "column": 36
        }
      },
      "12": {
        "start": {
          "line": 9,
          "column": 13
        },
        "end": {
          "line": 9,
          "column": 75
        }
      },
      "13": {
        "start": {
          "line": 9,
          "column": 25
        },
        "end": {
          "line": 9,
          "column": 75
        }
      },
      "14": {
        "start": {
          "line": 10,
          "column": 2
        },
        "end": {
          "line": 63,
          "column": 11
        }
      },
      "15": {
        "start": {
          "line": 11,
          "column": 75
        },
        "end": {
          "line": 11,
          "column": 87
        }
      },
      "16": {
        "start": {
          "line": 27,
          "column": 77
        },
        "end": {
          "line": 27,
          "column": 91
        }
      },
      "17": {
        "start": {
          "line": 43,
          "column": 78
        },
        "end": {
          "line": 43,
          "column": 93
        }
      },
      "18": {
        "start": {
          "line": 65,
          "column": 0
        },
        "end": {
          "line": 67,
          "column": 3
        }
      },
      "19": {
        "start": {
          "line": 66,
          "column": 2
        },
        "end": {
          "line": 66,
          "column": 36
        }
      },
      "20": {
        "start": {
          "line": 68,
          "column": 0
        },
        "end": {
          "line": 68,
          "column": 16
        }
      },
      "21": {
        "start": {
          "line": 70,
          "column": 0
        },
        "end": {
          "line": 70,
          "column": 31
        }
      },
      "22": {
        "start": {
          "line": 72,
          "column": 20
        },
        "end": {
          "line": 72,
          "column": 97
        }
      },
      "23": {
        "start": {
          "line": 73,
          "column": 0
        },
        "end": {
          "line": 87,
          "column": 1
        }
      },
      "24": {
        "start": {
          "line": 74,
          "column": 2
        },
        "end": {
          "line": 78,
          "column": 3
        }
      },
      "25": {
        "start": {
          "line": 75,
          "column": 4
        },
        "end": {
          "line": 77,
          "column": 6
        }
      },
      "26": {
        "start": {
          "line": 79,
          "column": 2
        },
        "end": {
          "line": 86,
          "column": 5
        }
      },
      "27": {
        "start": {
          "line": 80,
          "column": 4
        },
        "end": {
          "line": 80,
          "column": 121
        }
      },
      "28": {
        "start": {
          "line": 81,
          "column": 4
        },
        "end": {
          "line": 85,
          "column": 7
        }
      },
      "29": {
        "start": {
          "line": 82,
          "column": 6
        },
        "end": {
          "line": 82,
          "column": 31
        }
      },
      "30": {
        "start": {
          "line": 82,
          "column": 24
        },
        "end": {
          "line": 82,
          "column": 31
        }
      },
      "31": {
        "start": {
          "line": 83,
          "column": 32
        },
        "end": {
          "line": 83,
          "column": 170
        }
      },
      "32": {
        "start": {
          "line": 84,
          "column": 6
        },
        "end": {
          "line": 84,
          "column": 75
        }
      },
      "33": {
        "start": {
          "line": 84,
          "column": 29
        },
        "end": {
          "line": 84,
          "column": 75
        }
      },
      "34": {
        "start": {
          "line": 89,
          "column": 2
        },
        "end": {
          "line": 89,
          "column": 100
        }
      },
      "35": {
        "start": {
          "line": 92,
          "column": 2
        },
        "end": {
          "line": 92,
          "column": 62
        }
      }
    },
    "fnMap": {
      "0": {
        "name": "BottomTabs",
        "decl": {
          "start": {
            "line": 4,
            "column": 24
          },
          "end": {
            "line": 4,
            "column": 34
          }
        },
        "loc": {
          "start": {
            "line": 4,
            "column": 37
          },
          "end": {
            "line": 62,
            "column": 1
          }
        },
        "line": 4
      },
      "1": {
        "name": "(anonymous_1)",
        "decl": {
          "start": {
            "line": 7,
            "column": 13
          },
          "end": {
            "line": 7,
            "column": 14
          }
        },
        "loc": {
          "start": {
            "line": 7,
            "column": 25
          },
          "end": {
            "line": 7,
            "column": 75
          }
        },
        "line": 7
      },
      "2": {
        "name": "(anonymous_2)",
        "decl": {
          "start": {
            "line": 9,
            "column": 69
          },
          "end": {
            "line": 9,
            "column": 70
          }
        },
        "loc": {
          "start": {
            "line": 9,
            "column": 75
          },
          "end": {
            "line": 9,
            "column": 87
          }
        },
        "line": 9
      },
      "3": {
        "name": "(anonymous_3)",
        "decl": {
          "start": {
            "line": 25,
            "column": 71
          },
          "end": {
            "line": 25,
            "column": 72
          }
        },
        "loc": {
          "start": {
            "line": 25,
            "column": 77
          },
          "end": {
            "line": 25,
            "column": 91
          }
        },
        "line": 25
      },
      "4": {
        "name": "(anonymous_4)",
        "decl": {
          "start": {
            "line": 41,
            "column": 72
          },
          "end": {
            "line": 41,
            "column": 73
          }
        },
        "loc": {
          "start": {
            "line": 41,
            "column": 78
          },
          "end": {
            "line": 41,
            "column": 93
          }
        },
        "line": 41
      },
      "5": {
        "name": "BottomTabs",
        "decl": {
          "start": {
            "line": 5,
            "column": 24
          },
          "end": {
            "line": 5,
            "column": 34
          }
        },
        "loc": {
          "start": {
            "line": 5,
            "column": 37
          },
          "end": {
            "line": 64,
            "column": 1
          }
        },
        "line": 5
      },
      "6": {
        "name": "(anonymous_1)",
        "decl": {
          "start": {
            "line": 9,
            "column": 13
          },
          "end": {
            "line": 9,
            "column": 14
          }
        },
        "loc": {
          "start": {
            "line": 9,
            "column": 25
          },
          "end": {
            "line": 9,
            "column": 75
          }
        },
        "line": 9
      },
      "7": {
        "name": "(anonymous_2)",
        "decl": {
          "start": {
            "line": 11,
            "column": 69
          },
          "end": {
            "line": 11,
            "column": 70
          }
        },
        "loc": {
          "start": {
            "line": 11,
            "column": 75
          },
          "end": {
            "line": 11,
            "column": 87
          }
        },
        "line": 11
      },
      "8": {
        "name": "(anonymous_3)",
        "decl": {
          "start": {
            "line": 27,
            "column": 71
          },
          "end": {
            "line": 27,
            "column": 72
          }
        },
        "loc": {
          "start": {
            "line": 27,
            "column": 77
          },
          "end": {
            "line": 27,
            "column": 91
          }
        },
        "line": 27
      },
      "9": {
        "name": "(anonymous_4)",
        "decl": {
          "start": {
            "line": 43,
            "column": 72
          },
          "end": {
            "line": 43,
            "column": 73
          }
        },
        "loc": {
          "start": {
            "line": 43,
            "column": 78
          },
          "end": {
            "line": 43,
            "column": 93
          }
        },
        "line": 43
      },
      "10": {
        "name": "(anonymous_5)",
        "decl": {
          "start": {
            "line": 65,
            "column": 54
          },
          "end": {
            "line": 65,
            "column": 55
          }
        },
        "loc": {
          "start": {
            "line": 65,
            "column": 65
          },
          "end": {
            "line": 67,
            "column": 1
          }
        },
        "line": 65
      },
      "11": {
        "name": "(anonymous_6)",
        "decl": {
          "start": {
            "line": 79,
            "column": 52
          },
          "end": {
            "line": 79,
            "column": 53
          }
        },
        "loc": {
          "start": {
            "line": 79,
            "column": 72
          },
          "end": {
            "line": 86,
            "column": 3
          }
        },
        "line": 79
      },
      "12": {
        "name": "(anonymous_7)",
        "decl": {
          "start": {
            "line": 81,
            "column": 27
          },
          "end": {
            "line": 81,
            "column": 28
          }
        },
        "loc": {
          "start": {
            "line": 81,
            "column": 44
          },
          "end": {
            "line": 85,
            "column": 5
          }
        },
        "line": 81
      },
      "13": {
        "name": "$RefreshReg$",
        "decl": {
          "start": {
            "line": 88,
            "column": 9
          },
          "end": {
            "line": 88,
            "column": 21
          }
        },
        "loc": {
          "start": {
            "line": 88,
            "column": 32
          },
          "end": {
            "line": 90,
            "column": 1
          }
        },
        "line": 88
      },
      "14": {
        "name": "$RefreshSig$",
        "decl": {
          "start": {
            "line": 91,
            "column": 9
          },
          "end": {
            "line": 91,
            "column": 21
          }
        },
        "loc": {
          "start": {
            "line": 91,
            "column": 24
          },
          "end": {
            "line": 93,
            "column": 1
          }
        },
        "line": 91
      }
    },
    "branchMap": {
      "0": {
        "loc": {
          "start": {
            "line": 7,
            "column": 25
          },
          "end": {
            "line": 7,
            "column": 75
          }
        },
        "type": "binary-expr",
        "locations": [
          {
            "start": {
              "line": 7,
              "column": 25
            },
            "end": {
              "line": 7,
              "column": 44
            }
          },
          {
            "start": {
              "line": 7,
              "column": 48
            },
            "end": {
              "line": 7,
              "column": 75
            }
          }
        ],
        "line": 7
      },
      "1": {
        "loc": {
          "start": {
            "line": 9,
            "column": 25
          },
          "end": {
            "line": 9,
            "column": 75
          }
        },
        "type": "binary-expr",
        "locations": [
          {
            "start": {
              "line": 9,
              "column": 25
            },
            "end": {
              "line": 9,
              "column": 44
            }
          },
          {
            "start": {
              "line": 9,
              "column": 48
            },
            "end": {
              "line": 9,
              "column": 75
            }
          }
        ],
        "line": 9
      },
      "2": {
        "loc": {
          "start": {
            "line": 72,
            "column": 20
          },
          "end": {
            "line": 72,
            "column": 97
          }
        },
        "type": "binary-expr",
        "locations": [
          {
            "start": {
              "line": 72,
              "column": 20
            },
            "end": {
              "line": 72,
              "column": 60
            }
          },
          {
            "start": {
              "line": 72,
              "column": 64
            },
            "end": {
              "line": 72,
              "column": 97
            }
          }
        ],
        "line": 72
      },
      "3": {
        "loc": {
          "start": {
            "line": 73,
            "column": 0
          },
          "end": {
            "line": 87,
            "column": 1
          }
        },
        "type": "if",
        "locations": [
          {
            "start": {
              "line": 73,
              "column": 0
            },
            "end": {
              "line": 87,
              "column": 1
            }
          },
          {
            "start": {},
            "end": {}
          }
        ],
        "line": 73
      },
      "4": {
        "loc": {
          "start": {
            "line": 73,
            "column": 4
          },
          "end": {
[...]
          "line": 119,
          "column": 6
        },
        "end": {
          "line": 119,
          "column": 75
        }
      },
      "17": {
        "start": {
          "line": 119,
          "column": 29
        },
        "end": {
          "line": 119,
          "column": 75
        }
      },
      "18": {
        "start": {
          "line": 124,
          "column": 2
        },
        "end": {
          "line": 124,
          "column": 82
        }
      },
      "19": {
        "start": {
          "line": 127,
          "column": 2
        },
        "end": {
          "line": 127,
          "column": 62
        }
      }
    },
    "fnMap": {
      "0": {
        "name": "App",
        "decl": {
          "start": {
            "line": 94,
            "column": 24
          },
          "end": {
            "line": 94,
            "column": 27
          }
        },
        "loc": {
          "start": {
            "line": 94,
            "column": 30
          },
          "end": {
            "line": 100,
            "column": 1
          }
        },
        "line": 94
      },
      "1": {
        "name": "App",
        "decl": {
          "start": {
            "line": 96,
            "column": 24
          },
          "end": {
            "line": 96,
            "column": 27
          }
        },
        "loc": {
          "start": {
            "line": 96,
            "column": 30
          },
          "end": {
            "line": 102,
            "column": 1
          }
        },
        "line": 96
      },
      "2": {
        "name": "(anonymous_1)",
        "decl": {
          "start": {
            "line": 114,
            "column": 52
          },
          "end": {
            "line": 114,
            "column": 53
          }
        },
        "loc": {
          "start": {
            "line": 114,
            "column": 72
          },
          "end": {
            "line": 121,
            "column": 3
          }
        },
        "line": 114
      },
      "3": {
        "name": "(anonymous_2)",
        "decl": {
          "start": {
            "line": 116,
            "column": 27
          },
          "end": {
            "line": 116,
            "column": 28
          }
        },
        "loc": {
          "start": {
            "line": 116,
            "column": 44
          },
          "end": {
            "line": 120,
            "column": 5
          }
        },
        "line": 116
      },
      "4": {
        "name": "$RefreshReg$",
        "decl": {
          "start": {
            "line": 123,
            "column": 9
          },
          "end": {
            "line": 123,
            "column": 21
          }
        },
        "loc": {
          "start": {
            "line": 123,
            "column": 32
          },
          "end": {
            "line": 125,
            "column": 1
          }
        },
        "line": 123
      },
      "5": {
        "name": "$RefreshSig$",
        "decl": {
          "start": {
            "line": 126,
            "column": 9
          },
          "end": {
            "line": 126,
            "column": 21
          }
        },
        "loc": {
          "start": {
            "line": 126,
            "column": 24
          },
          "end": {
            "line": 128,
            "column": 1
          }
        },
        "line": 126
      }
    },
    "branchMap": {
      "0": {
        "loc": {
          "start": {
            "line": 107,
            "column": 20
          },
          "end": {
            "line": 107,
            "column": 97
          }
        },
        "type": "binary-expr",
        "locations": [
          {
            "start": {
              "line": 107,
              "column": 20
            },
            "end": {
              "line": 107,
              "column": 60
            }
          },
          {
            "start": {
              "line": 107,
              "column": 64
            },
            "end": {
              "line": 107,
              "column": 97
            }
          }
        ],
        "line": 107
      },
      "1": {
        "loc": {
          "start": {
            "line": 108,
            "column": 0
          },
          "end": {
            "line": 122,
            "column": 1
          }
        },
        "type": "if",
        "locations": [
          {
            "start": {
              "line": 108,
              "column": 0
            },
            "end": {
              "line": 122,
              "column": 1
            }
          },
          {
            "start": {},
            "end": {}
          }
        ],
        "line": 108
      },
      "2": {
        "loc": {
          "start": {
            "line": 108,
            "column": 4
          },
          "end": {
            "line": 108,
            "column": 35
          }
        },
        "type": "binary-expr",
        "locations": [
          {
            "start": {
              "line": 108,
              "column": 4
            },
            "end": {
              "line": 108,
              "column": 19
            }
          },
          {
            "start": {
              "line": 108,
              "column": 23
            },
            "end": {
              "line": 108,
              "column": 35
            }
          }
        ],
        "line": 108
      },
      "3": {
        "loc": {
          "start": {
            "line": 109,
            "column": 2
          },
          "end": {
            "line": 113,
            "column": 3
          }
        },
        "type": "if",
        "locations": [
          {
            "start": {
              "line": 109,
              "column": 2
            },
            "end": {
              "line": 113,
              "column": 3
            }
          },
          {
            "start": {},
            "end": {}
          }
        ],
        "line": 109
      },
      "4": {
        "loc": {
          "start": {
            "line": 117,
            "column": 6
          },
          "end": {
            "line": 117,
            "column": 31
          }
        },
        "type": "if",
        "locations": [
          {
            "start": {
              "line": 117,
              "column": 6
            },
            "end": {
              "line": 117,
              "column": 31
            }
          },
          {
            "start": {},
            "end": {}
          }
        ],
        "line": 117
      },
      "5": {
        "loc": {
          "start": {
            "line": 119,
            "column": 6
          },
          "end": {
            "line": 119,
            "column": 75
          }
        },
        "type": "if",
        "locations": [
          {
            "start": {
              "line": 119,
              "column": 6
            },
            "end": {
              "line": 119,
              "column": 75
            }
          },
          {
            "start": {},
            "end": {}
          }
        ],
        "line": 119
      }
    },
    "s": {
      "0": 24,
      "1": 10,
      "2": 18,
      "3": 36,
      "4": 18,
      "5": 18,
      "6": 18,
      "7": 18,
      "8": 18,
      "9": 0,
      "10": 18,
      "11": 12,
      "12": 12,
      "13": 0,
      "14": 0,
      "15": 0,
      "16": 0,
      "17": 0,
      "18": 18,
      "19": 0
    },
    "f": {
      "0": 10,
      "1": 36,
      "2": 12,
      "3": 0,
      "4": 18,
      "5": 0
    },
    "b": {
      "0": [18, 0],
      "1": [18, 0],
      "2": [18, 18],
      "3": [0, 18],
      "4": [0, 0],
      "5": [0, 0]
    },
    "inputSourceMap": {
      "version": 3,
      "sources": ["G:/PROJECTS/orderlite/src/App.tsx"],
      "mappings": "AAiBa;AAjBb,SAAS,qBAAqB,UAAU,sBAAsB;AAC9D;AAAA,EACE;AAAA,EACA;AAAA,EACA;AAAA,EACA;AAAA,EACA;AAAA,EACA;AAAA,EACA;AAAA,EACA;AAAA,OACK;AACP,SAAS,sBAAsB;AAC/B,SAAS,sBAAsB;AAE/B,MAAM,SAAS,oBAAoB;AAAA,EACjC;AAAA,IACE,MAAM;AAAA,IACN,SAAS,uBAAC,iBAAD;AAAA;AAAA;AAAA;AAAA,WAAa;AAAA,EACxB;AAAA,EACA;AAAA,IACE,MAAM;AAAA,IACN,SAAS,uBAAC,oBAAD;AAAA;AAAA;AAAA;AAAA,WAAgB;AAAA,EAC3B;AAAA,EAEA;AAAA,IACE,MAAM;AAAA,IACN,SAAS,uBAAC,oBAAD;AAAA;AAAA;AAAA;AAAA,WAAgB;AAAA,IACzB,cAAc,uBAAC,oBAAD;AAAA;AAAA;AAAA;AAAA,WAAgB;AAAA,IAE9B,UAAU;AAAA,MACR;AAAA,QACE,OAAO;AAAA,QACP,SAAS,uBAAC,YAAS,IAAG,SAAQ,SAAO,QAA5B;AAAA;AAAA;AAAA;AAAA,eAA6B;AAAA,MACxC;AAAA,MAEA,EAAE,MAAM,QAAQ,SAAS,uBAAC,gBAAD;AAAA;AAAA;AAAA;AAAA,aAAY,EAAG;AAAA,MACxC,EAAE,MAAM,UAAU,SAAS,uBAAC,yBAAD;AAAA;AAAA;AAAA;AAAA,aAAqB,EAAG;AAAA,MACnD,EAAE,MAAM,iBAAiB,SAAS,uBAAC,wBAAD;AAAA;AAAA;AAAA;AAAA,aAAoB,EAAG;AAAA,MACzD,EAAE,MAAM,cAAc,SAAS,uBAAC,uBAAD;AAAA;AAAA;AAAA;AAAA,aAAmB,EAAG;AAAA,MACrD,EAAE,MAAM,YAAY,SAAS,uBAAC,oBAAD;AAAA;AAAA;AAAA;AAAA,aAAgB,EAAG;AAAA,MAChD,EAAE,MAAM,WAAW,SAAS,uBAAC,mBAAD;AAAA;AAAA;AAAA;AAAA,aAAe,EAAG;AAAA,IAChD;AAAA,EACF;AAAA,EAEA;AAAA,IACE,MAAM;AAAA,IACN,SAAS,uBAAC,oBAAD;AAAA;AAAA;AAAA;AAAA,WAAgB;AAAA,EAC3B;AACF,CAAC;AAED,wBAAwB,MAAM;AAC5B,SAAO,uBAAC,kBAAe,UAAhB;AAAA;AAAA;AAAA;AAAA,SAAgC;AACzC;",
      "names": []
    },
    "_coverageSchema": "1a1c01bbd47fc00a2c39e90264f33305004495a9",
    "hash": "ee3b8577ef949d58bc86ed72484544ad44ef4320"
  },
  "G:/PROJECTS/orderlite/cypress/component/App.cy.tsx": {
    "path": "G:/PROJECTS/orderlite/cypress/component/App.cy.tsx",
    "statementMap": {
      "0": {
        "start": {
          "line": 3,
          "column": 0
        },
        "end": {
          "line": 27,
          "column": 3
        }
      },
      "1": {
        "start": {
          "line": 4,
          "column": 2
        },
        "end": {
          "line": 12,
          "column": 5
        }
      },
      "2": {
        "start": {
          "line": 5,
          "column": 4
        },
        "end": {
          "line": 9,
          "column": 14
        }
      },
      "3": {
        "start": {
          "line": 10,
          "column": 4
        },
        "end": {
          "line": 10,
          "column": 23
        }
      },
      "4": {
        "start": {
          "line": 11,
          "column": 4
        },
        "end": {
          "line": 11,
          "column": 53
        }
      },
      "5": {
        "start": {
          "line": 13,
          "column": 2
        },
        "end": {
          "line": 26,
          "column": 5
        }
      },
      "6": {
        "start": {
          "line": 14,
          "column": 17
        },
        "end": {
          "line": 17,
          "column": 5
        }
      },
      "7": {
        "start": {
          "line": 18,
          "column": 4
        },
        "end": {
          "line": 18,
          "column": 72
        }
      },
      "8": {
        "start": {
          "line": 19,
          "column": 4
        },
        "end": {
          "line": 23,
          "column": 14
        }
      },
      "9": {
        "start": {
          "line": 24,
          "column": 4
        },
        "end": {
          "line": 24,
          "column": 18
        }
      },
      "10": {
        "start": {
          "line": 25,
          "column": 4
        },
        "end": {
          "line": 25,
          "column": 40
        }
      },
      "11": {
        "start": {
          "line": 3,
          "column": 0
        },
        "end": {
          "line": 39,
          "column": 3
        }
      },
      "12": {
        "start": {
          "line": 4,
          "column": 18
        },
        "end": {
          "line": 11,
          "column": 3
        }
      },
      "13": {
        "start": {
          "line": 5,
          "column": 4
        },
        "end": {
          "line": 9,
          "column": 5
        }
      },
      "14": {
        "start": {
          "line": 6,
          "column": 6
        },
        "end": {
          "line": 6,
          "column": 74
        }
      },
      "15": {
        "start": {
          "line": 8,
          "column": 6
        },
        "end": {
          "line": 8,
          "column": 55
        }
      },
      "16": {
        "start": {
          "line": 10,
          "column": 4
        },
        "end": {
          "line": 10,
          "column": 43
        }
      },
      "17": {
        "start": {
          "line": 12,
          "column": 2
        },
        "end": {
          "line": 20,
          "column": 5
        }
      },
      "18": {
        "start": {
          "line": 13,
          "column": 4
        },
        "end": {
          "line": 13,
          "column": 28
        }
      },
      "19": {
        "start": {
          "line": 14,
          "column": 4
        },
        "end": {
          "line": 18,
          "column": 14
        }
      },
      "20": {
        "start": {
          "line": 19,
          "column": 4
        },
        "end": {
          "line": 19,
          "column": 53
        }
      },
      "21": {
        "start": {
          "line": 21,
          "column": 2
        },
        "end": {
          "line": 38,
          "column": 5
        }
      },
      "22": {
        "start": {
          "line": 22,
          "column": 17
        },
        "end": {
          "line": 30,
          "column": 5
        }
      },
      "23": {
        "start": {
          "line": 31,
          "column": 4
        },
        "end": {
          "line": 31,
          "column": 23
        }
      },
      "24": {
        "start": {
          "line": 32,
          "column": 4
        },
        "end": {
          "line": 36,
          "column": 14
        }
      },
      "25": {
        "start": {
          "line": 37,
          "column": 4
        },
        "end": {
          "line": 37,
          "column": 51
        }
      }
    },
    "fnMap": {
      "0": {
        "name": "(anonymous_0)",
        "decl": {
          "start": {
            "line": 3,
            "column": 24
          },
          "end": {
            "line": 3,
            "column": 25
          }
        },
        "loc": {
          "start": {
            "line": 3,
            "column": 30
          },
          "end": {
            "line": 27,
            "column": 1
          }
        },
        "line": 3
      },
      "1": {
        "name": "(anonymous_1)",
        "decl": {
          "start": {
            "line": 4,
            "column": 30
          },
          "end": {
            "line": 4,
            "column": 31
          }
        },
        "loc": {
          "start": {
            "line": 4,
            "column": 36
          },
          "end": {
            "line": 12,
            "column": 3
          }
        },
        "line": 4
      },
      "2": {
        "name": "(anonymous_2)",
        "decl": {
          "start": {
            "line": 13,
            "column": 45
          },
          "end": {
            "line": 13,
            "column": 46
          }
        },
        "loc": {
          "start": {
            "line": 13,
            "column": 51
          },
          "end": {
            "line": 26,
            "column": 3
          }
        },
        "line": 13
      },
      "3": {
        "name": "(anonymous_0)",
        "decl": {
          "start": {
            "line": 3,
            "column": 24
          },
          "end": {
            "line": 3,
            "column": 25
          }
        },
        "loc": {
          "start": {
            "line": 3,
            "column": 30
          },
          "end": {
            "line": 39,
            "column": 1
          }
        },
        "line": 3
      },
      "4": {
        "name": "(anonymous_1)",
        "decl": {
          "start": {
            "line": 4,
            "column": 18
          },
          "end": {
            "line": 4,
            "column": 19
          }
        },
        "loc": {
          "start": {
            "line": 4,
            "column": 34
          },
          "end": {
            "line": 11,
            "column": 3
          }
        },
        "line": 4
      },
      "5": {
        "name": "(anonymous_2)",
        "decl": {
          "start": {
            "line": 12,
            "column": 30
          },
          "end": {
            "line": 12,
            "column": 31
          }
        },
        "loc": {
          "start": {
            "line": 12,
            "column": 36
          },
          "end": {
            "line": 20,
            "column": 3
          }
        },
        "line": 12
      },
      "6": {
        "name": "(anonymous_3)",
        "decl": {
          "start": {
            "line": 21,
            "column": 45
          },
          "end": {
            "line": 21,
            "column": 46
          }
        },
        "loc": {
          "start": {
            "line": 21,
            "column": 51
          },
          "end": {
            "line": 38,
            "column": 3
          }
        },
        "line": 21
      }
    },
    "branchMap": {
      "0": {
        "loc": {
          "start": {
            "line": 5,
            "column": 4
          },
          "end": {
            "line": 9,
            "column": 5
          }
        },
        "type": "if",
        "locations": [
          {
            "start": {
              "line": 5,
              "column": 4
            },
            "end": {
              "line": 9,
              "column": 5
            }
          },
          {
            "start": {
              "line": 7,
              "column": 11
            },
            "end": {
              "line": 9,
              "column": 5
            }
          }
        ],
        "line": 5
      }
    },
    "s": {
      "0": 6,
      "1": 6,
      "2": 6,
      "3": 8,
      "4": 6,
      "5": 6,
      "6": 5,
      "7": 5,
      "8": 5,
      "9": 4,
      "10": 4,
      "11": 3,
      "12": 6,
      "13": 8,
      "14": 5,
      "15": 6,
      "16": 8,
      "17": 6,
      "18": 6,
      "19": 6,
      "20": 5,
      "21": 3,
      "22": 2,
      "23": 2,
      "24": 2,
      "25": 2
    },
    "f": {
      "0": 6,
      "1": 6,
      "2": 5,
      "3": 3,
      "4": 8,
      "5": 6,
      "6": 2
    },
    "b": {
      "0": [2, 3]
    },
    "inputSourceMap": {
      "version": 3,
      "sources": ["G:/PROJECTS/orderlite/cypress/component/App.cy.tsx"],
      "mappings": "AAKa;AAJb,OAAO,SAAS;AAEhB,SAAS,eAAe,MAAM;AAC5B,KAAG,yBAAyB,MAAM;AAChC,OAAG,MAAM,uBAAC,SAAD;AAAA;AAAA;AAAA;AAAA,WAAK,CAAE;AAChB,OAAG,MAAM,QAAQ;AACjB,OAAG,SAAS,cAAc,EAAE,OAAO,YAAY;AAAA,EACjD,CAAC;AAED,KAAG,wCAAwC,MAAM;AAC/C,UAAM,OAAO;AAAA,MACX,aAAa;AAAA,MACb,MAAM,EAAE,IAAI,GAAG,MAAM,SAAS,OAAO,qBAAqB,MAAM,QAAiB;AAAA,IACnF;AACA,WAAO,aAAa,QAAQ,kBAAkB,KAAK,UAAU,IAAI,CAAC;AAElE,OAAG,MAAM,uBAAC,SAAD;AAAA;AAAA;AAAA;AAAA,WAAK,CAAE;AAChB,OAAG,MAAM,GAAG;AACZ,OAAG,IAAI,EAAE,OAAO,WAAW,OAAO;AAAA,EACpC,CAAC;AACH,CAAC;",
      "names": []
    },
    "_coverageSchema": "1a1c01bbd47fc00a2c39e90264f33305004495a9",
    "hash": "9f25254138fd36383b66fc7a8f51ed30527027cc"
  },
  "G:/PROJECTS/orderlite/src/main.tsx": {
    "path": "G:/PROJECTS/orderlite/src/main.tsx",
    "statementMap": {
      "0": {
        "start": {
          "line": 6,
          "column": 0
        },
        "end": {
          "line": 16,
          "column": 2
        }
      }
    },
    "fnMap": {},
    "branchMap": {},
    "s": {
      "0": 18
    },
    "f": {},
    "b": {},
    "inputSourceMap": {
      "version": 3,
      "mappings": "AAOI;AAPJ,SAASA,kBAAkB;AAC3B,SAASC,kBAAkB;AAC3B,OAAO;AACP,OAAOC,SAAS;AAEhBD,WAAWE,SAASC,eAAe,MAAM,CAAE,EAAEC;AAAAA,EAC3C,uBAAC,cACC,iCAAC,SAAD;AAAA;AAAA;AAAA;AAAA,SAAI,KADN;AAAA;AAAA;AAAA;AAAA,SAEA;AACF",
      "names": ["StrictMode", "createRoot", "App", "document", "getElementById", "render"],
      "ignoreList": [],
      "sources": ["G:/PROJECTS/orderlite/src/main.tsx"],
      "file": "G:/PROJECTS/orderlite/src/main.tsx"
    },
    "_coverageSchema": "1a1c01bbd47fc00a2c39e90264f33305004495a9",
    "hash": "152e3480d2100024b19cd5ba09b76dfda53c5718"
  }
}
