{"G:/PROJECTS/orderlite/cypress/component/App.cy.tsx": {"path":"G:/PROJECTS/orderlite/cypress/component/App.cy.tsx","statementMap":{"0":{"start":{"line":4,"column":0},"end":{"line":22,"column":null}},"1":{"start":{"line":5,"column":2},"end":{"line":9,"column":null}},"2":{"start":{"line":6,"column":4},"end":{"line":6,"column":null}},"3":{"start":{"line":7,"column":4},"end":{"line":7,"column":null}},"4":{"start":{"line":8,"column":4},"end":{"line":8,"column":null}},"5":{"start":{"line":11,"column":2},"end":{"line":21,"column":null}},"6":{"start":{"line":12,"column":17},"end":{"line":15,"column":null}},"7":{"start":{"line":16,"column":4},"end":{"line":16,"column":null}},"8":{"start":{"line":18,"column":4},"end":{"line":18,"column":null}},"9":{"start":{"line":19,"column":4},"end":{"line":19,"column":null}},"10":{"start":{"line":20,"column":4},"end":{"line":20,"column":null}},"11":{"start":{"line":5,"column":5},"end":{"line":8,"column":7}},"12":{"start":{"line":6,"column":4},"end":{"line":6,"column":14}},"13":{"start":{"line":6,"column":13},"end":{"line":6,"column":14}},"14":{"start":{"line":9,"column":2},"end":{"line":18,"column":14}},"15":{"start":{"line":11,"column":2},"end":{"line":11,"column":45}},"16":{"start":{"line":12,"column":4},"end":{"line":16,"column":24}},"17":{"start":{"line":18,"column":4},"end":{"line":18,"column":14}}},"fnMap":{"0":{"name":"(anonymous_0)","decl":{"start":{"line":4,"column":24},"end":{"line":4,"column":30}},"loc":{"start":{"line":4,"column":30},"end":{"line":22,"column":1}}},"1":{"name":"(anonymous_1)","decl":{"start":{"line":5,"column":30},"end":{"line":5,"column":36}},"loc":{"start":{"line":5,"column":36},"end":{"line":9,"column":3}}},"2":{"name":"(anonymous_2)","decl":{"start":{"line":11,"column":45},"end":{"line":11,"column":51}},"loc":{"start":{"line":11,"column":51},"end":{"line":21,"column":3}}},"3":{"name":"(anonymous_1)","decl":{"start":{"line":5,"column":5},"end":{"line":5,"column":30}},"loc":{"start":{"line":5,"column":30},"end":{"line":8,"column":7}}},"4":{"name":"(anonymous_2)","decl":{"start":{"line":9,"column":3},"end":{"line":9,"column":null}},"loc":{"start":{"line":9,"column":3},"end":{"line":18,"column":14}}}},"branchMap":{"0":{"loc":{"start":{"line":6,"column":4},"end":{"line":6,"column":14}},"type":"if","locations":[{"start":{"line":6,"column":4},"end":{"line":6,"column":14}},{"start":{"line":6,"column":13},"end":{"line":6,"column":14}}]}},"s":{"0":6,"1":6,"2":6,"3":16,"4":6,"5":6,"6":5,"7":5,"8":5,"9":4,"10":4,"11":6,"12":8,"13":11,"14":6,"15":6,"16":6,"17":5},"f":{"0":6,"1":6,"2":5,"3":8,"4":6},"b":{"0":[2,3]}}
,"G:/PROJECTS/orderlite/cypress/component/Avatar.cy.tsx": {"path":"G:/PROJECTS/orderlite/cypress/component/Avatar.cy.tsx","statementMap":{"0":{"start":{"line":3,"column":0},"end":{"line":19,"column":null}},"1":{"start":{"line":4,"column":2},"end":{"line":7,"column":null}},"2":{"start":{"line":5,"column":4},"end":{"line":5,"column":null}},"3":{"start":{"line":6,"column":4},"end":{"line":6,"column":null}},"4":{"start":{"line":9,"column":2},"end":{"line":18,"column":null}},"5":{"start":{"line":10,"column":4},"end":{"line":16,"column":null}},"6":{"start":{"line":17,"column":4},"end":{"line":17,"column":null}}},"fnMap":{"0":{"name":"(anonymous_0)","decl":{"start":{"line":3,"column":19},"end":{"line":3,"column":25}},"loc":{"start":{"line":3,"column":25},"end":{"line":19,"column":1}}},"1":{"name":"(anonymous_1)","decl":{"start":{"line":4,"column":56},"end":{"line":4,"column":62}},"loc":{"start":{"line":4,"column":62},"end":{"line":7,"column":3}}},"2":{"name":"(anonymous_2)","decl":{"start":{"line":9,"column":43},"end":{"line":9,"column":49}},"loc":{"start":{"line":9,"column":49},"end":{"line":18,"column":3}}}},"branchMap":{},"s":{"0":18,"1":18,"2":18,"3":18,"4":18,"5":12,"6":12},"f":{"0":18,"1":18,"2":12},"b":{}}
,"G:/PROJECTS/orderlite/cypress/component/BottomTabs.cy.tsx": {"path":"G:/PROJECTS/orderlite/cypress/component/BottomTabs.cy.tsx","statementMap":{"0":{"start":{"line":5,"column":19},"end":{"line":5,"column":null}},"1":{"start":{"line":6,"column":2},"end":{"line":10,"column":null}},"2":{"start":{"line":14,"column":0},"end":{"line":29,"column":null}},"3":{"start":{"line":15,"column":2},"end":{"line":28,"column":null}},"4":{"start":{"line":16,"column":4},"end":{"line":20,"column":null}},"5":{"start":{"line":22,"column":4},"end":{"line":22,"column":null}},"6":{"start":{"line":23,"column":4},"end":{"line":23,"column":null}},"7":{"start":{"line":24,"column":4},"end":{"line":24,"column":null}},"8":{"start":{"line":26,"column":4},"end":{"line":26,"column":null}},"9":{"start":{"line":27,"column":4},"end":{"line":27,"column":null}}},"fnMap":{"0":{"name":"Wrapper","decl":{"start":{"line":4,"column":9},"end":{"line":4,"column":19}},"loc":{"start":{"line":4,"column":19},"end":{"line":12,"column":null}}},"1":{"name":"(anonymous_1)","decl":{"start":{"line":14,"column":23},"end":{"line":14,"column":29}},"loc":{"start":{"line":14,"column":29},"end":{"line":29,"column":1}}},"2":{"name":"(anonymous_2)","decl":{"start":{"line":15,"column":60},"end":{"line":15,"column":66}},"loc":{"start":{"line":15,"column":66},"end":{"line":28,"column":3}}}},"branchMap":{},"s":{"0":30,"1":30,"2":10,"3":10,"4":10,"5":10,"6":10,"7":10,"8":10,"9":10},"f":{"0":30,"1":10,"2":10},"b":{}}
,"G:/PROJECTS/orderlite/cypress/component/CheckoutScreen.cy.tsx": {"path":"G:/PROJECTS/orderlite/cypress/component/CheckoutScreen.cy.tsx","statementMap":{"0":{"start":{"line":4,"column":16},"end":{"line":4,"column":null}},"1":{"start":{"line":5,"column":20},"end":{"line":5,"column":null}},"2":{"start":{"line":8,"column":19},"end":{"line":8,"column":null}},"3":{"start":{"line":9,"column":2},"end":{"line":16,"column":null}},"4":{"start":{"line":20,"column":0},"end":{"line":165,"column":null}},"5":{"start":{"line":21,"column":18},"end":{"line":31,"column":null}},"6":{"start":{"line":22,"column":4},"end":{"line":30,"column":null}},"7":{"start":{"line":23,"column":6},"end":{"line":29,"column":null}},"8":{"start":{"line":33,"column":2},"end":{"line":64,"column":null}},"9":{"start":{"line":34,"column":4},"end":{"line":37,"column":null}},"10":{"start":{"line":39,"column":4},"end":{"line":53,"column":null}},"11":{"start":{"line":55,"column":4},"end":{"line":55,"column":null}},"12":{"start":{"line":57,"column":4},"end":{"line":57,"column":null}},"13":{"start":{"line":58,"column":4},"end":{"line":58,"column":null}},"14":{"start":{"line":60,"column":4},"end":{"line":60,"column":null}},"15":{"start":{"line":61,"column":4},"end":{"line":61,"column":null}},"16":{"start":{"line":63,"column":4},"end":{"line":63,"column":null}},"17":{"start":{"line":66,"column":2},"end":{"line":99,"column":null}},"18":{"start":{"line":67,"column":4},"end":{"line":67,"column":null}},"19":{"start":{"line":69,"column":4},"end":{"line":72,"column":null}},"20":{"start":{"line":74,"column":4},"end":{"line":88,"column":null}},"21":{"start":{"line":90,"column":4},"end":{"line":90,"column":null}},"22":{"start":{"line":92,"column":4},"end":{"line":92,"column":null}},"23":{"start":{"line":93,"column":4},"end":{"line":93,"column":null}},"24":{"start":{"line":94,"column":4},"end":{"line":94,"column":null}},"25":{"start":{"line":96,"column":4},"end":{"line":96,"column":null}},"26":{"start":{"line":98,"column":4},"end":{"line":98,"column":null}},"27":{"start":{"line":101,"column":2},"end":{"line":164,"column":null}},"28":{"start":{"line":102,"column":4},"end":{"line":102,"column":null}},"29":{"start":{"line":104,"column":4},"end":{"line":107,"column":null}},"30":{"start":{"line":109,"column":4},"end":{"line":120,"column":null}},"31":{"start":{"line":110,"column":6},"end":{"line":119,"column":null}},"32":{"start":{"line":122,"column":4},"end":{"line":136,"column":null}},"33":{"start":{"line":138,"column":4},"end":{"line":138,"column":null}},"34":{"start":{"line":140,"column":4},"end":{"line":140,"column":null}},"35":{"start":{"line":141,"column":4},"end":{"line":141,"column":null}},"36":{"start":{"line":142,"column":4},"end":{"line":142,"column":null}},"37":{"start":{"line":144,"column":4},"end":{"line":144,"column":null}},"38":{"start":{"line":146,"column":4},"end":{"line":146,"column":null}},"39":{"start":{"line":147,"column":4},"end":{"line":147,"column":null}},"40":{"start":{"line":148,"column":4},"end":{"line":148,"column":null}},"41":{"start":{"line":149,"column":4},"end":{"line":149,"column":null}},"42":{"start":{"line":151,"column":4},"end":{"line":151,"column":null}},"43":{"start":{"line":153,"column":4},"end":{"line":160,"column":null}},"44":{"start":{"line":156,"column":8},"end":{"line":156,"column":null}},"45":{"start":{"line":157,"column":8},"end":{"line":157,"column":null}},"46":{"start":{"line":158,"column":8},"end":{"line":158,"column":null}},"47":{"start":{"line":159,"column":8},"end":{"line":159,"column":null}},"48":{"start":{"line":162,"column":4},"end":{"line":162,"column":null}},"49":{"start":{"line":163,"column":4},"end":{"line":163,"column":null}},"50":{"start":{"line":5,"column":6},"end":{"line":5,"column":null}},"51":{"start":{"line":7,"column":0},"end":{"line":11,"column":7}},"52":{"start":{"line":11,"column":6},"end":{"line":123,"column":7}},"53":{"start":{"line":11,"column":6},"end":{"line":13,"column":9}},"54":{"start":{"line":12,"column":6},"end":{"line":12,"column":null}},"55":{"start":{"line":13,"column":41},"end":{"line":23,"column":null}},"56":{"start":{"line":13,"column":41},"end":{"line":21,"column":8}},"57":{"start":{"line":22,"column":4},"end":{"line":22,"column":30}},"58":{"start":{"line":23,"column":6},"end":{"line":23,"column":null}},"59":{"start":{"line":24,"column":8},"end":{"line":57,"column":7}},"60":{"start":{"line":26,"column":10},"end":{"line":34,"column":null}},"61":{"start":{"line":35,"column":18},"end":{"line":36,"column":null}},"62":{"start":{"line":37,"column":4},"end":{"line":40,"column":7}},"63":{"start":{"line":53,"column":4},"end":{"line":53,"column":null}},"64":{"start":{"line":58,"column":4},"end":{"line":122,"column":null}},"65":{"start":{"line":60,"column":16},"end":{"line":70,"column":null}},"66":{"start":{"line":72,"column":4},"end":{"line":72,"column":null}},"67":{"start":{"line":74,"column":4},"end":{"line":81,"column":null}},"68":{"start":{"line":81,"column":22},"end":{"line":111,"column":null}},"69":{"start":{"line":112,"column":14},"end":{"line":113,"column":null}},"70":{"start":{"line":113,"column":14},"end":{"line":114,"column":null}},"71":{"start":{"line":114,"column":18},"end":{"line":115,"column":null}},"72":{"start":{"line":115,"column":26},"end":{"line":116,"column":null}},"73":{"start":{"line":116,"column":18},"end":{"line":117,"column":44}},"74":{"start":{"line":117,"column":44},"end":{"line":118,"column":null}},"75":{"start":{"line":118,"column":8},"end":{"line":119,"column":null}},"76":{"start":{"line":120,"column":4},"end":{"line":120,"column":null}},"77":{"start":{"line":122,"column":4},"end":{"line":122,"column":null}},"78":{"start":{"line":11,"column":6},"end":{"line":122,"column":null}},"79":{"start":{"line":58,"column":4},"end":{"line":122,"column":7}}},"fnMap":{"0":{"name":"RouterWrapperWithLocation","decl":{"start":{"line":7,"column":9},"end":{"line":7,"column":37}},"loc":{"start":{"line":7,"column":37},"end":{"line":18,"column":null}}},"1":{"name":"(anonymous_1)","decl":{"start":{"line":20,"column":27},"end":{"line":20,"column":33}},"loc":{"start":{"line":20,"column":33},"end":{"line":165,"column":1}}},"2":{"name":"(anonymous_2)","decl":{"start":{"line":21,"column":18},"end":{"line":21,"column":24}},"loc":{"start":{"line":21,"column":24},"end":{"line":31,"column":null}}},"3":{"name":"(anonymous_3)","decl":{"start":{"line":22,"column":21},"end":{"line":22,"column":22}},"loc":{"start":{"line":22,"column":30},"end":{"line":30,"column":5}}},"4":{"name":"(anonymous_4)","decl":{"start":{"line":33,"column":47},"end":{"line":33,"column":53}},"loc":{"start":{"line":33,"column":53},"end":{"line":64,"column":3}}},"5":{"name":"(anonymous_5)","decl":{"start":{"line":66,"column":58},"end":{"line":66,"column":64}},"loc":{"start":{"line":66,"column":64},"end":{"line":99,"column":3}}},"6":{"name":"(anonymous_6)","decl":{"start":{"line":101,"column":63},"end":{"line":101,"column":69}},"loc":{"start":{"line":101,"column":69},"end":{"line":164,"column":3}}},"7":{"name":"(anonymous_7)","decl":{"start":{"line":109,"column":46},"end":{"line":109,"column":47}},"loc":{"start":{"line":109,"column":55},"end":{"line":120,"column":5}}},"8":{"name":"(anonymous_8)","decl":{"start":{"line":155,"column":14},"end":{"line":155,"column":15}},"loc":{"start":{"line":155,"column":24},"end":{"line":160,"column":7}}},"9":{"name":"LocationDisplay","decl":{"start":{"line":4,"column":6},"end":{"line":4,"column":null}},"loc":{"start":{"line":4,"column":16},"end":{"line":11,"column":7}}},"10":{"name":"(anonymous_1)","decl":{"start":{"line":11,"column":6},"end":{"line":11,"column":7}},"loc":{"start":{"line":11,"column":6},"end":{"line":123,"column":7}}},"11":{"name":"(anonymous_2)","decl":{"start":{"line":11,"column":53},"end":{"line":11,"column":null}},"loc":{"start":{"line":11,"column":53},"end":{"line":13,"column":9}}},"12":{"name":"(anonymous_3)","decl":{"start":{"line":13,"column":41},"end":{"line":13,"column":42}},"loc":{"start":{"line":13,"column":41},"end":{"line":23,"column":null}}},"13":{"name":"(anonymous_4)","decl":{"start":{"line":25,"column":23},"end":{"line":25,"column":null}},"loc":{"start":{"line":25,"column":23},"end":{"line":57,"column":7}}},"14":{"name":"(anonymous_5)","decl":{"start":{"line":58,"column":56},"end":{"line":58,"column":null}},"loc":{"start":{"line":58,"column":56},"end":{"line":122,"column":null}}},"15":{"name":"(anonymous_5)","decl":{"start":{"line":58,"column":46},"end":{"line":58,"column":56}},"loc":{"start":{"line":58,"column":56},"end":{"line":122,"column":7}}}},"branchMap":{},"s":{"0":8,"1":8,"2":20,"3":4,"4":8,"5":24,"6":26,"7":26,"8":24,"9":24,"10":24,"11":40,"12":24,"13":24,"14":24,"15":16,"16":16,"17":24,"18":14,"19":22,"20":22,"21":14,"22":14,"23":14,"24":14,"25":14,"26":14,"27":8,"28":12,"29":12,"30":20,"31":18,"32":4,"33":4,"34":4,"35":4,"36":4,"37":4,"38":4,"39":4,"40":4,"41":4,"42":4,"43":4,"44":2,"45":2,"46":2,"47":2,"48":4,"49":4,"50":16,"51":16,"52":4,"53":20,"54":40,"55":16,"56":16,"57":26,"58":26,"59":24,"60":20,"61":20,"62":20,"63":20,"64":12,"65":16,"66":16,"67":14,"68":16,"69":10,"70":10,"71":10,"72":10,"73":10,"74":10,"75":12,"76":34,"77":18,"78":16,"79":24},"f":{"0":4,"1":8,"2":26,"3":26,"4":24,"5":14,"6":4,"7":10,"8":2,"9":16,"10":20,"11":40,"12":16,"13":20,"14":10,"15":10},"b":{}}
,"G:/PROJECTS/orderlite/cypress/component/LoginScreen.cy.tsx": {"path":"G:/PROJECTS/orderlite/cypress/component/LoginScreen.cy.tsx","statementMap":{"0":{"start":{"line":5,"column":0},"end":{"line":64,"column":null}},"1":{"start":{"line":6,"column":21},"end":{"line":12,"column":null}},"2":{"start":{"line":7,"column":4},"end":{"line":11,"column":null}},"3":{"start":{"line":14,"column":2},"end":{"line":23,"column":null}},"4":{"start":{"line":15,"column":4},"end":{"line":15,"column":null}},"5":{"start":{"line":17,"column":4},"end":{"line":17,"column":null}},"6":{"start":{"line":19,"column":4},"end":{"line":19,"column":null}},"7":{"start":{"line":20,"column":4},"end":{"line":20,"column":null}},"8":{"start":{"line":22,"column":4},"end":{"line":22,"column":null}},"9":{"start":{"line":25,"column":2},"end":{"line":31,"column":null}},"10":{"start":{"line":26,"column":4},"end":{"line":26,"column":null}},"11":{"start":{"line":28,"column":4},"end":{"line":28,"column":null}},"12":{"start":{"line":30,"column":4},"end":{"line":30,"column":null}},"13":{"start":{"line":33,"column":2},"end":{"line":63,"column":null}},"14":{"start":{"line":34,"column":4},"end":{"line":45,"column":null}},"15":{"start":{"line":47,"column":4},"end":{"line":47,"column":null}},"16":{"start":{"line":49,"column":4},"end":{"line":49,"column":null}},"17":{"start":{"line":50,"column":4},"end":{"line":50,"column":null}},"18":{"start":{"line":52,"column":4},"end":{"line":52,"column":null}},"19":{"start":{"line":53,"column":4},"end":{"line":53,"column":null}},"20":{"start":{"line":55,"column":4},"end":{"line":60,"column":null}},"21":{"start":{"line":58,"column":8},"end":{"line":58,"column":null}},"22":{"start":{"line":59,"column":8},"end":{"line":59,"column":null}},"23":{"start":{"line":62,"column":4},"end":{"line":62,"column":null}},"24":{"start":{"line":6,"column":8},"end":{"line":6,"column":null}},"25":{"start":{"line":7,"column":4},"end":{"line":9,"column":9}},"26":{"start":{"line":8,"column":6},"end":{"line":12,"column":null}},"27":{"start":{"line":17,"column":4},"end":{"line":20,"column":7}},"28":{"start":{"line":19,"column":4},"end":{"line":19,"column":50}},"29":{"start":{"line":22,"column":4},"end":{"line":53,"column":7}},"30":{"start":{"line":23,"column":3},"end":{"line":45,"column":7}},"31":{"start":{"line":50,"column":4},"end":{"line":50,"column":71}}},"fnMap":{"0":{"name":"(anonymous_0)","decl":{"start":{"line":5,"column":24},"end":{"line":5,"column":30}},"loc":{"start":{"line":5,"column":30},"end":{"line":64,"column":1}}},"1":{"name":"(anonymous_1)","decl":{"start":{"line":6,"column":21},"end":{"line":6,"column":27}},"loc":{"start":{"line":6,"column":27},"end":{"line":12,"column":null}}},"2":{"name":"(anonymous_2)","decl":{"start":{"line":14,"column":68},"end":{"line":14,"column":74}},"loc":{"start":{"line":14,"column":74},"end":{"line":23,"column":3}}},"3":{"name":"(anonymous_3)","decl":{"start":{"line":25,"column":66},"end":{"line":25,"column":72}},"loc":{"start":{"line":25,"column":72},"end":{"line":31,"column":3}}},"4":{"name":"(anonymous_4)","decl":{"start":{"line":33,"column":54},"end":{"line":33,"column":60}},"loc":{"start":{"line":33,"column":60},"end":{"line":63,"column":3}}},"5":{"name":"(anonymous_5)","decl":{"start":{"line":57,"column":14},"end":{"line":57,"column":15}},"loc":{"start":{"line":57,"column":24},"end":{"line":60,"column":7}}},"6":{"name":"LocationDisplay","decl":{"start":{"line":5,"column":9},"end":{"line":5,"column":24}},"loc":{"start":{"line":5,"column":24},"end":{"line":9,"column":9}}},"7":{"name":"MenuStub","decl":{"start":{"line":8,"column":6},"end":{"line":8,"column":7}},"loc":{"start":{"line":8,"column":6},"end":{"line":14,"column":5}}},"8":{"name":"(anonymous_3)","decl":{"start":{"line":17,"column":7},"end":{"line":17,"column":16}},"loc":{"start":{"line":17,"column":16},"end":{"line":20,"column":7}}},"9":{"name":"(anonymous_4)","decl":{"start":{"line":22,"column":60},"end":{"line":22,"column":null}},"loc":{"start":{"line":22,"column":60},"end":{"line":53,"column":7}}}},"branchMap":{},"s":{"0":8,"1":8,"2":18,"3":8,"4":24,"5":24,"6":24,"7":24,"8":24,"9":24,"10":22,"11":22,"12":22,"13":24,"14":20,"15":44,"16":20,"17":20,"18":20,"19":20,"20":20,"21":14,"22":14,"23":16,"24":24,"25":24,"26":16,"27":24,"28":44,"29":24,"30":24,"31":20},"f":{"0":8,"1":18,"2":8,"3":22,"4":20,"5":18,"6":16,"7":16,"8":44,"9":24},"b":{}}
,"G:/PROJECTS/orderlite/cypress/component/MenuScreen.cy.tsx": {"path":"G:/PROJECTS/orderlite/cypress/component/MenuScreen.cy.tsx","statementMap":{"0":{"start":{"line":4,"column":16},"end":{"line":4,"column":null}},"1":{"start":{"line":6,"column":0},"end":{"line":103,"column":null}},"2":{"start":{"line":7,"column":24},"end":{"line":35,"column":null}},"3":{"start":{"line":8,"column":4},"end":{"line":26,"column":null}},"4":{"start":{"line":28,"column":4},"end":{"line":32,"column":null}},"5":{"start":{"line":34,"column":4},"end":{"line":34,"column":null}},"6":{"start":{"line":37,"column":2},"end":{"line":43,"column":null}},"7":{"start":{"line":38,"column":4},"end":{"line":38,"column":null}},"8":{"start":{"line":40,"column":4},"end":{"line":40,"column":null}},"9":{"start":{"line":41,"column":4},"end":{"line":41,"column":null}},"10":{"start":{"line":42,"column":4},"end":{"line":42,"column":null}},"11":{"start":{"line":45,"column":2},"end":{"line":51,"column":null}},"12":{"start":{"line":46,"column":4},"end":{"line":46,"column":null}},"13":{"start":{"line":48,"column":4},"end":{"line":48,"column":null}},"14":{"start":{"line":49,"column":4},"end":{"line":49,"column":null}},"15":{"start":{"line":50,"column":4},"end":{"line":50,"column":null}},"16":{"start":{"line":53,"column":2},"end":{"line":59,"column":null}},"17":{"start":{"line":54,"column":4},"end":{"line":54,"column":null}},"18":{"start":{"line":56,"column":4},"end":{"line":56,"column":null}},"19":{"start":{"line":57,"column":4},"end":{"line":57,"column":null}},"20":{"start":{"line":58,"column":4},"end":{"line":58,"column":null}},"21":{"start":{"line":61,"column":2},"end":{"line":66,"column":null}},"22":{"start":{"line":62,"column":4},"end":{"line":62,"column":null}},"23":{"start":{"line":64,"column":4},"end":{"line":64,"column":null}},"24":{"start":{"line":65,"column":4},"end":{"line":65,"column":null}},"25":{"start":{"line":68,"column":2},"end":{"line":102,"column":null}},"26":{"start":{"line":69,"column":4},"end":{"line":80,"column":null}},"27":{"start":{"line":83,"column":6},"end":{"line":92,"column":null}},"28":{"start":{"line":96,"column":4},"end":{"line":96,"column":null}},"29":{"start":{"line":98,"column":4},"end":{"line":98,"column":null}},"30":{"start":{"line":99,"column":4},"end":{"line":99,"column":null}},"31":{"start":{"line":101,"column":4},"end":{"line":101,"column":null}},"32":{"start":{"line":6,"column":9},"end":{"line":6,"column":null}},"33":{"start":{"line":7,"column":2},"end":{"line":11,"column":null}},"34":{"start":{"line":12,"column":14},"end":{"line":103,"column":null}},"35":{"start":{"line":14,"column":10},"end":{"line":29,"column":7}},"36":{"start":{"line":34,"column":4},"end":{"line":40,"column":28}},"37":{"start":{"line":41,"column":4},"end":{"line":76,"column":null}},"38":{"start":{"line":78,"column":8},"end":{"line":86,"column":null}},"39":{"start":{"line":80,"column":4},"end":{"line":80,"column":24}},"40":{"start":{"line":82,"column":4},"end":{"line":82,"column":null}},"41":{"start":{"line":83,"column":6},"end":{"line":84,"column":9}},"42":{"start":{"line":84,"column":8},"end":{"line":84,"column":null}},"43":{"start":{"line":84,"column":9},"end":{"line":84,"column":null}},"44":{"start":{"line":84,"column":9},"end":{"line":85,"column":null}},"45":{"start":{"line":85,"column":26},"end":{"line":86,"column":null}},"46":{"start":{"line":87,"column":24},"end":{"line":91,"column":null}},"47":{"start":{"line":88,"column":12},"end":{"line":89,"column":null}},"48":{"start":{"line":89,"column":10},"end":{"line":91,"column":11}},"49":{"start":{"line":91,"column":10},"end":{"line":91,"column":11}},"50":{"start":{"line":91,"column":10},"end":{"line":91,"column":null}},"51":{"start":{"line":91,"column":22},"end":{"line":84,"column":9}},"52":{"start":{"line":84,"column":8},"end":{"line":84,"column":9}},"53":{"start":{"line":84,"column":8},"end":{"line":96,"column":14}},"54":{"start":{"line":84,"column":8},"end":{"line":92,"column":null}},"55":{"start":{"line":94,"column":4},"end":{"line":94,"column":null}},"56":{"start":{"line":96,"column":4},"end":{"line":96,"column":14}},"57":{"start":{"line":96,"column":13},"end":{"line":96,"column":14}},"58":{"start":{"line":96,"column":13},"end":{"line":102,"column":null}},"59":{"start":{"line":96,"column":13},"end":{"line":96,"column":null}},"60":{"start":{"line":98,"column":4},"end":{"line":98,"column":27}}},"fnMap":{"0":{"name":"(anonymous_0)","decl":{"start":{"line":6,"column":23},"end":{"line":6,"column":29}},"loc":{"start":{"line":6,"column":29},"end":{"line":103,"column":1}}},"1":{"name":"(anonymous_1)","decl":{"start":{"line":7,"column":24},"end":{"line":7,"column":30}},"loc":{"start":{"line":7,"column":30},"end":{"line":35,"column":null}}},"2":{"name":"(anonymous_2)","decl":{"start":{"line":37,"column":52},"end":{"line":37,"column":58}},"loc":{"start":{"line":37,"column":58},"end":{"line":43,"column":3}}},"3":{"name":"(anonymous_3)","decl":{"start":{"line":45,"column":32},"end":{"line":45,"column":38}},"loc":{"start":{"line":45,"column":38},"end":{"line":51,"column":3}}},"4":{"name":"(anonymous_4)","decl":{"start":{"line":53,"column":28},"end":{"line":53,"column":34}},"loc":{"start":{"line":53,"column":34},"end":{"line":59,"column":3}}},"5":{"name":"(anonymous_5)","decl":{"start":{"line":61,"column":54},"end":{"line":61,"column":60}},"loc":{"start":{"line":61,"column":60},"end":{"line":66,"column":3}}},"6":{"name":"(anonymous_6)","decl":{"start":{"line":68,"column":58},"end":{"line":68,"column":64}},"loc":{"start":{"line":68,"column":64},"end":{"line":102,"column":3}}},"7":{"name":"Wrapper","decl":{"start":{"line":82,"column":13},"end":{"line":82,"column":23}},"loc":{"start":{"line":82,"column":23},"end":{"line":94,"column":null}}},"8":{"name":"CheckoutStateSpy","decl":{"start":{"line":4,"column":6},"end":{"line":4,"column":null}},"loc":{"start":{"line":4,"column":16},"end":{"line":11,"column":null}}},"9":{"name":"(anonymous_1)","decl":{"start":{"line":13,"column":16},"end":{"line":13,"column":null}},"loc":{"start":{"line":13,"column":16},"end":{"line":103,"column":1}}},"10":{"name":"mountWithData","decl":{"start":{"line":32,"column":4},"end":{"line":32,"column":null}},"loc":{"start":{"line":32,"column":4},"end":{"line":77,"column":null}}},"11":{"name":"(anonymous_3)","decl":{"start":{"line":79,"column":6},"end":{"line":79,"column":null}},"loc":{"start":{"line":79,"column":6},"end":{"line":86,"column":null}}},"12":{"name":"(anonymous_4)","decl":{"start":{"line":88,"column":12},"end":{"line":88,"column":null}},"loc":{"start":{"line":88,"column":12},"end":{"line":91,"column":null}}},"13":{"name":"(anonymous_5)","decl":{"start":{"line":84,"column":8},"end":{"line":84,"column":9}},"loc":{"start":{"line":84,"column":8},"end":{"line":84,"column":9}}},"14":{"name":"(anonymous_7)","decl":{"start":{"line":96,"column":13},"end":{"line":96,"column":14}},"loc":{"start":{"line":96,"column":13},"end":{"line":102,"column":3}}}},"branchMap":{"0":{"loc":{"start":{"line":7,"column":30},"end":{"line":7,"column":null}},"type":"binary-expr","locations":[{"start":{"line":7,"column":30},"end":{"line":7,"column":null}},{"start":{"line":7,"column":30},"end":{"line":7,"column":null}}]},"1":{"loc":{"start":{"line":32,"column":4},"end":{"line":32,"column":null}},"type":"default-arg","locations":[{"start":{"line":32,"column":4},"end":{"line":32,"column":null}}]}},"s":{"0":12,"1":12,"2":12,"3":36,"4":60,"5":116,"6":36,"7":92,"8":36,"9":92,"10":92,"11":92,"12":90,"13":90,"14":90,"15":90,"16":92,"17":88,"18":88,"19":88,"20":88,"21":92,"22":86,"23":86,"24":86,"25":36,"26":28,"27":26,"28":28,"29":28,"30":12,"31":32,"32":20,"33":20,"34":36,"35":36,"36":92,"37":92,"38":36,"39":28,"40":36,"41":36,"42":26,"43":26,"44":26,"45":26,"46":26,"47":22,"48":22,"49":66,"50":22,"51":26,"52":90,"53":36,"54":24,"55":24,"56":16,"57":16,"58":36,"59":20,"60":12},"f":{"0":12,"1":36,"2":92,"3":90,"4":88,"5":86,"6":28,"7":26,"8":8,"9":36,"10":92,"11":28,"12":22,"13":34,"14":12},"b":{"0":[8,0],"1":[56]}}
,"G:/PROJECTS/orderlite/cypress/component/NotFoundScreen.cy.tsx": {"path":"G:/PROJECTS/orderlite/cypress/component/NotFoundScreen.cy.tsx","statementMap":{"0":{"start":{"line":5,"column":19},"end":{"line":5,"column":null}},"1":{"start":{"line":6,"column":2},"end":{"line":13,"column":null}},"2":{"start":{"line":17,"column":0},"end":{"line":52,"column":null}},"3":{"start":{"line":18,"column":2},"end":{"line":29,"column":null}},"4":{"start":{"line":19,"column":4},"end":{"line":23,"column":null}},"5":{"start":{"line":25,"column":4},"end":{"line":25,"column":null}},"6":{"start":{"line":26,"column":4},"end":{"line":26,"column":null}},"7":{"start":{"line":27,"column":4},"end":{"line":27,"column":null}},"8":{"start":{"line":28,"column":4},"end":{"line":28,"column":null}},"9":{"start":{"line":31,"column":2},"end":{"line":40,"column":null}},"10":{"start":{"line":32,"column":4},"end":{"line":36,"column":null}},"11":{"start":{"line":38,"column":4},"end":{"line":38,"column":null}},"12":{"start":{"line":39,"column":4},"end":{"line":39,"column":null}},"13":{"start":{"line":42,"column":2},"end":{"line":51,"column":null}},"14":{"start":{"line":43,"column":4},"end":{"line":47,"column":null}},"15":{"start":{"line":49,"column":4},"end":{"line":49,"column":null}},"16":{"start":{"line":50,"column":4},"end":{"line":50,"column":null}}},"fnMap":{"0":{"name":"Wrapper","decl":{"start":{"line":4,"column":9},"end":{"line":4,"column":19}},"loc":{"start":{"line":4,"column":19},"end":{"line":15,"column":null}}},"1":{"name":"(anonymous_1)","decl":{"start":{"line":17,"column":27},"end":{"line":17,"column":33}},"loc":{"start":{"line":17,"column":33},"end":{"line":52,"column":1}}},"2":{"name":"(anonymous_2)","decl":{"start":{"line":18,"column":40},"end":{"line":18,"column":46}},"loc":{"start":{"line":18,"column":46},"end":{"line":29,"column":3}}},"3":{"name":"(anonymous_3)","decl":{"start":{"line":31,"column":56},"end":{"line":31,"column":62}},"loc":{"start":{"line":31,"column":62},"end":{"line":40,"column":3}}},"4":{"name":"(anonymous_4)","decl":{"start":{"line":42,"column":54},"end":{"line":42,"column":60}},"loc":{"start":{"line":42,"column":60},"end":{"line":51,"column":3}}}},"branchMap":{},"s":{"0":50,"1":50,"2":24,"3":24,"4":24,"5":24,"6":24,"7":24,"8":24,"9":24,"10":18,"11":18,"12":18,"13":24,"14":12,"15":12,"16":12},"f":{"0":50,"1":24,"2":24,"3":18,"4":12},"b":{}}
,"G:/PROJECTS/orderlite/cypress/component/OrderStatusScreen.cy.tsx": {"path":"G:/PROJECTS/orderlite/cypress/component/OrderStatusScreen.cy.tsx","statementMap":{"0":{"start":{"line":5,"column":16},"end":{"line":5,"column":null}},"1":{"start":{"line":6,"column":20},"end":{"line":6,"column":null}},"2":{"start":{"line":8,"column":0},"end":{"line":118,"column":null}},"3":{"start":{"line":9,"column":18},"end":{"line":19,"column":null}},"4":{"start":{"line":10,"column":4},"end":{"line":18,"column":null}},"5":{"start":{"line":11,"column":6},"end":{"line":17,"column":null}},"6":{"start":{"line":21,"column":25},"end":{"line":29,"column":null}},"7":{"start":{"line":22,"column":4},"end":{"line":28,"column":null}},"8":{"start":{"line":31,"column":2},"end":{"line":53,"column":null}},"9":{"start":{"line":32,"column":4},"end":{"line":32,"column":null}},"10":{"start":{"line":34,"column":4},"end":{"line":43,"column":null}},"11":{"start":{"line":45,"column":4},"end":{"line":45,"column":null}},"12":{"start":{"line":47,"column":4},"end":{"line":47,"column":null}},"13":{"start":{"line":49,"column":4},"end":{"line":49,"column":null}},"14":{"start":{"line":50,"column":4},"end":{"line":50,"column":null}},"15":{"start":{"line":51,"column":4},"end":{"line":51,"column":null}},"16":{"start":{"line":52,"column":4},"end":{"line":52,"column":null}},"17":{"start":{"line":55,"column":2},"end":{"line":69,"column":null}},"18":{"start":{"line":56,"column":4},"end":{"line":56,"column":null}},"19":{"start":{"line":58,"column":4},"end":{"line":61,"column":null}},"20":{"start":{"line":63,"column":4},"end":{"line":63,"column":null}},"21":{"start":{"line":65,"column":4},"end":{"line":65,"column":null}},"22":{"start":{"line":67,"column":4},"end":{"line":67,"column":null}},"23":{"start":{"line":68,"column":4},"end":{"line":68,"column":null}},"24":{"start":{"line":71,"column":2},"end":{"line":117,"column":null}},"25":{"start":{"line":72,"column":4},"end":{"line":72,"column":null}},"26":{"start":{"line":74,"column":4},"end":{"line":83,"column":null}},"27":{"start":{"line":85,"column":4},"end":{"line":96,"column":null}},"28":{"start":{"line":86,"column":6},"end":{"line":95,"column":null}},"29":{"start":{"line":98,"column":4},"end":{"line":98,"column":null}},"30":{"start":{"line":100,"column":4},"end":{"line":100,"column":null}},"31":{"start":{"line":102,"column":4},"end":{"line":102,"column":null}},"32":{"start":{"line":103,"column":4},"end":{"line":103,"column":null}},"33":{"start":{"line":104,"column":4},"end":{"line":104,"column":null}},"34":{"start":{"line":106,"column":4},"end":{"line":106,"column":null}},"35":{"start":{"line":107,"column":4},"end":{"line":107,"column":null}},"36":{"start":{"line":109,"column":4},"end":{"line":113,"column":null}},"37":{"start":{"line":112,"column":8},"end":{"line":112,"column":null}},"38":{"start":{"line":115,"column":4},"end":{"line":115,"column":null}},"39":{"start":{"line":116,"column":4},"end":{"line":116,"column":null}}},"fnMap":{"0":{"name":"(anonymous_0)","decl":{"start":{"line":8,"column":30},"end":{"line":8,"column":36}},"loc":{"start":{"line":8,"column":36},"end":{"line":118,"column":1}}},"1":{"name":"(anonymous_1)","decl":{"start":{"line":9,"column":18},"end":{"line":9,"column":19}},"loc":{"start":{"line":9,"column":50},"end":{"line":19,"column":null}}},"2":{"name":"(anonymous_2)","decl":{"start":{"line":10,"column":21},"end":{"line":10,"column":22}},"loc":{"start":{"line":10,"column":30},"end":{"line":18,"column":5}}},"3":{"name":"(anonymous_3)","decl":{"start":{"line":21,"column":25},"end":{"line":21,"column":26}},"loc":{"start":{"line":21,"column":50},"end":{"line":29,"column":null}}},"4":{"name":"(anonymous_4)","decl":{"start":{"line":31,"column":52},"end":{"line":31,"column":58}},"loc":{"start":{"line":31,"column":58},"end":{"line":53,"column":3}}},"5":{"name":"(anonymous_5)","decl":{"start":{"line":55,"column":41},"end":{"line":55,"column":47}},"loc":{"start":{"line":55,"column":47},"end":{"line":69,"column":3}}},"6":{"name":"(anonymous_6)","decl":{"start":{"line":71,"column":54},"end":{"line":71,"column":60}},"loc":{"start":{"line":71,"column":60},"end":{"line":117,"column":3}}},"7":{"name":"(anonymous_7)","decl":{"start":{"line":85,"column":51},"end":{"line":85,"column":52}},"loc":{"start":{"line":85,"column":60},"end":{"line":96,"column":5}}},"8":{"name":"(anonymous_8)","decl":{"start":{"line":111,"column":14},"end":{"line":111,"column":15}},"loc":{"start":{"line":111,"column":24},"end":{"line":113,"column":7}}}},"branchMap":{},"s":{"0":24,"1":24,"2":24,"3":24,"4":54,"5":54,"6":24,"7":54,"8":24,"9":24,"10":24,"11":24,"12":24,"13":24,"14":24,"15":24,"16":24,"17":24,"18":18,"19":18,"20":18,"21":18,"22":18,"23":18,"24":24,"25":12,"26":12,"27":12,"28":10,"29":12,"30":12,"31":12,"32":12,"33":12,"34":12,"35":12,"36":12,"37":10,"38":12,"39":12},"f":{"0":24,"1":54,"2":54,"3":54,"4":24,"5":18,"6":12,"7":10,"8":10},"b":{}}
,"G:/PROJECTS/orderlite/cypress/component/OrdersActiveScreen.cy.tsx": {"path":"G:/PROJECTS/orderlite/cypress/component/OrdersActiveScreen.cy.tsx","statementMap":{"0":{"start":{"line":4,"column":16},"end":{"line":4,"column":null}},"1":{"start":{"line":5,"column":20},"end":{"line":5,"column":null}},"2":{"start":{"line":8,"column":19},"end":{"line":8,"column":null}},"3":{"start":{"line":9,"column":2},"end":{"line":16,"column":null}},"4":{"start":{"line":20,"column":0},"end":{"line":96,"column":null}},"5":{"start":{"line":21,"column":18},"end":{"line":31,"column":null}},"6":{"start":{"line":22,"column":4},"end":{"line":30,"column":null}},"7":{"start":{"line":23,"column":6},"end":{"line":29,"column":null}},"8":{"start":{"line":33,"column":2},"end":{"line":46,"column":null}},"9":{"start":{"line":34,"column":4},"end":{"line":34,"column":null}},"10":{"start":{"line":35,"column":4},"end":{"line":35,"column":null}},"11":{"start":{"line":37,"column":4},"end":{"line":41,"column":null}},"12":{"start":{"line":43,"column":4},"end":{"line":43,"column":null}},"13":{"start":{"line":45,"column":4},"end":{"line":45,"column":null}},"14":{"start":{"line":48,"column":2},"end":{"line":95,"column":null}},"15":{"start":{"line":49,"column":4},"end":{"line":49,"column":null}},"16":{"start":{"line":51,"column":4},"end":{"line":57,"column":null}},"17":{"start":{"line":59,"column":4},"end":{"line":77,"column":null}},"18":{"start":{"line":79,"column":4},"end":{"line":83,"column":null}},"19":{"start":{"line":85,"column":4},"end":{"line":85,"column":null}},"20":{"start":{"line":87,"column":4},"end":{"line":87,"column":null}},"21":{"start":{"line":88,"column":4},"end":{"line":88,"column":null}},"22":{"start":{"line":90,"column":4},"end":{"line":90,"column":null}},"23":{"start":{"line":91,"column":4},"end":{"line":91,"column":null}},"24":{"start":{"line":93,"column":4},"end":{"line":93,"column":null}},"25":{"start":{"line":94,"column":4},"end":{"line":94,"column":null}}},"fnMap":{"0":{"name":"Wrapper","decl":{"start":{"line":7,"column":9},"end":{"line":7,"column":19}},"loc":{"start":{"line":7,"column":19},"end":{"line":18,"column":null}}},"1":{"name":"(anonymous_1)","decl":{"start":{"line":20,"column":31},"end":{"line":20,"column":37}},"loc":{"start":{"line":20,"column":37},"end":{"line":96,"column":1}}},"2":{"name":"(anonymous_2)","decl":{"start":{"line":21,"column":18},"end":{"line":21,"column":19}},"loc":{"start":{"line":21,"column":50},"end":{"line":31,"column":null}}},"3":{"name":"(anonymous_3)","decl":{"start":{"line":22,"column":21},"end":{"line":22,"column":22}},"loc":{"start":{"line":22,"column":30},"end":{"line":30,"column":5}}},"4":{"name":"(anonymous_4)","decl":{"start":{"line":33,"column":41},"end":{"line":33,"column":47}},"loc":{"start":{"line":33,"column":47},"end":{"line":46,"column":3}}},"5":{"name":"(anonymous_5)","decl":{"start":{"line":48,"column":75},"end":{"line":48,"column":81}},"loc":{"start":{"line":48,"column":81},"end":{"line":95,"column":3}}}},"branchMap":{},"s":{"0":18,"1":18,"2":20,"3":20,"4":18,"5":18,"6":12,"7":12,"8":18,"9":18,"10":18,"11":18,"12":18,"13":18,"14":18,"15":12,"16":12,"17":12,"18":12,"19":12,"20":12,"21":12,"22":12,"23":12,"24":12,"25":12},"f":{"0":20,"1":18,"2":12,"3":12,"4":18,"5":12},"b":{}}
,"G:/PROJECTS/orderlite/cypress/component/OrdersBucketsScreen.cy.tsx": {"path":"G:/PROJECTS/orderlite/cypress/component/OrdersBucketsScreen.cy.tsx","statementMap":{"0":{"start":{"line":4,"column":16},"end":{"line":4,"column":null}},"1":{"start":{"line":5,"column":20},"end":{"line":5,"column":null}},"2":{"start":{"line":8,"column":19},"end":{"line":8,"column":null}},"3":{"start":{"line":9,"column":2},"end":{"line":17,"column":null}},"4":{"start":{"line":21,"column":0},"end":{"line":150,"column":null}},"5":{"start":{"line":22,"column":18},"end":{"line":32,"column":null}},"6":{"start":{"line":23,"column":4},"end":{"line":31,"column":null}},"7":{"start":{"line":24,"column":6},"end":{"line":30,"column":null}},"8":{"start":{"line":34,"column":2},"end":{"line":45,"column":null}},"9":{"start":{"line":35,"column":4},"end":{"line":35,"column":null}},"10":{"start":{"line":37,"column":4},"end":{"line":41,"column":null}},"11":{"start":{"line":43,"column":4},"end":{"line":43,"column":null}},"12":{"start":{"line":44,"column":4},"end":{"line":44,"column":null}},"13":{"start":{"line":47,"column":2},"end":{"line":128,"column":null}},"14":{"start":{"line":48,"column":4},"end":{"line":48,"column":null}},"15":{"start":{"line":50,"column":4},"end":{"line":82,"column":null}},"16":{"start":{"line":84,"column":4},"end":{"line":88,"column":null}},"17":{"start":{"line":90,"column":4},"end":{"line":90,"column":null}},"18":{"start":{"line":92,"column":4},"end":{"line":97,"column":null}},"19":{"start":{"line":95,"column":8},"end":{"line":95,"column":null}},"20":{"start":{"line":96,"column":8},"end":{"line":96,"column":null}},"21":{"start":{"line":99,"column":4},"end":{"line":104,"column":null}},"22":{"start":{"line":102,"column":8},"end":{"line":102,"column":null}},"23":{"start":{"line":103,"column":8},"end":{"line":103,"column":null}},"24":{"start":{"line":106,"column":4},"end":{"line":111,"column":null}},"25":{"start":{"line":109,"column":8},"end":{"line":109,"column":null}},"26":{"start":{"line":110,"column":8},"end":{"line":110,"column":null}},"27":{"start":{"line":113,"column":4},"end":{"line":118,"column":null}},"28":{"start":{"line":116,"column":8},"end":{"line":116,"column":null}},"29":{"start":{"line":117,"column":8},"end":{"line":117,"column":null}},"30":{"start":{"line":120,"column":4},"end":{"line":125,"column":null}},"31":{"start":{"line":124,"column":8},"end":{"line":124,"column":null}},"32":{"start":{"line":127,"column":4},"end":{"line":127,"column":null}},"33":{"start":{"line":130,"column":2},"end":{"line":149,"column":null}},"34":{"start":{"line":131,"column":4},"end":{"line":131,"column":null}},"35":{"start":{"line":133,"column":4},"end":{"line":137,"column":null}},"36":{"start":{"line":139,"column":4},"end":{"line":143,"column":null}},"37":{"start":{"line":145,"column":4},"end":{"line":145,"column":null}},"38":{"start":{"line":146,"column":4},"end":{"line":146,"column":null}},"39":{"start":{"line":147,"column":4},"end":{"line":147,"column":null}},"40":{"start":{"line":148,"column":4},"end":{"line":148,"column":null}},"41":{"start":{"line":5,"column":6},"end":{"line":5,"column":null}},"42":{"start":{"line":7,"column":0},"end":{"line":11,"column":7}},"43":{"start":{"line":11,"column":6},"end":{"line":10,"column":null}},"44":{"start":{"line":10,"column":4},"end":{"line":117,"column":11}},"45":{"start":{"line":19,"column":0},"end":{"line":22,"column":8}},"46":{"start":{"line":21,"column":0},"end":{"line":21,"column":32}},"47":{"start":{"line":23,"column":4},"end":{"line":37,"column":7}},"48":{"start":{"line":24,"column":10},"end":{"line":26,"column":null}},"49":{"start":{"line":27,"column":23},"end":{"line":28,"column":76}},"50":{"start":{"line":28,"column":76},"end":{"line":32,"column":null}},"51":{"start":{"line":34,"column":2},"end":{"line":34,"column":41}},"52":{"start":{"line":35,"column":4},"end":{"line":35,"column":79}},"53":{"start":{"line":37,"column":7},"end":{"line":84,"column":null}},"54":{"start":{"line":39,"column":8},"end":{"line":39,"column":9}},"55":{"start":{"line":38,"column":6},"end":{"line":38,"column":7}},"56":{"start":{"line":38,"column":6},"end":{"line":69,"column":null}},"57":{"start":{"line":70,"column":18},"end":{"line":74,"column":null}},"58":{"start":{"line":74,"column":8},"end":{"line":75,"column":null}},"59":{"start":{"line":75,"column":14},"end":{"line":76,"column":null}},"60":{"start":{"line":76,"column":18},"end":{"line":77,"column":null}},"61":{"start":{"line":77,"column":18},"end":{"line":78,"column":null}},"62":{"start":{"line":78,"column":18},"end":{"line":79,"column":44}},"63":{"start":{"line":79,"column":44},"end":{"line":80,"column":null}},"64":{"start":{"line":80,"column":8},"end":{"line":81,"column":null}},"65":{"start":{"line":82,"column":4},"end":{"line":82,"column":null}},"66":{"start":{"line":84,"column":4},"end":{"line":84,"column":null}},"67":{"start":{"line":86,"column":8},"end":{"line":116,"column":11}},"68":{"start":{"line":86,"column":8},"end":{"line":85,"column":7}},"69":{"start":{"line":85,"column":6},"end":{"line":85,"column":7}},"70":{"start":{"line":85,"column":6},"end":{"line":93,"column":14}},"71":{"start":{"line":95,"column":8},"end":{"line":95,"column":31}},"72":{"start":{"line":97,"column":6},"end":{"line":97,"column":null}},"73":{"start":{"line":99,"column":4},"end":{"line":101,"column":null}},"74":{"start":{"line":102,"column":8},"end":{"line":102,"column":20}},"75":{"start":{"line":103,"column":8},"end":{"line":109,"column":29}},"76":{"start":{"line":110,"column":8},"end":{"line":110,"column":30}},"77":{"start":{"line":111,"column":6},"end":{"line":111,"column":null}},"78":{"start":{"line":113,"column":4},"end":{"line":115,"column":null}},"79":{"start":{"line":10,"column":4},"end":{"line":116,"column":11}},"80":{"start":{"line":86,"column":8},"end":{"line":113,"column":7}},"81":{"start":{"line":102,"column":8},"end":{"line":106,"column":null}},"82":{"start":{"line":109,"column":8},"end":{"line":109,"column":31}}},"fnMap":{"0":{"name":"Wrapper","decl":{"start":{"line":7,"column":9},"end":{"line":7,"column":19}},"loc":{"start":{"line":7,"column":19},"end":{"line":19,"column":null}}},"1":{"name":"(anonymous_1)","decl":{"start":{"line":21,"column":32},"end":{"line":21,"column":38}},"loc":{"start":{"line":21,"column":38},"end":{"line":150,"column":1}}},"2":{"name":"(anonymous_2)","decl":{"start":{"line":22,"column":18},"end":{"line":22,"column":19}},"loc":{"start":{"line":22,"column":50},"end":{"line":32,"column":null}}},"3":{"name":"(anonymous_3)","decl":{"start":{"line":23,"column":21},"end":{"line":23,"column":22}},"loc":{"start":{"line":23,"column":30},"end":{"line":31,"column":5}}},"4":{"name":"(anonymous_4)","decl":{"start":{"line":34,"column":41},"end":{"line":34,"column":47}},"loc":{"start":{"line":34,"column":47},"end":{"line":45,"column":3}}},"5":{"name":"(anonymous_5)","decl":{"start":{"line":47,"column":77},"end":{"line":47,"column":83}},"loc":{"start":{"line":47,"column":83},"end":{"line":128,"column":3}}},"6":{"name":"(anonymous_6)","decl":{"start":{"line":94,"column":14},"end":{"line":94,"column":20}},"loc":{"start":{"line":94,"column":20},"end":{"line":97,"column":7}}},"7":{"name":"(anonymous_7)","decl":{"start":{"line":101,"column":14},"end":{"line":101,"column":20}},"loc":{"start":{"line":101,"column":20},"end":{"line":104,"column":7}}},"8":{"name":"(anonymous_8)","decl":{"start":{"line":108,"column":14},"end":{"line":108,"column":20}},"loc":{"start":{"line":108,"column":20},"end":{"line":111,"column":7}}},"9":{"name":"(anonymous_9)","decl":{"start":{"line":115,"column":14},"end":{"line":115,"column":20}},"loc":{"start":{"line":115,"column":20},"end":{"line":118,"column":7}}},"10":{"name":"(anonymous_10)","decl":{"start":{"line":123,"column":14},"end":{"line":123,"column":20}},"loc":{"start":{"line":123,"column":20},"end":{"line":125,"column":7}}},"11":{"name":"(anonymous_11)","decl":{"start":{"line":130,"column":39},"end":{"line":130,"column":45}},"loc":{"start":{"line":130,"column":45},"end":{"line":149,"column":3}}},"12":{"name":"LocationDisplay","decl":{"start":{"line":4,"column":6},"end":{"line":4,"column":null}},"loc":{"start":{"line":4,"column":16},"end":{"line":11,"column":7}}},"13":{"name":"mountWithAuthAndRoute","decl":{"start":{"line":11,"column":6},"end":{"line":11,"column":7}},"loc":{"start":{"line":11,"column":6},"end":{"line":10,"column":null}}},"14":{"name":"(anonymous_2)","decl":{"start":{"line":17,"column":4},"end":{"line":17,"column":null}},"loc":{"start":{"line":17,"column":4},"end":{"line":117,"column":11}}},"15":{"name":"(anonymous_3)","decl":{"start":{"line":19,"column":0},"end":{"line":19,"column":null}},"loc":{"start":{"line":19,"column":0},"end":{"line":22,"column":8}}},"16":{"name":"(anonymous_4)","decl":{"start":{"line":23,"column":30},"end":{"line":23,"column":null}},"loc":{"start":{"line":23,"column":30},"end":{"line":37,"column":7}}},"17":{"name":"(anonymous_5)","decl":{"start":{"line":39,"column":8},"end":{"line":39,"column":9}},"loc":{"start":{"line":39,"column":8},"end":{"line":84,"column":null}}},"18":{"name":"(anonymous_6)","decl":{"start":{"line":86,"column":8},"end":{"line":86,"column":9}},"loc":{"start":{"line":86,"column":8},"end":{"line":116,"column":11}}}},"branchMap":{},"s":{"0":8,"1":8,"2":57,"3":5,"4":8,"5":24,"6":26,"7":26,"8":24,"9":24,"10":24,"11":20,"12":20,"13":8,"14":18,"15":22,"16":22,"17":14,"18":22,"19":19,"20":25,"21":22,"22":10,"23":6,"24":22,"25":16,"26":16,"27":6,"28":4,"29":0,"30":6,"31":0,"32":6,"33":8,"34":4,"35":4,"36":4,"37":4,"38":4,"39":4,"40":4,"41":52,"42":52,"43":47,"44":4,"45":16,"46":44,"47":24,"48":26,"49":26,"50":24,"51":24,"52":24,"53":24,"54":20,"55":20,"56":20,"57":18,"58":18,"59":18,"60":18,"61":18,"62":18,"63":18,"64":18,"65":20,"66":18,"67":12,"68":14,"69":14,"70":16,"71":14,"72":16,"73":14,"74":14,"75":20,"76":12,"77":32,"78":18,"79":16,"80":24,"81":18,"82":16},"f":{"0":5,"1":8,"2":26,"3":26,"4":24,"5":6,"6":11,"7":8,"8":8,"9":0,"10":0,"11":4,"12":52,"13":47,"14":20,"15":36,"16":24,"17":20,"18":22},"b":{}}
,"G:/PROJECTS/orderlite/cypress/component/ProfileScreen.cy.tsx": {"path":"G:/PROJECTS/orderlite/cypress/component/ProfileScreen.cy.tsx","statementMap":{"0":{"start":{"line":4,"column":16},"end":{"line":4,"column":null}},"1":{"start":{"line":5,"column":20},"end":{"line":5,"column":null}},"2":{"start":{"line":8,"column":19},"end":{"line":8,"column":null}},"3":{"start":{"line":9,"column":2},"end":{"line":17,"column":null}},"4":{"start":{"line":21,"column":0},"end":{"line":144,"column":null}},"5":{"start":{"line":22,"column":18},"end":{"line":32,"column":null}},"6":{"start":{"line":23,"column":4},"end":{"line":31,"column":null}},"7":{"start":{"line":24,"column":6},"end":{"line":30,"column":null}},"8":{"start":{"line":34,"column":2},"end":{"line":53,"column":null}},"9":{"start":{"line":35,"column":4},"end":{"line":35,"column":null}},"10":{"start":{"line":35,"column":30},"end":{"line":35,"column":70}},"11":{"start":{"line":37,"column":4},"end":{"line":40,"column":null}},"12":{"start":{"line":42,"column":4},"end":{"line":46,"column":null}},"13":{"start":{"line":48,"column":4},"end":{"line":48,"column":null}},"14":{"start":{"line":50,"column":4},"end":{"line":50,"column":null}},"15":{"start":{"line":51,"column":4},"end":{"line":51,"column":null}},"16":{"start":{"line":52,"column":4},"end":{"line":52,"column":null}},"17":{"start":{"line":55,"column":2},"end":{"line":91,"column":null}},"18":{"start":{"line":56,"column":4},"end":{"line":56,"column":null}},"19":{"start":{"line":58,"column":4},"end":{"line":76,"column":null}},"20":{"start":{"line":78,"column":4},"end":{"line":82,"column":null}},"21":{"start":{"line":84,"column":4},"end":{"line":84,"column":null}},"22":{"start":{"line":86,"column":4},"end":{"line":86,"column":null}},"23":{"start":{"line":87,"column":4},"end":{"line":87,"column":null}},"24":{"start":{"line":89,"column":4},"end":{"line":89,"column":null}},"25":{"start":{"line":90,"column":4},"end":{"line":90,"column":null}},"26":{"start":{"line":93,"column":2},"end":{"line":119,"column":null}},"27":{"start":{"line":94,"column":4},"end":{"line":94,"column":null}},"28":{"start":{"line":96,"column":4},"end":{"line":107,"column":null}},"29":{"start":{"line":109,"column":4},"end":{"line":113,"column":null}},"30":{"start":{"line":115,"column":4},"end":{"line":115,"column":null}},"31":{"start":{"line":117,"column":4},"end":{"line":117,"column":null}},"32":{"start":{"line":118,"column":4},"end":{"line":118,"column":null}},"33":{"start":{"line":121,"column":2},"end":{"line":143,"column":null}},"34":{"start":{"line":122,"column":4},"end":{"line":122,"column":null}},"35":{"start":{"line":124,"column":4},"end":{"line":127,"column":null}},"36":{"start":{"line":129,"column":4},"end":{"line":133,"column":null}},"37":{"start":{"line":135,"column":4},"end":{"line":135,"column":null}},"38":{"start":{"line":137,"column":4},"end":{"line":137,"column":null}},"39":{"start":{"line":138,"column":4},"end":{"line":138,"column":null}},"40":{"start":{"line":140,"column":4},"end":{"line":142,"column":null}},"41":{"start":{"line":141,"column":6},"end":{"line":141,"column":null}}},"fnMap":{"0":{"name":"Wrapper","decl":{"start":{"line":7,"column":9},"end":{"line":7,"column":19}},"loc":{"start":{"line":7,"column":19},"end":{"line":19,"column":null}}},"1":{"name":"(anonymous_1)","decl":{"start":{"line":21,"column":26},"end":{"line":21,"column":32}},"loc":{"start":{"line":21,"column":32},"end":{"line":144,"column":1}}},"2":{"name":"(anonymous_2)","decl":{"start":{"line":22,"column":18},"end":{"line":22,"column":19}},"loc":{"start":{"line":22,"column":50},"end":{"line":32,"column":null}}},"3":{"name":"(anonymous_3)","decl":{"start":{"line":23,"column":21},"end":{"line":23,"column":22}},"loc":{"start":{"line":23,"column":30},"end":{"line":31,"column":5}}},"4":{"name":"(anonymous_4)","decl":{"start":{"line":34,"column":65},"end":{"line":34,"column":71}},"loc":{"start":{"line":34,"column":71},"end":{"line":53,"column":3}}},"5":{"name":"(anonymous_5)","decl":{"start":{"line":35,"column":21},"end":{"line":35,"column":22}},"loc":{"start":{"line":35,"column":30},"end":{"line":35,"column":70}}},"6":{"name":"(anonymous_6)","decl":{"start":{"line":55,"column":60},"end":{"line":55,"column":66}},"loc":{"start":{"line":55,"column":66},"end":{"line":91,"column":3}}},"7":{"name":"(anonymous_7)","decl":{"start":{"line":93,"column":62},"end":{"line":93,"column":68}},"loc":{"start":{"line":93,"column":68},"end":{"line":119,"column":3}}},"8":{"name":"(anonymous_8)","decl":{"start":{"line":121,"column":41},"end":{"line":121,"column":47}},"loc":{"start":{"line":121,"column":47},"end":{"line":143,"column":3}}},"9":{"name":"(anonymous_9)","decl":{"start":{"line":140,"column":21},"end":{"line":140,"column":22}},"loc":{"start":{"line":140,"column":30},"end":{"line":142,"column":5}}}},"branchMap":{},"s":{"0":30,"1":30,"2":95,"3":95,"4":30,"5":30,"6":54,"7":54,"8":30,"9":30,"10":30,"11":30,"12":30,"13":30,"14":30,"15":30,"16":30,"17":30,"18":24,"19":24,"20":24,"21":24,"22":24,"23":24,"24":24,"25":24,"26":30,"27":18,"28":18,"29":18,"30":18,"31":18,"32":18,"33":30,"34":12,"35":12,"36":12,"37":12,"38":12,"39":12,"40":12,"41":10},"f":{"0":95,"1":30,"2":54,"3":54,"4":30,"5":30,"6":24,"7":18,"8":12,"9":10},"b":{}}
,"G:/PROJECTS/orderlite/cypress/component/ProtectedRoute.cy.tsx": {"path":"G:/PROJECTS/orderlite/cypress/component/ProtectedRoute.cy.tsx","statementMap":{"0":{"start":{"line":4,"column":20},"end":{"line":4,"column":null}},"1":{"start":{"line":7,"column":19},"end":{"line":7,"column":null}},"2":{"start":{"line":8,"column":2},"end":{"line":18,"column":null}},"3":{"start":{"line":22,"column":0},"end":{"line":73,"column":null}},"4":{"start":{"line":23,"column":18},"end":{"line":33,"column":null}},"5":{"start":{"line":24,"column":4},"end":{"line":32,"column":null}},"6":{"start":{"line":25,"column":6},"end":{"line":31,"column":null}},"7":{"start":{"line":35,"column":2},"end":{"line":46,"column":null}},"8":{"start":{"line":36,"column":4},"end":{"line":36,"column":null}},"9":{"start":{"line":36,"column":30},"end":{"line":36,"column":70}},"10":{"start":{"line":38,"column":4},"end":{"line":42,"column":null}},"11":{"start":{"line":44,"column":4},"end":{"line":44,"column":null}},"12":{"start":{"line":45,"column":4},"end":{"line":45,"column":null}},"13":{"start":{"line":48,"column":2},"end":{"line":59,"column":null}},"14":{"start":{"line":49,"column":4},"end":{"line":49,"column":null}},"15":{"start":{"line":51,"column":4},"end":{"line":55,"column":null}},"16":{"start":{"line":57,"column":4},"end":{"line":57,"column":null}},"17":{"start":{"line":58,"column":4},"end":{"line":58,"column":null}},"18":{"start":{"line":61,"column":2},"end":{"line":72,"column":null}},"19":{"start":{"line":62,"column":4},"end":{"line":62,"column":null}},"20":{"start":{"line":64,"column":4},"end":{"line":68,"column":null}},"21":{"start":{"line":70,"column":4},"end":{"line":70,"column":null}},"22":{"start":{"line":71,"column":4},"end":{"line":71,"column":null}}},"fnMap":{"0":{"name":"Wrapper","decl":{"start":{"line":6,"column":9},"end":{"line":6,"column":19}},"loc":{"start":{"line":6,"column":19},"end":{"line":20,"column":null}}},"1":{"name":"(anonymous_1)","decl":{"start":{"line":22,"column":27},"end":{"line":22,"column":33}},"loc":{"start":{"line":22,"column":33},"end":{"line":73,"column":1}}},"2":{"name":"(anonymous_2)","decl":{"start":{"line":23,"column":18},"end":{"line":23,"column":24}},"loc":{"start":{"line":23,"column":24},"end":{"line":33,"column":null}}},"3":{"name":"(anonymous_3)","decl":{"start":{"line":24,"column":21},"end":{"line":24,"column":22}},"loc":{"start":{"line":24,"column":30},"end":{"line":32,"column":5}}},"4":{"name":"(anonymous_4)","decl":{"start":{"line":35,"column":51},"end":{"line":35,"column":57}},"loc":{"start":{"line":35,"column":57},"end":{"line":46,"column":3}}},"5":{"name":"(anonymous_5)","decl":{"start":{"line":36,"column":21},"end":{"line":36,"column":22}},"loc":{"start":{"line":36,"column":30},"end":{"line":36,"column":70}}},"6":{"name":"(anonymous_6)","decl":{"start":{"line":48,"column":47},"end":{"line":48,"column":53}},"loc":{"start":{"line":48,"column":53},"end":{"line":59,"column":3}}},"7":{"name":"(anonymous_7)","decl":{"start":{"line":61,"column":68},"end":{"line":61,"column":74}},"loc":{"start":{"line":61,"column":74},"end":{"line":72,"column":3}}}},"branchMap":{},"s":{"0":24,"1":65,"2":65,"3":24,"4":24,"5":30,"6":30,"7":24,"8":24,"9":24,"10":24,"11":24,"12":24,"13":24,"14":18,"15":18,"16":18,"17":18,"18":24,"19":12,"20":12,"21":12,"22":12},"f":{"0":65,"1":24,"2":30,"3":30,"4":24,"5":24,"6":18,"7":12},"b":{}}
,"G:/PROJECTS/orderlite/cypress/component/RegisterScreen.cy.tsx": {"path":"G:/PROJECTS/orderlite/cypress/component/RegisterScreen.cy.tsx","statementMap":{"0":{"start":{"line":5,"column":0},"end":{"line":75,"column":null}},"1":{"start":{"line":6,"column":24},"end":{"line":12,"column":null}},"2":{"start":{"line":7,"column":4},"end":{"line":11,"column":null}},"3":{"start":{"line":14,"column":2},"end":{"line":25,"column":null}},"4":{"start":{"line":15,"column":4},"end":{"line":15,"column":null}},"5":{"start":{"line":17,"column":4},"end":{"line":17,"column":null}},"6":{"start":{"line":19,"column":4},"end":{"line":19,"column":null}},"7":{"start":{"line":20,"column":4},"end":{"line":20,"column":null}},"8":{"start":{"line":21,"column":4},"end":{"line":21,"column":null}},"9":{"start":{"line":22,"column":4},"end":{"line":22,"column":null}},"10":{"start":{"line":24,"column":4},"end":{"line":24,"column":null}},"11":{"start":{"line":27,"column":2},"end":{"line":39,"column":null}},"12":{"start":{"line":28,"column":4},"end":{"line":28,"column":null}},"13":{"start":{"line":30,"column":4},"end":{"line":30,"column":null}},"14":{"start":{"line":31,"column":4},"end":{"line":31,"column":null}},"15":{"start":{"line":32,"column":4},"end":{"line":32,"column":null}},"16":{"start":{"line":33,"column":4},"end":{"line":33,"column":null}},"17":{"start":{"line":35,"column":4},"end":{"line":35,"column":null}},"18":{"start":{"line":37,"column":4},"end":{"line":37,"column":null}},"19":{"start":{"line":38,"column":4},"end":{"line":38,"column":null}},"20":{"start":{"line":41,"column":2},"end":{"line":74,"column":null}},"21":{"start":{"line":42,"column":4},"end":{"line":53,"column":null}},"22":{"start":{"line":55,"column":4},"end":{"line":55,"column":null}},"23":{"start":{"line":57,"column":4},"end":{"line":57,"column":null}},"24":{"start":{"line":58,"column":4},"end":{"line":58,"column":null}},"25":{"start":{"line":59,"column":4},"end":{"line":59,"column":null}},"26":{"start":{"line":60,"column":4},"end":{"line":60,"column":null}},"27":{"start":{"line":62,"column":4},"end":{"line":62,"column":null}},"28":{"start":{"line":63,"column":4},"end":{"line":63,"column":null}},"29":{"start":{"line":65,"column":4},"end":{"line":71,"column":null}},"30":{"start":{"line":68,"column":8},"end":{"line":68,"column":null}},"31":{"start":{"line":69,"column":8},"end":{"line":69,"column":null}},"32":{"start":{"line":70,"column":8},"end":{"line":70,"column":null}},"33":{"start":{"line":73,"column":4},"end":{"line":73,"column":null}}},"fnMap":{"0":{"name":"(anonymous_0)","decl":{"start":{"line":5,"column":27},"end":{"line":5,"column":33}},"loc":{"start":{"line":5,"column":33},"end":{"line":75,"column":1}}},"1":{"name":"(anonymous_1)","decl":{"start":{"line":6,"column":24},"end":{"line":6,"column":30}},"loc":{"start":{"line":6,"column":30},"end":{"line":12,"column":null}}},"2":{"name":"(anonymous_2)","decl":{"start":{"line":14,"column":68},"end":{"line":14,"column":74}},"loc":{"start":{"line":14,"column":74},"end":{"line":25,"column":3}}},"3":{"name":"(anonymous_3)","decl":{"start":{"line":27,"column":59},"end":{"line":27,"column":65}},"loc":{"start":{"line":27,"column":65},"end":{"line":39,"column":3}}},"4":{"name":"(anonymous_4)","decl":{"start":{"line":41,"column":57},"end":{"line":41,"column":63}},"loc":{"start":{"line":41,"column":63},"end":{"line":74,"column":3}}},"5":{"name":"(anonymous_5)","decl":{"start":{"line":67,"column":14},"end":{"line":67,"column":15}},"loc":{"start":{"line":67,"column":24},"end":{"line":71,"column":7}}}},"branchMap":{},"s":{"0":24,"1":24,"2":54,"3":24,"4":24,"5":24,"6":24,"7":24,"8":24,"9":24,"10":24,"11":24,"12":18,"13":18,"14":18,"15":18,"16":18,"17":18,"18":18,"19":18,"20":24,"21":12,"22":12,"23":12,"24":12,"25":12,"26":12,"27":12,"28":12,"29":12,"30":10,"31":10,"32":10,"33":12},"f":{"0":24,"1":54,"2":24,"3":18,"4":12,"5":10},"b":{}}
,"G:/PROJECTS/orderlite/cypress/component/ui-kit.cy.tsx": {"path":"G:/PROJECTS/orderlite/cypress/component/ui-kit.cy.tsx","statementMap":{"0":{"start":{"line":17,"column":0},"end":{"line":39,"column":null}},"1":{"start":{"line":18,"column":2},"end":{"line":23,"column":null}},"2":{"start":{"line":19,"column":20},"end":{"line":19,"column":null}},"3":{"start":{"line":20,"column":4},"end":{"line":20,"column":null}},"4":{"start":{"line":21,"column":4},"end":{"line":21,"column":null}},"5":{"start":{"line":22,"column":4},"end":{"line":22,"column":null}},"6":{"start":{"line":25,"column":2},"end":{"line":33,"column":null}},"7":{"start":{"line":26,"column":20},"end":{"line":26,"column":null}},"8":{"start":{"line":27,"column":4},"end":{"line":31,"column":null}},"9":{"start":{"line":32,"column":4},"end":{"line":32,"column":null}},"10":{"start":{"line":35,"column":2},"end":{"line":38,"column":null}},"11":{"start":{"line":36,"column":4},"end":{"line":36,"column":null}},"12":{"start":{"line":37,"column":4},"end":{"line":37,"column":null}},"13":{"start":{"line":41,"column":0},"end":{"line":53,"column":null}},"14":{"start":{"line":42,"column":2},"end":{"line":46,"column":null}},"15":{"start":{"line":43,"column":4},"end":{"line":43,"column":null}},"16":{"start":{"line":44,"column":4},"end":{"line":44,"column":null}},"17":{"start":{"line":45,"column":4},"end":{"line":45,"column":null}},"18":{"start":{"line":48,"column":2},"end":{"line":52,"column":null}},"19":{"start":{"line":49,"column":4},"end":{"line":49,"column":null}},"20":{"start":{"line":50,"column":4},"end":{"line":50,"column":null}},"21":{"start":{"line":51,"column":4},"end":{"line":51,"column":null}},"22":{"start":{"line":55,"column":0},"end":{"line":66,"column":null}},"23":{"start":{"line":56,"column":2},"end":{"line":65,"column":null}},"24":{"start":{"line":57,"column":4},"end":{"line":62,"column":null}},"25":{"start":{"line":63,"column":4},"end":{"line":63,"column":null}},"26":{"start":{"line":64,"column":4},"end":{"line":64,"column":null}},"27":{"start":{"line":68,"column":0},"end":{"line":81,"column":null}},"28":{"start":{"line":69,"column":2},"end":{"line":75,"column":null}},"29":{"start":{"line":70,"column":4},"end":{"line":70,"column":null}},"30":{"start":{"line":71,"column":4},"end":{"line":74,"column":null}},"31":{"start":{"line":77,"column":2},"end":{"line":80,"column":null}},"32":{"start":{"line":78,"column":4},"end":{"line":78,"column":null}},"33":{"start":{"line":79,"column":4},"end":{"line":79,"column":null}},"34":{"start":{"line":83,"column":0},"end":{"line":107,"column":null}},"35":{"start":{"line":84,"column":2},"end":{"line":101,"column":null}},"36":{"start":{"line":85,"column":20},"end":{"line":85,"column":null}},"37":{"start":{"line":86,"column":4},"end":{"line":95,"column":null}},"38":{"start":{"line":97,"column":4},"end":{"line":97,"column":null}},"39":{"start":{"line":98,"column":4},"end":{"line":98,"column":null}},"40":{"start":{"line":99,"column":4},"end":{"line":99,"column":null}},"41":{"start":{"line":100,"column":4},"end":{"line":100,"column":null}},"42":{"start":{"line":103,"column":2},"end":{"line":106,"column":null}},"43":{"start":{"line":104,"column":4},"end":{"line":104,"column":null}},"44":{"start":{"line":105,"column":4},"end":{"line":105,"column":null}},"45":{"start":{"line":109,"column":0},"end":{"line":117,"column":null}},"46":{"start":{"line":110,"column":2},"end":{"line":116,"column":null}},"47":{"start":{"line":111,"column":4},"end":{"line":111,"column":null}},"48":{"start":{"line":112,"column":4},"end":{"line":112,"column":null}},"49":{"start":{"line":114,"column":4},"end":{"line":114,"column":null}},"50":{"start":{"line":115,"column":4},"end":{"line":115,"column":null}},"51":{"start":{"line":119,"column":0},"end":{"line":132,"column":null}},"52":{"start":{"line":120,"column":2},"end":{"line":131,"column":null}},"53":{"start":{"line":121,"column":4},"end":{"line":126,"column":null}},"54":{"start":{"line":128,"column":4},"end":{"line":128,"column":null}},"55":{"start":{"line":129,"column":4},"end":{"line":129,"column":null}},"56":{"start":{"line":130,"column":4},"end":{"line":130,"column":null}},"57":{"start":{"line":18,"column":2},"end":{"line":43,"column":14}},"58":{"start":{"line":19,"column":4},"end":{"line":25,"column":5}},"59":{"start":{"line":20,"column":13},"end":{"line":20,"column":21}},"60":{"start":{"line":20,"column":13},"end":{"line":21,"column":16}},"61":{"start":{"line":22,"column":4},"end":{"line":22,"column":50}},"62":{"start":{"line":23,"column":3},"end":{"line":23,"column":null}},"63":{"start":{"line":26,"column":4},"end":{"line":36,"column":14}},"64":{"start":{"line":27,"column":4},"end":{"line":36,"column":7}},"65":{"start":{"line":36,"column":13},"end":{"line":36,"column":14}},"66":{"start":{"line":36,"column":13},"end":{"line":43,"column":7}},"67":{"start":{"line":36,"column":13},"end":{"line":41,"column":38}},"68":{"start":{"line":42,"column":2},"end":{"line":42,"column":null}},"69":{"start":{"line":43,"column":13},"end":{"line":57,"column":null}},"70":{"start":{"line":43,"column":13},"end":{"line":49,"column":14}},"71":{"start":{"line":43,"column":13},"end":{"line":48,"column":36}},"72":{"start":{"line":49,"column":4},"end":{"line":49,"column":35}},"73":{"start":{"line":49,"column":13},"end":{"line":49,"column":14}},"74":{"start":{"line":49,"column":13},"end":{"line":57,"column":7}},"75":{"start":{"line":49,"column":13},"end":{"line":53,"column":null}},"76":{"start":{"line":55,"column":0},"end":{"line":55,"column":null}},"77":{"start":{"line":56,"column":2},"end":{"line":56,"column":null}},"78":{"start":{"line":59,"column":8},"end":{"line":66,"column":null}},"79":{"start":{"line":59,"column":8},"end":{"line":59,"column":9}},"80":{"start":{"line":59,"column":8},"end":{"line":60,"column":9}},"81":{"start":{"line":60,"column":8},"end":{"line":65,"column":null}},"82":{"start":{"line":60,"column":32},"end":{"line":61,"column":null}},"83":{"start":{"line":62,"column":4},"end":{"line":62,"column":null}},"84":{"start":{"line":63,"column":4},"end":{"line":63,"column":46}},"85":{"start":{"line":68,"column":0},"end":{"line":88,"column":9}},"86":{"start":{"line":77,"column":2},"end":{"line":86,"column":null}},"87":{"start":{"line":79,"column":4},"end":{"line":79,"column":77}},"88":{"start":{"line":80,"column":3},"end":{"line":85,"column":20}},"89":{"start":{"line":86,"column":4},"end":{"line":86,"column":null}},"90":{"start":{"line":88,"column":8},"end":{"line":111,"column":14}},"91":{"start":{"line":88,"column":8},"end":{"line":105,"column":7}},"92":{"start":{"line":88,"column":8},"end":{"line":88,"column":9}},"93":{"start":{"line":88,"column":8},"end":{"line":103,"column":28}},"94":{"start":{"line":104,"column":4},"end":{"line":104,"column":30}},"95":{"start":{"line":104,"column":13},"end":{"line":104,"column":14}},"96":{"start":{"line":104,"column":13},"end":{"line":104,"column":null}},"97":{"start":{"line":106,"column":2},"end":{"line":111,"column":14}},"98":{"start":{"line":107,"column":1},"end":{"line":111,"column":14}},"99":{"start":{"line":111,"column":13},"end":{"line":111,"column":14}},"100":{"start":{"line":112,"column":4},"end":{"line":124,"column":9}},"101":{"start":{"line":114,"column":4},"end":{"line":123,"column":null}},"102":{"start":{"line":114,"column":13},"end":{"line":117,"column":null}},"103":{"start":{"line":119,"column":0},"end":{"line":119,"column":null}},"104":{"start":{"line":120,"column":2},"end":{"line":123,"column":9}},"105":{"start":{"line":123,"column":8},"end":{"line":123,"column":null}},"106":{"start":{"line":88,"column":8},"end":{"line":112,"column":7}},"107":{"start":{"line":88,"column":8},"end":{"line":106,"column":null}},"108":{"start":{"line":88,"column":8},"end":{"line":104,"column":7}},"109":{"start":{"line":105,"column":4},"end":{"line":105,"column":53}},"110":{"start":{"line":109,"column":0},"end":{"line":111,"column":14}},"111":{"start":{"line":114,"column":4},"end":{"line":124,"column":9}},"112":{"start":{"line":114,"column":13},"end":{"line":124,"column":9}},"113":{"start":{"line":114,"column":13},"end":{"line":119,"column":9}},"114":{"start":{"line":120,"column":2},"end":{"line":120,"column":null}},"115":{"start":{"line":121,"column":4},"end":{"line":123,"column":9}},"116":{"start":{"line":123,"column":37},"end":{"line":124,"column":31}}},"fnMap":{"0":{"name":"(anonymous_0)","decl":{"start":{"line":17,"column":26},"end":{"line":17,"column":32}},"loc":{"start":{"line":17,"column":32},"end":{"line":39,"column":1}}},"1":{"name":"(anonymous_1)","decl":{"start":{"line":18,"column":40},"end":{"line":18,"column":46}},"loc":{"start":{"line":18,"column":46},"end":{"line":23,"column":3}}},"2":{"name":"(anonymous_2)","decl":{"start":{"line":25,"column":47},"end":{"line":25,"column":53}},"loc":{"start":{"line":25,"column":53},"end":{"line":33,"column":3}}},"3":{"name":"(anonymous_3)","decl":{"start":{"line":35,"column":37},"end":{"line":35,"column":43}},"loc":{"start":{"line":35,"column":43},"end":{"line":38,"column":3}}},"4":{"name":"(anonymous_4)","decl":{"start":{"line":41,"column":38},"end":{"line":41,"column":44}},"loc":{"start":{"line":41,"column":44},"end":{"line":53,"column":1}}},"5":{"name":"(anonymous_5)","decl":{"start":{"line":42,"column":33},"end":{"line":42,"column":39}},"loc":{"start":{"line":42,"column":39},"end":{"line":46,"column":3}}},"6":{"name":"(anonymous_6)","decl":{"start":{"line":48,"column":36},"end":{"line":48,"column":42}},"loc":{"start":{"line":48,"column":42},"end":{"line":52,"column":3}}},"7":{"name":"(anonymous_7)","decl":{"start":{"line":55,"column":24},"end":{"line":55,"column":30}},"loc":{"start":{"line":55,"column":30},"end":{"line":66,"column":1}}},"8":{"name":"(anonymous_8)","decl":{"start":{"line":56,"column":47},"end":{"line":56,"column":53}},"loc":{"start":{"line":56,"column":53},"end":{"line":65,"column":3}}},"9":{"name":"(anonymous_9)","decl":{"start":{"line":68,"column":28},"end":{"line":68,"column":34}},"loc":{"start":{"line":68,"column":34},"end":{"line":81,"column":1}}},"10":{"name":"(anonymous_10)","decl":{"start":{"line":69,"column":46},"end":{"line":69,"column":52}},"loc":{"start":{"line":69,"column":52},"end":{"line":75,"column":3}}},"11":{"name":"(anonymous_11)","decl":{"start":{"line":77,"column":39},"end":{"line":77,"column":45}},"loc":{"start":{"line":77,"column":45},"end":{"line":80,"column":3}}},"12":{"name":"(anonymous_12)","decl":{"start":{"line":83,"column":27},"end":{"line":83,"column":33}},"loc":{"start":{"line":83,"column":33},"end":{"line":107,"column":1}}},"13":{"name":"(anonymous_13)","decl":{"start":{"line":84,"column":59},"end":{"line":84,"column":65}},"loc":{"start":{"line":84,"column":65},"end":{"line":101,"column":3}}},"14":{"name":"(anonymous_14)","decl":{"start":{"line":103,"column":28},"end":{"line":103,"column":34}},"loc":{"start":{"line":103,"column":34},"end":{"line":106,"column":3}}},"15":{"name":"(anonymous_15)","decl":{"start":{"line":109,"column":28},"end":{"line":109,"column":34}},"loc":{"start":{"line":109,"column":34},"end":{"line":117,"column":1}}},"16":{"name":"(anonymous_16)","decl":{"start":{"line":110,"column":50},"end":{"line":110,"column":56}},"loc":{"start":{"line":110,"column":56},"end":{"line":116,"column":3}}},"17":{"name":"(anonymous_17)","decl":{"start":{"line":119,"column":26},"end":{"line":119,"column":32}},"loc":{"start":{"line":119,"column":32},"end":{"line":132,"column":1}}},"18":{"name":"(anonymous_18)","decl":{"start":{"line":120,"column":49},"end":{"line":120,"column":55}},"loc":{"start":{"line":120,"column":55},"end":{"line":131,"column":3}}},"19":{"name":"(anonymous_0)","decl":{"start":{"line":18,"column":5},"end":{"line":18,"column":40}},"loc":{"start":{"line":18,"column":5},"end":{"line":43,"column":14}}},"20":{"name":"(anonymous_1)","decl":{"start":{"line":19,"column":40},"end":{"line":19,"column":null}},"loc":{"start":{"line":19,"column":40},"end":{"line":25,"column":5}}},"21":{"name":"(anonymous_2)","decl":{"start":{"line":26,"column":40},"end":{"line":26,"column":null}},"loc":{"start":{"line":26,"column":40},"end":{"line":36,"column":14}}},"22":{"name":"(anonymous_3)","decl":{"start":{"line":36,"column":13},"end":{"line":36,"column":14}},"loc":{"start":{"line":36,"column":13},"end":{"line":43,"column":7}}},"23":{"name":"(anonymous_4)","decl":{"start":{"line":43,"column":13},"end":{"line":43,"column":14}},"loc":{"start":{"line":43,"column":13},"end":{"line":57,"column":null}}},"24":{"name":"(anonymous_6)","decl":{"start":{"line":49,"column":13},"end":{"line":49,"column":14}},"loc":{"start":{"line":49,"column":13},"end":{"line":57,"column":7}}},"25":{"name":"(anonymous_7)","decl":{"start":{"line":59,"column":8},"end":{"line":59,"column":9}},"loc":{"start":{"line":59,"column":8},"end":{"line":66,"column":1}}},"26":{"name":"(anonymous_11)","decl":{"start":{"line":60,"column":32},"end":{"line":60,"column":null}},"loc":{"start":{"line":60,"column":32},"end":{"line":65,"column":3}}},"27":{"name":"(anonymous_15)","decl":{"start":{"line":88,"column":8},"end":{"line":88,"column":9}},"loc":{"start":{"line":88,"column":8},"end":{"line":111,"column":14}}},"28":{"name":"(anonymous_17)","decl":{"start":{"line":106,"column":3},"end":{"line":106,"column":null}},"loc":{"start":{"line":106,"column":3},"end":{"line":111,"column":14}}},"29":{"name":"(anonymous_18)","decl":{"start":{"line":112,"column":28},"end":{"line":112,"column":30}},"loc":{"start":{"line":112,"column":30},"end":{"line":124,"column":9}}},"30":{"name":"(anonymous_19)","decl":{"start":{"line":114,"column":23},"end":{"line":114,"column":30}},"loc":{"start":{"line":114,"column":30},"end":{"line":123,"column":null}}},"31":{"name":"(anonymous_17)","decl":{"start":{"line":107,"column":1},"end":{"line":107,"column":null}},"loc":{"start":{"line":107,"column":1},"end":{"line":111,"column":14}}},"32":{"name":"(anonymous_18)","decl":{"start":{"line":114,"column":13},"end":{"line":114,"column":14}},"loc":{"start":{"line":114,"column":13},"end":{"line":124,"column":9}}}},"branchMap":{"0":{"loc":{"start":{"line":59,"column":8},"end":{"line":59,"column":9}},"type":"cond-expr","locations":[{"start":{"line":59,"column":8},"end":{"line":59,"column":9}},{"start":{"line":59,"column":8},"end":{"line":59,"column":9}}]}},"s":{"0":26,"1":78,"2":78,"3":78,"4":78,"5":78,"6":78,"7":76,"8":72,"9":72,"10":78,"11":74,"12":66,"13":26,"14":26,"15":20,"16":60,"17":60,"18":78,"19":70,"20":54,"21":54,"22":26,"23":26,"24":16,"25":68,"26":106,"27":78,"28":78,"29":42,"30":42,"31":78,"32":36,"33":64,"34":26,"35":26,"36":62,"37":10,"38":30,"39":30,"40":30,"41":30,"42":78,"43":60,"44":60,"45":26,"46":26,"47":19,"48":45,"49":58,"50":18,"51":26,"52":26,"53":4,"54":12,"55":12,"56":12,"57":52,"58":78,"59":78,"60":78,"61":78,"62":78,"63":78,"64":74,"65":70,"66":52,"67":44,"68":70,"69":52,"70":78,"71":66,"72":58,"73":58,"74":52,"75":36,"76":62,"77":62,"78":78,"79":176,"80":80,"81":78,"82":48,"83":58,"84":48,"85":52,"86":52,"87":36,"88":24,"89":34,"90":52,"91":78,"92":30,"93":46,"94":36,"95":224,"96":100,"97":52,"98":38,"99":41,"100":39,"101":52,"102":22,"103":48,"104":48,"105":26,"106":13,"107":52,"108":70,"109":52,"110":43,"111":13,"112":13,"113":42,"114":38,"115":42,"116":42},"f":{"0":26,"1":78,"2":76,"3":74,"4":26,"5":20,"6":70,"7":26,"8":16,"9":130,"10":42,"11":60,"12":26,"13":10,"14":52,"15":26,"16":6,"17":26,"18":4,"19":52,"20":78,"21":74,"22":44,"23":118,"24":36,"25":254,"26":48,"27":155,"28":25,"29":39,"30":22,"31":4,"32":16},"b":{"0":[32,32]}}
,"G:/PROJECTS/orderlite/cypress/support/component.ts": {"path":"G:/PROJECTS/orderlite/cypress/support/component.ts","statementMap":{"0":{"start":{"line":13,"column":0},"end":{"line":13,"column":null}}},"fnMap":{},"branchMap":{},"s":{"0":366},"f":{},"b":{}}
,"G:/PROJECTS/orderlite/src/App.tsx": {"path":"G:/PROJECTS/orderlite/src/App.tsx","statementMap":{"0":{"start":{"line":15,"column":15},"end":{"line":49,"column":null}},"1":{"start":{"line":52,"column":2},"end":{"line":52,"column":null}},"2":{"start":{"line":15,"column":15},"end":{"line":52,"column":9}}},"fnMap":{"0":{"name":"App","decl":{"start":{"line":51,"column":24},"end":{"line":51,"column":30}},"loc":{"start":{"line":51,"column":30},"end":{"line":53,"column":null}}}},"branchMap":{},"s":{"0":24,"1":10,"2":18},"f":{"0":10},"b":{}}
,"G:/PROJECTS/orderlite/src/main.tsx": {"path":"G:/PROJECTS/orderlite/src/main.tsx","statementMap":{"0":{"start":{"line":6,"column":0},"end":{"line":10,"column":null}}},"fnMap":{},"branchMap":{},"s":{"0":18},"f":{},"b":{}}
,"G:/PROJECTS/orderlite/src/common/api.ts": {"path":"G:/PROJECTS/orderlite/src/common/api.ts","statementMap":{"0":{"start":{"line":3,"column":23},"end":{"line":3,"column":null}},"1":{"start":{"line":5,"column":19},"end":{"line":10,"column":null}},"2":{"start":{"line":12,"column":34},"end":{"line":12,"column":null}},"3":{"start":{"line":15,"column":2},"end":{"line":15,"column":null}},"4":{"start":{"line":17,"column":2},"end":{"line":21,"column":null}},"5":{"start":{"line":18,"column":4},"end":{"line":18,"column":null}},"6":{"start":{"line":20,"column":4},"end":{"line":20,"column":null}}},"fnMap":{"0":{"name":"setAuthToken","decl":{"start":{"line":14,"column":16},"end":{"line":14,"column":29}},"loc":{"start":{"line":14,"column":51},"end":{"line":22,"column":null}}}},"branchMap":{"0":{"loc":{"start":{"line":17,"column":2},"end":{"line":21,"column":null}},"type":"if","locations":[{"start":{"line":17,"column":2},"end":{"line":21,"column":null}},{"start":{"line":19,"column":9},"end":{"line":21,"column":null}}]}},"s":{"0":252,"1":252,"2":252,"3":283,"4":283,"5":273,"6":190},"f":{"0":283},"b":{"0":[273,10]}}
,"G:/PROJECTS/orderlite/src/components/Avatar.tsx": {"path":"G:/PROJECTS/orderlite/src/components/Avatar.tsx","statementMap":{"0":{"start":{"line":12,"column":2},"end":{"line":18,"column":null}},"1":{"start":{"line":13,"column":4},"end":{"line":16,"column":null}},"2":{"start":{"line":19,"column":2},"end":{"line":25,"column":null}}},"fnMap":{"0":{"name":"Avatar","decl":{"start":{"line":11,"column":16},"end":{"line":11,"column":23}},"loc":{"start":{"line":11,"column":82},"end":{"line":27,"column":null}}}},"branchMap":{"0":{"loc":{"start":{"line":11,"column":30},"end":{"line":11,"column":46}},"type":"default-arg","locations":[{"start":{"line":11,"column":36},"end":{"line":11,"column":46}}]},"1":{"loc":{"start":{"line":11,"column":46},"end":{"line":11,"column":57}},"type":"default-arg","locations":[{"start":{"line":11,"column":53},"end":{"line":11,"column":57}}]},"2":{"loc":{"start":{"line":12,"column":2},"end":{"line":18,"column":null}},"type":"if","locations":[{"start":{"line":12,"column":2},"end":{"line":18,"column":null}}]}},"s":{"0":245,"1":10,"2":235},"f":{"0":245},"b":{"0":[235],"1":[0],"2":[10]}}
[...]
","decl":{"start":{"line":172,"column":49},"end":{"line":172,"column":50}},"loc":{"start":{"line":172,"column":64},"end":{"line":172,"column":85}}},"10":{"name":"Row","decl":{"start":{"line":37,"column":4},"end":{"line":37,"column":5}},"loc":{"start":{"line":37,"column":5},"end":{"line":48,"column":16}}},"11":{"name":"(anonymous_2)","decl":{"start":{"line":62,"column":2},"end":{"line":62,"column":8}},"loc":{"start":{"line":62,"column":8},"end":{"line":62,"column":null}}},"12":{"name":"(anonymous_3)","decl":{"start":{"line":62,"column":29},"end":{"line":62,"column":null}},"loc":{"start":{"line":62,"column":29},"end":{"line":62,"column":null}}},"13":{"name":"(anonymous_4)","decl":{"start":{"line":65,"column":2},"end":{"line":65,"column":null}},"loc":{"start":{"line":65,"column":2},"end":{"line":70,"column":9}}},"14":{"name":"(anonymous_5)","decl":{"start":{"line":71,"column":10},"end":{"line":71,"column":11}},"loc":{"start":{"line":71,"column":10},"end":{"line":71,"column":11}}},"15":{"name":"(anonymous_6)","decl":{"start":{"line":124,"column":25},"end":{"line":124,"column":null}},"loc":{"start":{"line":124,"column":25},"end":{"line":124,"column":null}}},"16":{"name":"(anonymous_8)","decl":{"start":{"line":168,"column":26},"end":{"line":168,"column":null}},"loc":{"start":{"line":168,"column":26},"end":{"line":154,"column":11}}},"17":{"name":"(anonymous_9)","decl":{"start":{"line":177,"column":20},"end":{"line":177,"column":21}},"loc":{"start":{"line":177,"column":20},"end":{"line":177,"column":21}}}},"branchMap":{"0":{"loc":{"start":{"line":40,"column":9},"end":{"line":40,"column":null}},"type":"binary-expr","locations":[{"start":{"line":40,"column":9},"end":{"line":40,"column":21}},{"start":{"line":40,"column":21},"end":{"line":40,"column":null}}]},"1":{"loc":{"start":{"line":54,"column":22},"end":{"line":54,"column":null}},"type":"binary-expr","locations":[{"start":{"line":54,"column":22},"end":{"line":54,"column":36}},{"start":{"line":54,"column":36},"end":{"line":54,"column":null}}]},"2":{"loc":{"start":{"line":55,"column":23},"end":{"line":55,"column":null}},"type":"binary-expr","locations":[{"start":{"line":55,"column":23},"end":{"line":55,"column":38}},{"start":{"line":55,"column":38},"end":{"line":55,"column":null}}]},"3":{"loc":{"start":{"line":58,"column":11},"end":{"line":58,"column":null}},"type":"cond-expr","locations":[{"start":{"line":58,"column":18},"end":{"line":58,"column":63}},{"start":{"line":58,"column":63},"end":{"line":58,"column":null}}]},"4":{"loc":{"start":{"line":128,"column":30},"end":{"line":128,"column":null}},"type":"cond-expr","locations":[{"start":{"line":128,"column":38},"end":{"line":128,"column":62}},{"start":{"line":128,"column":62},"end":{"line":128,"column":null}}]},"5":{"loc":{"start":{"line":137,"column":26},"end":{"line":137,"column":null}},"type":"cond-expr","locations":[{"start":{"line":137,"column":34},"end":{"line":137,"column":39}},{"start":{"line":137,"column":39},"end":{"line":137,"column":null}}]},"6":{"loc":{"start":{"line":157,"column":13},"end":{"line":157,"column":null}},"type":"binary-expr","locations":[{"start":{"line":157,"column":13},"end":{"line":157,"column":24}},{"start":{"line":157,"column":24},"end":{"line":157,"column":null}}]},"7":{"loc":{"start":{"line":158,"column":13},"end":{"line":159,"column":null}},"type":"binary-expr","locations":[{"start":{"line":158,"column":13},"end":{"line":158,"column":22}},{"start":{"line":158,"column":22},"end":{"line":158,"column":null}},{"start":{"line":159,"column":14},"end":{"line":159,"column":null}}]},"8":{"loc":{"start":{"line":161,"column":13},"end":{"line":161,"column":null}},"type":"binary-expr","locations":[{"start":{"line":161,"column":13},"end":{"line":161,"column":25}},{"start":{"line":161,"column":25},"end":{"line":161,"column":35}},{"start":{"line":161,"column":35},"end":{"line":161,"column":62}},{"start":{"line":161,"column":62},"end":{"line":161,"column":null}}]},"9":{"loc":{"start":{"line":165,"column":25},"end":{"line":171,"column":null}},"type":"cond-expr","locations":[{"start":{"line":166,"column":18},"end":{"line":166,"column":null}},{"start":{"line":167,"column":18},"end":{"line":171,"column":null}}]},"10":{"loc":{"start":{"line":172,"column":33},"end":{"line":172,"column":null}},"type":"binary-expr","locations":[{"start":{"line":172,"column":33},"end":{"line":172,"column":91}},{"start":{"line":172,"column":91},"end":{"line":172,"column":null}}]},"11":{"loc":{"start":{"line":40,"column":21},"end":{"line":41,"column":null}},"type":"binary-expr","locations":[{"start":{"line":40,"column":21},"end":{"line":40,"column":22}},{"start":{"line":40,"column":21},"end":{"line":41,"column":null}}]},"12":{"loc":{"start":{"line":58,"column":18},"end":{"line":58,"column":52}},"type":"binary-expr","locations":[{"start":{"line":58,"column":18},"end":{"line":58,"column":33}},{"start":{"line":58,"column":33},"end":{"line":58,"column":52}}]},"13":{"loc":{"start":{"line":59,"column":17},"end":{"line":59,"column":null}},"type":"binary-expr","locations":[{"start":{"line":59,"column":17},"end":{"line":59,"column":null}},{"start":{"line":59,"column":17},"end":{"line":59,"column":null}}]},"14":{"loc":{"start":{"line":62,"column":8},"end":{"line":62,"column":null}},"type":"cond-expr","locations":[{"start":{"line":62,"column":8},"end":{"line":62,"column":null}},{"start":{"line":62,"column":29},"end":{"line":62,"column":null}}]},"15":{"loc":{"start":{"line":131,"column":16},"end":{"line":131,"column":null}},"type":"cond-expr","locations":[{"start":{"line":131,"column":16},"end":{"line":131,"column":null}},{"start":{"line":131,"column":16},"end":{"line":131,"column":null}}]},"16":{"loc":{"start":{"line":140,"column":20},"end":{"line":140,"column":null}},"type":"cond-expr","locations":[{"start":{"line":140,"column":32},"end":{"line":140,"column":null}},{"start":{"line":140,"column":32},"end":{"line":140,"column":null}}]},"17":{"loc":{"start":{"line":157,"column":24},"end":{"line":159,"column":15}},"type":"binary-expr","locations":[{"start":{"line":157,"column":24},"end":{"line":157,"column":25}},{"start":{"line":157,"column":24},"end":{"line":159,"column":15}}]},"18":{"loc":{"start":{"line":159,"column":14},"end":{"line":161,"column":63}},"type":"binary-expr","locations":[{"start":{"line":159,"column":14},"end":{"line":159,"column":15}},{"start":{"line":159,"column":14},"end":{"line":159,"column":15}},{"start":{"line":159,"column":14},"end":{"line":161,"column":63}}]},"19":{"loc":{"start":{"line":161,"column":62},"end":{"line":165,"column":20}},"type":"binary-expr","locations":[{"start":{"line":161,"column":62},"end":{"line":161,"column":63}},{"start":{"line":161,"column":62},"end":{"line":161,"column":63}},{"start":{"line":161,"column":62},"end":{"line":161,"column":63}},{"start":{"line":161,"column":62},"end":{"line":165,"column":20}}]},"20":{"loc":{"start":{"line":170,"column":25},"end":{"line":176,"column":19}},"type":"cond-expr","locations":[{"start":{"line":170,"column":25},"end":{"line":170,"column":null}},{"start":{"line":170,"column":25},"end":{"line":176,"column":19}}]},"21":{"loc":{"start":{"line":177,"column":20},"end":{"line":177,"column":21}},"type":"binary-expr","locations":[{"start":{"line":177,"column":20},"end":{"line":177,"column":21}},{"start":{"line":177,"column":20},"end":{"line":177,"column":21}}]}},"s":{"0":440,"1":220,"2":220,"3":220,"4":220,"5":220,"6":220,"7":220,"8":150,"9":55,"10":220,"11":10,"12":10,"13":220,"14":0,"15":0,"16":0,"17":35,"18":35,"19":35,"20":35,"21":35,"22":18,"23":0,"24":18,"25":0,"26":0,"27":0,"28":220,"29":220,"30":150,"31":220,"32":0,"33":0,"34":220,"35":0,"36":220,"37":220,"38":220,"39":440,"40":35,"41":220,"42":70,"43":220},"f":{"0":440,"1":220,"2":150,"3":55,"4":10,"5":0,"6":0,"7":0,"8":35,"9":35,"10":0,"11":220,"12":10,"13":220,"14":220,"15":440,"16":220,"17":35},"b":{"0":[440,440],"1":[220,85],"2":[220,85],"3":[90,60],"4":[0,220],"5":[0,220],"6":[220,70],"7":[220,0,0],"8":[220,150,150,115],"9":[0,35],"10":[35,0],"11":[0,0],"12":[90,60],"13":[0,0],"14":[0,0],"15":[0,0],"16":[0,0],"17":[0,0],"18":[0,0,0],"19":[0,0,0,0],"20":[0,0],"21":[0,0]}}
,"G:/PROJECTS/orderlite/src/screens/ProtectedRoute.tsx": {"path":"G:/PROJECTS/orderlite/src/screens/ProtectedRoute.tsx","statementMap":{"0":{"start":{"line":5,"column":40},"end":{"line":15,"column":null}},"1":{"start":{"line":6,"column":23},"end":{"line":6,"column":null}},"2":{"start":{"line":7,"column":19},"end":{"line":7,"column":null}},"3":{"start":{"line":9,"column":2},"end":{"line":11,"column":null}},"4":{"start":{"line":10,"column":4},"end":{"line":10,"column":null}},"5":{"start":{"line":14,"column":2},"end":{"line":14,"column":null}},"6":{"start":{"line":2,"column":9},"end":{"line":2,"column":27}},"7":{"start":{"line":7,"column":2},"end":{"line":7,"column":8}},"8":{"start":{"line":9,"column":17},"end":{"line":9,"column":null}},"9":{"start":{"line":10,"column":11},"end":{"line":10,"column":12}},"10":{"start":{"line":10,"column":11},"end":{"line":14,"column":10}}},"fnMap":{"0":{"name":"(anonymous_0)","decl":{"start":{"line":5,"column":40},"end":{"line":5,"column":46}},"loc":{"start":{"line":5,"column":46},"end":{"line":15,"column":null}}}},"branchMap":{"0":{"loc":{"start":{"line":9,"column":2},"end":{"line":11,"column":null}},"type":"if","locations":[{"start":{"line":9,"column":2},"end":{"line":11,"column":null}}]},"1":{"loc":{"start":{"line":10,"column":11},"end":{"line":14,"column":10}},"type":"if","locations":[{"start":{"line":10,"column":11},"end":{"line":14,"column":10}}]}},"s":{"0":30,"1":45,"2":63,"3":63,"4":38,"5":43,"6":18,"7":76,"8":91,"9":66,"10":112},"f":{"0":45},"b":{"0":[20],"1":[6]}}
,"G:/PROJECTS/orderlite/src/screens/RegisterScreen.tsx": {"path":"G:/PROJECTS/orderlite/src/screens/RegisterScreen.tsx","statementMap":{"0":{"start":{"line":21,"column":26},"end":{"line":21,"column":null}},"1":{"start":{"line":22,"column":38},"end":{"line":22,"column":null}},"2":{"start":{"line":24,"column":39},"end":{"line":24,"column":null}},"3":{"start":{"line":25,"column":19},"end":{"line":25,"column":null}},"4":{"start":{"line":27,"column":14},"end":{"line":28,"column":null}},"5":{"start":{"line":27,"column":40},"end":{"line":28,"column":null}},"6":{"start":{"line":28,"column":4},"end":{"line":28,"column":null}},"7":{"start":{"line":28,"column":20},"end":{"line":28,"column":50}},"8":{"start":{"line":30,"column":22},"end":{"line":30,"column":null}},"9":{"start":{"line":31,"column":23},"end":{"line":31,"column":null}},"10":{"start":{"line":32,"column":22},"end":{"line":32,"column":null}},"11":{"start":{"line":33,"column":22},"end":{"line":33,"column":null}},"12":{"start":{"line":35,"column":20},"end":{"line":35,"column":null}},"13":{"start":{"line":37,"column":23},"end":{"line":56,"column":null}},"14":{"start":{"line":38,"column":4},"end":{"line":38,"column":null}},"15":{"start":{"line":40,"column":4},"end":{"line":43,"column":null}},"16":{"start":{"line":41,"column":6},"end":{"line":41,"column":null}},"17":{"start":{"line":42,"column":6},"end":{"line":42,"column":null}},"18":{"start":{"line":45,"column":4},"end":{"line":45,"column":null}},"19":{"start":{"line":46,"column":4},"end":{"line":55,"column":null}},"20":{"start":{"line":47,"column":6},"end":{"line":51,"column":null}},"21":{"start":{"line":52,"column":6},"end":{"line":52,"column":null}},"22":{"start":{"line":58,"column":2},"end":{"line":123,"column":null}},"23":{"start":{"line":61,"column":53},"end":{"line":61,"column":null}},"24":{"start":{"line":1,"column":25},"end":{"line":1,"column":59}},"25":{"start":{"line":22,"column":2},"end":{"line":22,"column":8}},"26":{"start":{"line":24,"column":20},"end":{"line":24,"column":null}},"27":{"start":{"line":25,"column":31},"end":{"line":25,"column":null}},"28":{"start":{"line":28,"column":13},"end":{"line":28,"column":25}},"29":{"start":{"line":30,"column":8},"end":{"line":30,"column":32}},"30":{"start":{"line":31,"column":8},"end":{"line":31,"column":75}},"31":{"start":{"line":31,"column":28},"end":{"line":31,"column":75}},"32":{"start":{"line":31,"column":41},"end":{"line":31,"column":75}},"33":{"start":{"line":35,"column":20},"end":{"line":35,"column":51}},"34":{"start":{"line":37,"column":8},"end":{"line":37,"column":null}},"35":{"start":{"line":38,"column":6},"end":{"line":38,"column":null}},"36":{"start":{"line":40,"column":20},"end":{"line":60,"column":7}},"37":{"start":{"line":41,"column":6},"end":{"line":41,"column":80}},"38":{"start":{"line":42,"column":6},"end":{"line":46,"column":8}},"39":{"start":{"line":43,"column":4},"end":{"line":43,"column":null}},"40":{"start":{"line":45,"column":4},"end":{"line":45,"column":18}},"41":{"start":{"line":47,"column":6},"end":{"line":47,"column":null}},"42":{"start":{"line":47,"column":21},"end":{"line":58,"column":null}},"43":{"start":{"line":48,"column":19},"end":{"line":53,"column":12}},"44":{"start":{"line":55,"column":4},"end":{"line":55,"column":null}},"45":{"start":{"line":62,"column":10},"end":{"line":62,"column":11}}},"fnMap":{"0":{"name":"RegisterScreen","decl":{"start":{"line":20,"column":16},"end":{"line":20,"column":33}},"loc":{"start":{"line":20,"column":33},"end":{"line":125,"column":null}}},"1":{"name":"(anonymous_1)","decl":{"start":{"line":27,"column":14},"end":{"line":27,"column":15}},"loc":{"start":{"line":27,"column":40},"end":{"line":28,"column":null}}},"2":{"name":"(anonymous_2)","decl":{"start":{"line":27,"column":40},"end":{"line":27,"column":41}},"loc":{"start":{"line":28,"column":4},"end":{"line":28,"column":null}}},"3":{"name":"(anonymous_3)","decl":{"start":{"line":28,"column":12},"end":{"line":28,"column":13}},"loc":{"start":{"line":28,"column":20},"end":{"line":28,"column":50}}},"4":{"name":"(anonymous_4)","decl":{"start":{"line":37,"column":23},"end":{"line":37,"column":30}},"loc":{"start":{"line":37,"column":47},"end":{"line":56,"column":null}}},"5":{"name":"(anonymous_5)","decl":{"start":{"line":61,"column":47},"end":{"line":61,"column":53}},"loc":{"start":{"line":61,"column":53},"end":{"line":61,"column":null}}},"6":{"name":"(anonymous_1)","decl":{"start":{"line":31,"column":8},"end":{"line":31,"column":23}},"loc":{"start":{"line":31,"column":8},"end":{"line":31,"column":75}}},"7":{"name":"(anonymous_3)","decl":{"start":{"line":31,"column":34},"end":{"line":31,"column":39}},"loc":{"start":{"line":31,"column":41},"end":{"line":31,"column":75}}},"8":{"name":"(anonymous_4)","decl":{"start":{"line":40,"column":20},"end":{"line":40,"column":null}},"loc":{"start":{"line":40,"column":20},"end":{"line":60,"column":7}}},"9":{"name":"(anonymous_5)","decl":{"start":{"line":62,"column":10},"end":{"line":62,"column":11}},"loc":{"start":{"line":62,"column":10},"end":{"line":62,"column":11}}}},"branchMap":{"0":{"loc":{"start":{"line":31,"column":23},"end":{"line":31,"column":null}},"type":"binary-expr","locations":[{"start":{"line":31,"column":23},"end":{"line":31,"column":55}},{"start":{"line":31,"column":55},"end":{"line":31,"column":null}}]},"1":{"loc":{"start":{"line":33,"column":22},"end":{"line":33,"column":null}},"type":"binary-expr","locations":[{"start":{"line":33,"column":22},"end":{"line":33,"column":35}},{"start":{"line":33,"column":35},"end":{"line":33,"column":null}}]},"2":{"loc":{"start":{"line":35,"column":20},"end":{"line":35,"column":null}},"type":"binary-expr","locations":[{"start":{"line":35,"column":20},"end":{"line":35,"column":35}},{"start":{"line":35,"column":35},"end":{"line":35,"column":51}},{"start":{"line":35,"column":51},"end":{"line":35,"column":66}},{"start":{"line":35,"column":66},"end":{"line":35,"column":null}}]},"3":{"loc":{"start":{"line":40,"column":4},"end":{"line":43,"column":null}},"type":"if","locations":[{"start":{"line":40,"column":4},"end":{"line":43,"column":null}}]},"4":{"loc":{"start":{"line":105,"column":11},"end":{"line":105,"column":null}},"type":"binary-expr","locations":[{"start":{"line":105,"column":11},"end":{"line":105,"column":25}},{"start":{"line":105,"column":25},"end":{"line":105,"column":41}},{"start":{"line":105,"column":41},"end":{"line":105,"column":null}}]},"5":{"loc":{"start":{"line":106,"column":8},"end":{"line":109,"column":null}},"type":"binary-expr","locations":[{"start":{"line":108,"column":10},"end":{"line":108,"column":24}},{"start":{"line":108,"column":24},"end":{"line":108,"column":null}},{"start":{"line":109,"column":10},"end":{"line":109,"column":null}}]},"6":{"loc":{"start":{"line":109,"column":58},"end":{"line":109,"column":78}},"type":"binary-expr","locations":[{"start":{"line":109,"column":58},"end":{"line":109,"column":72}},{"start":{"line":109,"column":72},"end":{"line":109,"column":78}}]},"7":{"loc":{"start":{"line":112,"column":38},"end":{"line":112,"column":61}},"type":"binary-expr","locations":[{"start":{"line":112,"column":38},"end":{"line":112,"column":52}},{"start":{"line":112,"column":52},"end":{"line":112,"column":61}}]},"8":{"loc":{"start":{"line":113,"column":11},"end":{"line":113,"column":null}},"type":"cond-expr","locations":[{"start":{"line":113,"column":21},"end":{"line":113,"column":45}},{"start":{"line":113,"column":45},"end":{"line":113,"column":null}}]},"9":{"loc":{"start":{"line":33,"column":22},"end":{"line":33,"column":null}},"type":"binary-expr","locations":[{"start":{"line":33,"column":22},"end":{"line":33,"column":54}},{"start":{"line":33,"column":54},"end":{"line":33,"column":null}}]},"10":{"loc":{"start":{"line":37,"column":8},"end":{"line":37,"column":null}},"type":"binary-expr","locations":[{"start":{"line":37,"column":8},"end":{"line":37,"column":47}},{"start":{"line":37,"column":30},"end":{"line":37,"column":null}}]},"11":{"loc":{"start":{"line":38,"column":6},"end":{"line":38,"column":null}},"type":"binary-expr","locations":[{"start":{"line":38,"column":6},"end":{"line":38,"column":null}},{"start":{"line":38,"column":21},"end":{"line":38,"column":null}},{"start":{"line":38,"column":21},"end":{"line":38,"column":null}},{"start":{"line":38,"column":21},"end":{"line":38,"column":null}}]},"12":{"loc":{"start":{"line":42,"column":6},"end":{"line":46,"column":8}},"type":"if","locations":[{"start":{"line":42,"column":6},"end":{"line":46,"column":8}}]},"13":{"loc":{"start":{"line":105,"column":41},"end":{"line":96,"column":9}},"type":"binary-expr","locations":[{"start":{"line":105,"column":41},"end":{"line":105,"column":42}},{"start":{"line":105,"column":41},"end":{"line":105,"column":42}},{"start":{"line":105,"column":41},"end":{"line":96,"column":9}}]},"14":{"loc":{"start":{"line":109,"column":10},"end":{"line":112,"column":9}},"type":"binary-expr","locations":[{"start":{"line":109,"column":10},"end":{"line":109,"column":11}},{"start":{"line":109,"column":10},"end":{"line":109,"column":11}},{"start":{"line":109,"column":10},"end":{"line":112,"column":9}}]},"15":{"loc":{"start":{"line":109,"column":10},"end":{"line":109,"column":11}},"type":"binary-expr","locations":[{"start":{"line":109,"column":10},"end":{"line":109,"column":11}},{"start":{"line":109,"column":10},"end":{"line":109,"column":11}}]},"16":{"loc":{"start":{"line":112,"column":8},"end":{"line":112,"column":9}},"type":"binary-expr","locations":[{"start":{"line":112,"column":8},"end":{"line":112,"column":9}},{"start":{"line":112,"column":8},"end":{"line":112,"column":9}}]}},"s":{"0":2025,"1":2025,"2":2025,"3":2025,"4":2025,"5":8100,"6":1935,"7":1935,"8":2025,"9":2025,"10":2025,"11":2025,"12":2025,"13":2025,"14":25,"15":25,"16":15,"17":15,"18":10,"19":10,"20":10,"21":10,"22":2025,"23":0,"24":18,"25":0,"26":0,"27":0,"28":1935,"29":0,"30":0,"31":2025,"32":2025,"33":2025,"34":0,"35":2025,"36":0,"37":25,"38":2025,"39":2025,"40":10,"41":10,"42":0,"43":10,"44":2025,"45":2025},"f":{"0":2025,"1":8100,"2":1935,"3":1935,"4":25,"5":0,"6":4050,"7":2025,"8":2025,"9":2025},"b":{"0":[2025,1440],"1":[2025,855],"2":[2025,1935,1395,630],"3":[15],"4":[2025,450,390],"5":[2025,2010,15],"6":[15,0],"7":[2025,60],"8":[10,2015],"9":[0,0],"10":[0,0],"11":[0,0,0,0],"12":[0],"13":[0,0,0],"14":[0,0,0],"15":[2025,2010],"16":[0,0]}}
}
