{"total": {"lines":{"total":1016,"covered":983,"skipped":0,"pct":96.75},"statements":{"total":1336,"covered":1275,"skipped":0,"pct":95.43},"functions":{"total":377,"covered":361,"skipped":0,"pct":95.75},"branches":{"total":492,"covered":348,"skipped":0,"pct":70.73},"branchesTrue":{"total":0,"covered":0,"skipped":0,"pct":100}}
,"G:/PROJECTS/orderlite/cypress/component/App.cy.tsx": {"lines":{"total":12,"covered":12,"skipped":0,"pct":100},"functions":{"total":5,"covered":5,"skipped":0,"pct":100},"statements":{"total":18,"covered":18,"skipped":0,"pct":100},"branches":{"total":2,"covered":2,"skipped":0,"pct":100}}
,"G:/PROJECTS/orderlite/cypress/component/Avatar.cy.tsx": {"lines":{"total":7,"covered":7,"skipped":0,"pct":100},"functions":{"total":3,"covered":3,"skipped":0,"pct":100},"statements":{"total":7,"covered":7,"skipped":0,"pct":100},"branches":{"total":0,"covered":0,"skipped":0,"pct":100}}
,"G:/PROJECTS/orderlite/cypress/component/BottomTabs.cy.tsx": {"lines":{"total":10,"covered":10,"skipped":0,"pct":100},"functions":{"total":3,"covered":3,"skipped":0,"pct":100},"statements":{"total":10,"covered":10,"skipped":0,"pct":100},"branches":{"total":0,"covered":0,"skipped":0,"pct":100}}
,"G:/PROJECTS/orderlite/cypress/component/CheckoutScreen.cy.tsx": {"lines":{"total":69,"covered":69,"skipped":0,"pct":100},"functions":{"total":16,"covered":16,"skipped":0,"pct":100},"statements":{"total":80,"covered":80,"skipped":0,"pct":100},"branches":{"total":0,"covered":0,"skipped":0,"pct":100}}
,"G:/PROJECTS/orderlite/cypress/component/LoginScreen.cy.tsx": {"lines":{"total":26,"covered":26,"skipped":0,"pct":100},"functions":{"total":10,"covered":10,"skipped":0,"pct":100},"statements":{"total":32,"covered":32,"skipped":0,"pct":100},"branches":{"total":0,"covered":0,"skipped":0,"pct":100}}
,"G:/PROJECTS/orderlite/cypress/component/MenuScreen.cy.tsx": {"lines":{"total":44,"covered":44,"skipped":0,"pct":100},"functions":{"total":15,"covered":15,"skipped":0,"pct":100},"statements":{"total":61,"covered":61,"skipped":0,"pct":100},"branches":{"total":3,"covered":2,"skipped":0,"pct":66.66}}
,"G:/PROJECTS/orderlite/cypress/component/NotFoundScreen.cy.tsx": {"lines":{"total":17,"covered":17,"skipped":0,"pct":100},"functions":{"total":5,"covered":5,"skipped":0,"pct":100},"statements":{"total":17,"covered":17,"skipped":0,"pct":100},"branches":{"total":0,"covered":0,"skipped":0,"pct":100}}
,"G:/PROJECTS/orderlite/cypress/component/OrderStatusScreen.cy.tsx": {"lines":{"total":40,"covered":40,"skipped":0,"pct":100},"functions":{"total":9,"covered":9,"skipped":0,"pct":100},"statements":{"total":40,"covered":40,"skipped":0,"pct":100},"branches":{"total":0,"covered":0,"skipped":0,"pct":100}}
,"G:/PROJECTS/orderlite/cypress/component/OrdersActiveScreen.cy.tsx": {"lines":{"total":26,"covered":26,"skipped":0,"pct":100},"functions":{"total":6,"covered":6,"skipped":0,"pct":100},"statements":{"total":26,"covered":26,"skipped":0,"pct":100},"branches":{"total":0,"covered":0,"skipped":0,"pct":100}}
,"G:/PROJECTS/orderlite/cypress/component/OrdersBucketsScreen.cy.tsx": {"lines":{"total":62,"covered":60,"skipped":0,"pct":96.77},"functions":{"total":19,"covered":17,"skipped":0,"pct":89.47},"statements":{"total":83,"covered":81,"skipped":0,"pct":97.59},"branches":{"total":0,"covered":0,"skipped":0,"pct":100}}
,"G:/PROJECTS/orderlite/cypress/component/ProfileScreen.cy.tsx": {"lines":{"total":41,"covered":41,"skipped":0,"pct":100},"functions":{"total":10,"covered":10,"skipped":0,"pct":100},"statements":{"total":42,"covered":42,"skipped":0,"pct":100},"branches":{"total":0,"covered":0,"skipped":0,"pct":100}}
,"G:/PROJECTS/orderlite/cypress/component/ProtectedRoute.cy.tsx": {"lines":{"total":22,"covered":22,"skipped":0,"pct":100},"functions":{"total":8,"covered":8,"skipped":0,"pct":100},"statements":{"total":23,"covered":23,"skipped":0,"pct":100},"branches":{"total":0,"covered":0,"skipped":0,"pct":100}}
,"G:/PROJECTS/orderlite/cypress/component/RegisterScreen.cy.tsx": {"lines":{"total":34,"covered":34,"skipped":0,"pct":100},"functions":{"total":6,"covered":6,"skipped":0,"pct":100},"statements":{"total":34,"covered":34,"skipped":0,"pct":100},"branches":{"total":0,"covered":0,"skipped":0,"pct":100}}
,"G:/PROJECTS/orderlite/cypress/component/ui-kit.cy.tsx": {"lines":{"total":66,"covered":66,"skipped":0,"pct":100},"functions":{"total":33,"covered":33,"skipped":0,"pct":100},"statements":{"total":117,"covered":117,"skipped":0,"pct":100},"branches":{"total":2,"covered":2,"skipped":0,"pct":100}}
,"G:/PROJECTS/orderlite/cypress/support/component.ts": {"lines":{"total":1,"covered":1,"skipped":0,"pct":100},"functions":{"total":0,"covered":0,"skipped":0,"pct":100},"statements":{"total":1,"covered":1,"skipped":0,"pct":100},"branches":{"total":0,"covered":0,"skipped":0,"pct":100}}
,"G:/PROJECTS/orderlite/src/App.tsx": {"lines":{"total":2,"covered":2,"skipped":0,"pct":100},"functions":{"total":1,"covered":1,"skipped":0,"pct":100},"statements":{"total":3,"covered":3,"skipped":0,"pct":100},"branches":{"total":0,"covered":0,"skipped":0,"pct":100}}
,"G:/PROJECTS/orderlite/src/main.tsx": {"lines":{"total":1,"covered":1,"skipped":0,"pct":100},"functions":{"total":0,"covered":0,"skipped":0,"pct":100},"statements":{"total":1,"covered":1,"skipped":0,"pct":100},"branches":{"total":0,"covered":0,"skipped":0,"pct":100}}
,"G:/PROJECTS/orderlite/src/common/api.ts": {"lines":{"total":7,"covered":7,"skipped":0,"pct":100},"functions":{"total":1,"covered":1,"skipped":0,"pct":100},"statements":{"total":7,"covered":7,"skipped":0,"pct":100},"branches":{"total":2,"covered":2,"skipped":0,"pct":100}}
,"G:/PROJECTS/orderlite/src/components/Avatar.tsx": {"lines":{"total":3,"covered":3,"skipped":0,"pct":100},"functions":{"total":1,"covered":1,"skipped":0,"pct":100},"statements":{"total":3,"covered":3,"skipped":0,"pct":100},"branches":{"total":3,"covered":2,"skipped":0,"pct":66.66}}
,"G:/PROJECTS/orderlite/src/components/BottomTabs.tsx": {"lines":{"total":13,"covered":13,"skipped":0,"pct":100},"functions":{"total":9,"covered":9,"skipped":0,"pct":100},"statements":{"total":16,"covered":15,"skipped":0,"pct":93.75},"branches":{"total":4,"covered":4,"skipped":0,"pct":100}}
,"G:/PROJECTS/orderlite/src/components/ui/ui-kit.ts": {"lines":{"total":68,"covered":66,"skipped":0,"pct":97.05},"functions":{"total":24,"covered":22,"skipped":0,"pct":91.66},"statements":{"total":69,"covered":67,"skipped":0,"pct":97.1},"branches":{"total":45,"covered":35,"skipped":0,"pct":77.77}}
,"G:/PROJECTS/orderlite/src/hooks/useAuth.ts": {"lines":{"total":56,"covered":46,"skipped":0,"pct":82.14},"functions":{"total":11,"covered":10,"skipped":0,"pct":90.9},"statements":{"total":58,"covered":48,"skipped":0,"pct":82.75},"branches":{"total":18,"covered":6,"skipped":0,"pct":33.33}}
,"G:/PROJECTS/orderlite/src/hooks/useMenuItems.ts": {"lines":{"total":18,"covered":15,"skipped":0,"pct":83.33},"functions":{"total":6,"covered":5,"skipped":0,"pct":83.33},"statements":{"total":21,"covered":17,"skipped":0,"pct":80.95},"branches":{"total":8,"covered":2,"skipped":0,"pct":25}}
,"G:/PROJECTS/orderlite/src/hooks/useOrders.ts": {"lines":{"total":27,"covered":27,"skipped":0,"pct":100},"functions":{"total":9,"covered":8,"skipped":0,"pct":88.88},"statements":{"total":30,"covered":29,"skipped":0,"pct":96.66},"branches":{"total":9,"covered":4,"skipped":0,"pct":44.44}}
,"G:/PROJECTS/orderlite/src/screens/CheckoutScreen.tsx": {"lines":{"total":67,"covered":67,"skipped":0,"pct":100},"functions":{"total":27,"covered":27,"skipped":0,"pct":100},"statements":{"total":110,"covered":109,"skipped":0,"pct":99.09},"branches":{"total":68,"covered":62,"skipped":0,"pct":91.17}}
,"G:/PROJECTS/orderlite/src/screens/LoginScreen.tsx": {"lines":{"total":28,"covered":28,"skipped":0,"pct":100},"functions":{"total":7,"covered":7,"skipped":0,"pct":100},"statements":{"total":44,"covered":44,"skipped":0,"pct":100},"branches":{"total":30,"covered":27,"skipped":0,"pct":90}}
,"G:/PROJECTS/orderlite/src/screens/MenuScreen.tsx": {"lines":{"total":33,"covered":33,"skipped":0,"pct":100},"functions":{"total":24,"covered":24,"skipped":0,"pct":100},"statements":{"total":49,"covered":49,"skipped":0,"pct":100},"branches":{"total":34,"covered":27,"skipped":0,"pct":79.41}}
,"G:/PROJECTS/orderlite/src/screens/NotFoundScreen.tsx": {"lines":{"total":7,"covered":7,"skipped":0,"pct":100},"functions":{"total":5,"covered":5,"skipped":0,"pct":100},"statements":{"total":10,"covered":10,"skipped":0,"pct":100},"branches":{"total":0,"covered":0,"skipped":0,"pct":100}}
,"G:/PROJECTS/orderlite/src/screens/OrderStatusScreen.tsx": {"lines":{"total":70,"covered":68,"skipped":0,"pct":97.14},"functions":{"total":21,"covered":21,"skipped":0,"pct":100},"statements":{"total":113,"covered":108,"skipped":0,"pct":95.57},"branches":{"total":60,"covered":49,"skipped":0,"pct":81.66}}
,"G:/PROJECTS/orderlite/src/screens/OrdersActiveScreen.tsx": {"lines":{"total":39,"covered":31,"skipped":0,"pct":79.48},"functions":{"total":25,"covered":21,"skipped":0,"pct":84},"statements":{"total":60,"covered":45,"skipped":0,"pct":75},"branches":{"total":56,"covered":27,"skipped":0,"pct":48.21}}
,"G:/PROJECTS/orderlite/src/screens/OrdersBucketsScreen.tsx": {"lines":{"total":36,"covered":36,"skipped":0,"pct":100},"functions":{"total":29,"covered":29,"skipped":0,"pct":100},"statements":{"total":50,"covered":49,"skipped":0,"pct":98},"branches":{"total":56,"covered":50,"skipped":0,"pct":89.28}}
,"G:/PROJECTS/orderlite/src/screens/ProfileScreen.tsx": {"lines":{"total":30,"covered":25,"skipped":0,"pct":83.33},"functions":{"total":18,"covered":14,"skipped":0,"pct":77.77},"statements":{"total":44,"covered":34,"skipped":0,"pct":77.27},"branches":{"total":50,"covered":21,"skipped":0,"pct":42}}
,"G:/PROJECTS/orderlite/src/screens/ProtectedRoute.tsx": {"lines":{"total":7,"covered":7,"skipped":0,"pct":100},"functions":{"total":1,"covered":1,"skipped":0,"pct":100},"statements":{"total":11,"covered":11,"skipped":0,"pct":100},"branches":{"total":2,"covered":2,"skipped":0,"pct":100}}
,"G:/PROJECTS/orderlite/src/screens/RegisterScreen.tsx": {"lines":{"total":27,"covered":26,"skipped":0,"pct":96.29},"functions":{"total":10,"covered":9,"skipped":0,"pct":90},"statements":{"total":46,"covered":37,"skipped":0,"pct":80.43},"branches":{"total":40,"covered":22,"skipped":0,"pct":55}}
}
