TN:
SF:cypress\component\App.cy.tsx
FN:4,(anonymous_0)
FN:5,(anonymous_1)
FN:11,(anonymous_2)
FN:5,(anonymous_1)
FN:9,(anonymous_2)
FNF:5
FNH:5
FNDA:6,(anonymous_0)
FNDA:6,(anonymous_1)
FNDA:5,(anonymous_2)
FNDA:8,(anonymous_1)
FNDA:6,(anonymous_2)
DA:4,6
DA:5,6
DA:6,11
DA:7,16
DA:8,6
DA:9,6
DA:11,6
DA:12,6
DA:16,5
DA:18,5
DA:19,4
DA:20,4
LF:12
LH:12
BRDA:6,0,0,2
BRDA:6,0,1,3
BRF:2
BRH:2
end_of_record
TN:
SF:cypress\component\Avatar.cy.tsx
FN:3,(anonymous_0)
FN:4,(anonymous_1)
FN:9,(anonymous_2)
FNF:3
FNH:3
FNDA:18,(anonymous_0)
FNDA:18,(anonymous_1)
FNDA:12,(anonymous_2)
DA:3,18
DA:4,18
DA:5,18
DA:6,18
DA:9,18
DA:10,12
DA:17,12
LF:7
LH:7
BRF:0
BRH:0
end_of_record
TN:
SF:cypress\component\BottomTabs.cy.tsx
FN:4,Wrapper
FN:14,(anonymous_1)
FN:15,(anonymous_2)
FNF:3
FNH:3
FNDA:30,Wrapper
FNDA:10,(anonymous_1)
FNDA:10,(anonymous_2)
DA:5,30
DA:6,30
DA:14,10
DA:15,10
DA:16,10
DA:22,10
DA:23,10
DA:24,10
DA:26,10
DA:27,10
LF:10
LH:10
BRF:0
BRH:0
end_of_record
TN:
SF:cypress\component\CheckoutScreen.cy.tsx
FN:7,RouterWrapperWithLocation
FN:20,(anonymous_1)
FN:21,(anonymous_2)
FN:22,(anonymous_3)
FN:33,(anonymous_4)
FN:66,(anonymous_5)
FN:101,(anonymous_6)
FN:109,(anonymous_7)
FN:155,(anonymous_8)
FN:4,LocationDisplay
FN:11,(anonymous_1)
FN:11,(anonymous_2)
FN:13,(anonymous_3)
FN:25,(anonymous_4)
FN:58,(anonymous_5)
FN:58,(anonymous_5)
FNF:16
FNH:16
FNDA:4,RouterWrapperWithLocation
FNDA:8,(anonymous_1)
FNDA:26,(anonymous_2)
FNDA:26,(anonymous_3)
FNDA:24,(anonymous_4)
FNDA:14,(anonymous_5)
FNDA:4,(anonymous_6)
FNDA:10,(anonymous_7)
FNDA:2,(anonymous_8)
FNDA:16,LocationDisplay
FNDA:20,(anonymous_1)
FNDA:40,(anonymous_2)
FNDA:16,(anonymous_3)
FNDA:20,(anonymous_4)
FNDA:10,(anonymous_5)
FNDA:10,(anonymous_5)
DA:4,8
DA:5,16
DA:7,16
DA:8,20
DA:9,4
DA:11,20
DA:12,40
DA:13,16
DA:20,8
DA:21,24
DA:22,26
DA:23,26
DA:24,24
DA:26,20
DA:33,24
DA:34,24
DA:35,20
DA:37,20
DA:39,24
DA:53,20
DA:55,40
DA:57,24
DA:58,24
DA:60,24
DA:61,16
DA:63,16
DA:66,24
DA:67,14
DA:69,22
DA:72,16
DA:74,22
DA:81,16
DA:90,14
DA:92,14
DA:93,14
DA:94,14
DA:96,14
DA:98,14
DA:101,8
DA:102,12
DA:104,12
DA:109,20
DA:110,18
DA:112,10
DA:113,10
DA:114,10
DA:115,10
DA:116,10
DA:117,10
DA:118,12
DA:120,34
DA:122,18
DA:138,4
DA:140,4
DA:141,4
DA:142,4
DA:144,4
DA:146,4
DA:147,4
DA:148,4
DA:149,4
DA:151,4
DA:153,4
DA:156,2
DA:157,2
DA:158,2
DA:159,2
DA:162,4
DA:163,4
LF:69
LH:69
BRF:0
BRH:0
end_of_record
TN:
SF:cypress\component\LoginScreen.cy.tsx
FN:5,(anonymous_0)
FN:6,(anonymous_1)
FN:14,(anonymous_2)
FN:25,(anonymous_3)
FN:33,(anonymous_4)
FN:57,(anonymous_5)
FN:5,LocationDisplay
FN:8,MenuStub
FN:17,(anonymous_3)
FN:22,(anonymous_4)
FNF:10
FNH:10
FNDA:8,(anonymous_0)
FNDA:18,(anonymous_1)
FNDA:8,(anonymous_2)
FNDA:22,(anonymous_3)
FNDA:20,(anonymous_4)
FNDA:18,(anonymous_5)
FNDA:16,LocationDisplay
FNDA:16,MenuStub
FNDA:44,(anonymous_3)
FNDA:24,(anonymous_4)
DA:5,8
DA:6,24
DA:7,24
DA:8,16
DA:14,8
DA:15,24
DA:17,24
DA:19,44
DA:20,24
DA:22,24
DA:23,24
DA:25,24
DA:26,22
DA:28,22
DA:30,22
DA:33,24
DA:34,20
DA:47,44
DA:49,20
DA:50,20
DA:52,20
DA:53,20
DA:55,20
DA:58,14
DA:59,14
DA:62,16
LF:26
LH:26
BRF:0
BRH:0
end_of_record
TN:
SF:cypress\component\MenuScreen.cy.tsx
FN:6,(anonymous_0)
FN:7,(anonymous_1)
FN:37,(anonymous_2)
FN:45,(anonymous_3)
FN:53,(anonymous_4)
FN:61,(anonymous_5)
FN:68,(anonymous_6)
FN:82,Wrapper
FN:4,CheckoutStateSpy
FN:13,(anonymous_1)
FN:32,mountWithData
FN:79,(anonymous_3)
FN:88,(anonymous_4)
FN:84,(anonymous_5)
FN:96,(anonymous_7)
FNF:15
FNH:15
FNDA:12,(anonymous_0)
FNDA:36,(anonymous_1)
FNDA:92,(anonymous_2)
FNDA:90,(anonymous_3)
FNDA:88,(anonymous_4)
FNDA:86,(anonymous_5)
FNDA:28,(anonymous_6)
FNDA:26,Wrapper
FNDA:8,CheckoutStateSpy
FNDA:36,(anonymous_1)
FNDA:92,mountWithData
FNDA:28,(anonymous_3)
FNDA:22,(anonymous_4)
FNDA:34,(anonymous_5)
FNDA:12,(anonymous_7)
DA:4,12
DA:6,20
DA:7,20
DA:8,36
DA:12,36
DA:14,36
DA:28,60
DA:34,116
DA:37,36
DA:38,92
DA:40,36
DA:41,92
DA:42,92
DA:45,92
DA:46,90
DA:48,90
DA:49,90
DA:50,90
DA:53,92
DA:54,88
DA:56,88
DA:57,88
DA:58,88
DA:61,92
DA:62,86
DA:64,86
DA:65,86
DA:68,36
DA:69,28
DA:78,36
DA:80,28
DA:82,36
DA:83,36
DA:84,90
DA:85,26
DA:87,26
DA:88,22
DA:89,22
DA:91,66
DA:94,24
DA:96,36
DA:98,28
DA:99,12
DA:101,32
LF:44
LH:44
BRDA:7,0,0,8
BRDA:7,0,1,0
BRDA:32,1,0,56
BRF:3
BRH:2
end_of_record
TN:
SF:cypress\component\NotFoundScreen.cy.tsx
FN:4,Wrapper
FN:17,(anonymous_1)
FN:18,(anonymous_2)
FN:31,(anonymous_3)
FN:42,(anonymous_4)
FNF:5
FNH:5
FNDA:50,Wrapper
FNDA:24,(anonymous_1)
FNDA:24,(anonymous_2)
FNDA:18,(anonymous_3)
FNDA:12,(anonymous_4)
DA:5,50
DA:6,50
DA:17,24
DA:18,24
DA:19,24
DA:25,24
DA:26,24
DA:27,24
DA:28,24
DA:31,24
DA:32,18
DA:38,18
DA:39,18
DA:42,24
DA:43,12
DA:49,12
DA:50,12
LF:17
LH:17
BRF:0
BRH:0
end_of_record
TN:
SF:cypress\component\OrderStatusScreen.cy.tsx
FN:8,(anonymous_0)
FN:9,(anonymous_1)
FN:10,(anonymous_2)
FN:21,(anonymous_3)
FN:31,(anonymous_4)
FN:55,(anonymous_5)
FN:71,(anonymous_6)
FN:85,(anonymous_7)
FN:111,(anonymous_8)
FNF:9
FNH:9
FNDA:24,(anonymous_0)
FNDA:54,(anonymous_1)
FNDA:54,(anonymous_2)
FNDA:54,(anonymous_3)
FNDA:24,(anonymous_4)
FNDA:18,(anonymous_5)
FNDA:12,(anonymous_6)
FNDA:10,(anonymous_7)
FNDA:10,(anonymous_8)
DA:5,24
DA:6,24
DA:8,24
DA:9,24
DA:10,54
DA:11,54
DA:21,24
DA:22,54
DA:31,24
DA:32,24
DA:34,24
DA:45,24
DA:47,24
DA:49,24
DA:50,24
DA:51,24
DA:52,24
DA:55,24
DA:56,18
DA:58,18
DA:63,18
DA:65,18
DA:67,18
DA:68,18
DA:71,24
DA:72,12
DA:74,12
DA:85,12
DA:86,10
DA:98,12
DA:100,12
DA:102,12
DA:103,12
DA:104,12
DA:106,12
DA:107,12
DA:109,12
DA:112,10
DA:115,12
DA:116,12
LF:40
LH:40
BRF:0
BRH:0
end_of_record
TN:
SF:cypress\component\OrdersActiveScreen.cy.tsx
FN:7,Wrapper
FN:20,(anonymous_1)
FN:21,(anonymous_2)
FN:22,(anonymous_3)
FN:33,(anonymous_4)
FN:48,(anonymous_5)
FNF:6
FNH:6
FNDA:20,Wrapper
FNDA:18,(anonymous_1)
FNDA:12,(anonymous_2)
FNDA:12,(anonymous_3)
FNDA:18,(anonymous_4)
FNDA:12,(anonymous_5)
DA:4,18
DA:5,18
DA:8,20
DA:9,20
DA:20,18
DA:21,18
DA:22,12
DA:23,12
DA:33,18
DA:34,18
DA:35,18
DA:37,18
DA:43,18
DA:45,18
DA:48,18
DA:49,12
DA:51,12
DA:59,12
DA:79,12
DA:85,12
DA:87,12
DA:88,12
DA:90,12
DA:91,12
DA:93,12
DA:94,12
LF:26
LH:26
BRF:0
BRH:0
end_of_record
TN:
SF:cypress\component\OrdersBucketsScreen.cy.tsx
FN:7,Wrapper
FN:21,(anonymous_1)
FN:22,(anonymous_2)
FN:23,(anonymous_3)
FN:34,(anonymous_4)
FN:47,(anonymous_5)
FN:94,(anonymous_6)
FN:101,(anonymous_7)
FN:108,(anonymous_8)
FN:115,(anonymous_9)
FN:123,(anonymous_10)
FN:130,(anonymous_11)
FN:4,LocationDisplay
FN:11,mountWithAuthAndRoute
FN:17,(anonymous_2)
FN:19,(anonymous_3)
FN:23,(anonymous_4)
FN:39,(anonymous_5)
FN:86,(anonymous_6)
FNF:19
FNH:17
FNDA:5,Wrapper
FNDA:8,(anonymous_1)
FNDA:26,(anonymous_2)
FNDA:26,(anonymous_3)
FNDA:24,(anonymous_4)
FNDA:6,(anonymous_5)
FNDA:11,(anonymous_6)
FNDA:8,(anonymous_7)
FNDA:8,(anonymous_8)
FNDA:0,(anonymous_9)
FNDA:0,(anonymous_10)
FNDA:4,(anonymous_11)
FNDA:52,LocationDisplay
FNDA:47,mountWithAuthAndRoute
FNDA:20,(anonymous_2)
FNDA:36,(anonymous_3)
FNDA:24,(anonymous_4)
FNDA:20,(anonymous_5)
FNDA:22,(anonymous_6)
DA:4,8
DA:5,52
DA:7,52
DA:8,57
DA:9,5
DA:10,16
DA:11,47
DA:19,16
DA:21,44
DA:22,24
DA:23,26
DA:24,26
DA:27,26
DA:28,24
DA:34,24
DA:35,24
DA:37,24
DA:38,20
DA:39,20
DA:43,20
DA:44,20
DA:47,8
DA:48,18
DA:50,22
DA:70,18
DA:74,18
DA:75,18
DA:76,18
DA:77,18
DA:78,18
DA:79,18
DA:80,18
DA:82,20
DA:84,22
DA:85,16
DA:86,24
DA:90,14
DA:92,22
DA:95,19
DA:96,25
DA:97,16
DA:99,22
DA:102,18
DA:103,20
DA:106,22
DA:109,16
DA:110,16
DA:111,32
DA:113,18
DA:116,4
DA:117,0
DA:120,6
DA:124,0
DA:127,6
DA:130,8
DA:131,4
DA:133,4
DA:139,4
DA:145,4
DA:146,4
DA:147,4
DA:148,4
LF:62
LH:60
BRF:0
BRH:0
end_of_record
TN:
SF:cypress\component\ProfileScreen.cy.tsx
FN:7,Wrapper
FN:21,(anonymous_1)
FN:22,(anonymous_2)
FN:23,(anonymous_3)
FN:34,(anonymous_4)
FN:35,(anonymous_5)
FN:55,(anonymous_6)
FN:93,(anonymous_7)
FN:121,(anonymous_8)
FN:140,(anonymous_9)
FNF:10
FNH:10
FNDA:95,Wrapper
FNDA:30,(anonymous_1)
FNDA:54,(anonymous_2)
FNDA:54,(anonymous_3)
FNDA:30,(anonymous_4)
FNDA:30,(anonymous_5)
FNDA:24,(anonymous_6)
FNDA:18,(anonymous_7)
FNDA:12,(anonymous_8)
FNDA:10,(anonymous_9)
DA:4,30
DA:5,30
DA:8,95
DA:9,95
DA:21,30
DA:22,30
DA:23,54
DA:24,54
DA:34,30
DA:35,30
DA:37,30
DA:42,30
DA:48,30
DA:50,30
DA:51,30
DA:52,30
DA:55,30
DA:56,24
DA:58,24
DA:78,24
DA:84,24
DA:86,24
DA:87,24
DA:89,24
DA:90,24
DA:93,30
DA:94,18
DA:96,18
DA:109,18
DA:115,18
DA:117,18
DA:118,18
DA:121,30
DA:122,12
DA:124,12
DA:129,12
DA:135,12
DA:137,12
DA:138,12
DA:140,12
DA:141,10
LF:41
LH:41
BRF:0
BRH:0
end_of_record
TN:
SF:cypress\component\ProtectedRoute.cy.tsx
FN:6,Wrapper
FN:22,(anonymous_1)
FN:23,(anonymous_2)
FN:24,(anonymous_3)
FN:35,(anonymous_4)
FN:36,(anonymous_5)
FN:48,(anonymous_6)
FN:61,(anonymous_7)
FNF:8
FNH:8
FNDA:65,Wrapper
FNDA:24,(anonymous_1)
FNDA:30,(anonymous_2)
FNDA:30,(anonymous_3)
FNDA:24,(anonymous_4)
FNDA:24,(anonymous_5)
FNDA:18,(anonymous_6)
FNDA:12,(anonymous_7)
DA:4,24
DA:7,65
DA:8,65
DA:22,24
DA:23,24
DA:24,30
DA:25,30
DA:35,24
DA:36,24
DA:38,24
DA:44,24
DA:45,24
DA:48,24
DA:49,18
DA:51,18
DA:57,18
DA:58,18
DA:61,24
DA:62,12
DA:64,12
DA:70,12
DA:71,12
LF:22
LH:22
BRF:0
BRH:0
end_of_record
TN:
SF:cypress\component\RegisterScreen.cy.tsx
FN:5,(anonymous_0)
FN:6,(anonymous_1)
FN:14,(anonymous_2)
FN:27,(anonymous_3)
FN:41,(anonymous_4)
FN:67,(anonymous_5)
FNF:6
FNH:6
FNDA:24,(anonymous_0)
FNDA:54,(anonymous_1)
FNDA:24,(anonymous_2)
FNDA:18,(anonymous_3)
FNDA:12,(anonymous_4)
FNDA:10,(anonymous_5)
DA:5,24
DA:6,24
DA:7,54
DA:14,24
DA:15,24
DA:17,24
DA:19,24
DA:20,24
DA:21,24
DA:22,24
DA:24,24
DA:27,24
DA:28,18
DA:30,18
DA:31,18
DA:32,18
DA:33,18
DA:35,18
DA:37,18
DA:38,18
DA:41,24
DA:42,12
DA:55,12
DA:57,12
DA:58,12
DA:59,12
DA:60,12
DA:62,12
DA:63,12
DA:65,12
DA:68,10
DA:69,10
DA:70,10
DA:73,12
LF:34
LH:34
BRF:0
BRH:0
end_of_record
TN:
SF:cypress\component\ui-kit.cy.tsx
FN:17,(anonymous_0)
FN:18,(anonymous_1)
FN:25,(anonymous_2)
FN:35,(anonymous_3)
FN:41,(anonymous_4)
FN:42,(anonymous_5)
FN:48,(anonymous_6)
FN:55,(anonymous_7)
FN:56,(anonymous_8)
FN:68,(anonymous_9)
FN:69,(anonymous_10)
FN:77,(anonymous_11)
FN:83,(anonymous_12)
FN:84,(anonymous_13)
FN:103,(anonymous_14)
FN:109,(anonymous_15)
FN:110,(anonymous_16)
FN:119,(anonymous_17)
FN:120,(anonymous_18)
FN:18,(anonymous_0)
FN:19,(anonymous_1)
FN:26,(anonymous_2)
FN:36,(anonymous_3)
FN:43,(anonymous_4)
FN:49,(anonymous_6)
FN:59,(anonymous_7)
FN:60,(anonymous_11)
FN:88,(anonymous_15)
FN:106,(anonymous_17)
FN:112,(anonymous_18)
FN:114,(anonymous_19)
FN:107,(anonymous_17)
FN:114,(anonymous_18)
FNF:33
FNH:33
FNDA:26,(anonymous_0)
FNDA:78,(anonymous_1)
FNDA:76,(anonymous_2)
FNDA:74,(anonymous_3)
FNDA:26,(anonymous_4)
FNDA:20,(anonymous_5)
FNDA:70,(anonymous_6)
FNDA:26,(anonymous_7)
FNDA:16,(anonymous_8)
FNDA:130,(anonymous_9)
FNDA:42,(anonymous_10)
FNDA:60,(anonymous_11)
FNDA:26,(anonymous_12)
FNDA:10,(anonymous_13)
FNDA:52,(anonymous_14)
FNDA:26,(anonymous_15)
FNDA:6,(anonymous_16)
FNDA:26,(anonymous_17)
FNDA:4,(anonymous_18)
FNDA:52,(anonymous_0)
FNDA:78,(anonymous_1)
FNDA:74,(anonymous_2)
FNDA:44,(anonymous_3)
FNDA:118,(anonymous_4)
FNDA:36,(anonymous_6)
FNDA:254,(anonymous_7)
FNDA:48,(anonymous_11)
FNDA:155,(anonymous_15)
FNDA:25,(anonymous_17)
FNDA:39,(anonymous_18)
FNDA:22,(anonymous_19)
FNDA:4,(anonymous_17)
FNDA:16,(anonymous_18)
DA:17,26
DA:18,78
DA:19,78
DA:20,78
DA:21,78
DA:22,78
DA:23,78
DA:25,78
DA:26,78
DA:27,74
DA:32,72
DA:35,78
DA:36,74
DA:37,66
DA:41,26
DA:42,70
DA:43,78
DA:44,60
DA:45,60
DA:48,78
DA:49,70
DA:50,54
DA:51,54
DA:55,62
DA:56,62
DA:57,16
DA:59,176
DA:60,78
DA:62,58
DA:63,68
DA:64,106
DA:68,78
DA:69,78
DA:70,42
DA:71,42
DA:77,78
DA:78,36
DA:79,64
DA:80,24
DA:83,26
DA:84,26
DA:85,62
DA:86,34
DA:88,78
DA:97,30
DA:98,30
DA:99,30
DA:100,30
DA:103,78
DA:104,224
DA:105,60
DA:106,52
DA:107,38
DA:109,43
DA:110,26
DA:111,41
DA:112,45
DA:114,58
DA:115,18
DA:119,48
DA:120,48
DA:121,42
DA:123,42
DA:128,12
DA:129,12
DA:130,12
LF:66
LH:66
BRDA:59,0,0,32
BRDA:59,0,1,32
BRF:2
BRH:2
end_of_record
TN:
SF:cypress\support\component.ts
FNF:0
FNH:0
DA:13,366
LF:1
LH:1
BRF:0
BRH:0
end_of_record
TN:
SF:src\App.tsx
FN:51,App
FNF:1
FNH:1
FNDA:10,App
DA:15,24
DA:52,10
LF:2
LH:2
BRF:0
BRH:0
end_of_record
TN:
SF:src\main.tsx
FNF:0
FNH:0
DA:6,18
LF:1
LH:1
BRF:0
BRH:0
end_of_record
TN:
SF:src\common\api.ts
FN:14,setAuthToken
FNF:1
FNH:1
FNDA:283,setAuthToken
DA:3,252
DA:5,252
DA:12,252
DA:15,283
DA:17,283
DA:18,273
DA:20,190
LF:7
LH:7
BRDA:17,0,0,273
BRDA:17,0,1,10
BRF:2
BRH:2
end_of_record
TN:
SF:src\components\Avatar.tsx
FN:11,Avatar
FNF:1
FNH:1
FNDA:245,Avatar
DA:12,245
DA:13,10
DA:19,235
LF:3
LH:3
BRDA:11,0,0,235
BRDA:11,1,0,0
BRDA:12,2,0,10
BRF:3
BRH:2
end_of_record
TN:
SF:src\components\BottomTabs.tsx
FN:4,BottomTabs
FN:12,(anonymous_1)
FN:17,(anonymous_2)
FN:24,(anonymous_3)
FN:31,(anonymous_4)
FN:17,(anonymous_1)
FN:19,(anonymous_2)
FN:26,(anonymous_3)
FN:33,(anonymous_4)
FNF:9
FNH:9
FNDA:1617,BottomTabs
FNDA:5141,(anonymous_1)
FNDA:290,(anonymous_2)
FNDA:300,(anonymous_3)
FNDA:300,(anonymous_4)
FNDA:2487,(anonymous_1)
FNDA:1617,(anonymous_2)
FNDA:1617,(anonymous_3)
FNDA:1617,(anonymous_4)
DA:1,18
DA:5,1617
DA:6,1617
DA:12,1907
DA:13,4851
DA:15,1617
DA:16,1907
DA:17,4394
DA:19,1617
DA:24,300
DA:26,1617
DA:31,300
DA:33,1617
LF:13
LH:13
BRDA:13,0,0,4851
BRDA:13,0,1,3929
BRDA:17,1,0,870
BRDA:17,1,1,796
BRF:4
BRH:4
end_of_record
TN:
SF:src\components\ui\ui-kit.ts
FN:134,(anonymous_0)
FN:140,(anonymous_1)
FN:141,(anonymous_2)
FN:143,(anonymous_3)
FN:146,(anonymous_4)
FN:147,(anonymous_5)
FN:243,(anonymous_6)
FN:244,(anonymous_7)
FN:246,(anonymous_8)
FN:255,(anonymous_9)
FN:272,(anonymous_10)
FN:323,(anonymous_11)
FN:335,(anonymous_12)
FN:345,(anonymous_13)
FN:383,(anonymous_14)
FN:398,(anonymous_15)
FN:399,(anonymous_16)
FN:417,(anonymous_17)
FN:418,(anonymous_18)
FN:432,(anonymous_19)
FN:463,(anonymous_20)
FN:464,(anonymous_21)
FN:495,(anonymous_22)
FN:496,(anonymous_23)
FNF:24
FNH:22
FNDA:6020,(anonymous_0)
FNDA:6020,(anonymous_1)
FNDA:6020,(anonymous_2)
FNDA:6020,(anonymous_3)
FNDA:6020,(anonymous_4)
FNDA:6020,(anonymous_5)
FNDA:1284,(anonymous_6)
FNDA:1284,(anonymous_7)
FNDA:1284,(anonymous_8)
FNDA:353,(anonymous_9)
FNDA:353,(anonymous_10)
FNDA:52,(anonymous_11)
FNDA:0,(anonymous_12)
FNDA:0,(anonymous_13)
FNDA:5721,(anonymous_14)
FNDA:1173,(anonymous_15)
FNDA:1173,(anonymous_16)
FNDA:602,(anonymous_17)
FNDA:602,(anonymous_18)
FNDA:602,(anonymous_19)
FNDA:632,(anonymous_20)
FNDA:632,(anonymous_21)
FNDA:245,(anonymous_22)
FNDA:245,(anonymous_23)
DA:6,358
DA:13,358
DA:18,358
DA:26,358
DA:33,358
DA:39,358
DA:45,358
DA:51,358
DA:69,358
DA:84,358
DA:92,358
DA:98,358
DA:104,358
DA:132,358
DA:135,6020
DA:140,6020
DA:142,6020
DA:143,6020
DA:146,6020
DA:148,6020
DA:161,358
DA:171,358
DA:184,358
DA:191,358
DA:211,358
DA:218,358
DA:222,358
DA:231,358
DA:237,358
DA:243,1284
DA:245,1284
DA:246,1284
DA:255,358
DA:272,353
DA:281,358
DA:298,358
DA:306,358
DA:310,358
DA:314,358
DA:319,358
DA:323,52
DA:329,358
DA:335,0
DA:345,0
DA:361,358
DA:376,358
DA:383,5721
DA:387,358
DA:396,358
DA:398,1173
DA:399,1173
DA:402,358
DA:406,358
DA:412,358
DA:417,602
DA:418,602
DA:423,358
DA:432,602
DA:438,358
DA:446,358
DA:452,358
DA:459,358
DA:463,632
DA:464,632
DA:479,358
DA:494,358
DA:495,245
DA:496,245
LF:68
LH:66
BRDA:135,0,0,220
BRDA:135,0,1,5800
BRDA:137,1,0,55
BRDA:137,1,1,5745
BRDA:140,2,0,220
BRDA:140,2,1,5800
BRDA:142,3,0,220
BRDA:142,3,1,5800
BRDA:143,4,0,3396
BRDA:143,4,1,2624
BRDA:146,5,0,275
BRDA:146,5,1,5745
BRDA:148,6,0,220
BRDA:148,6,1,5800
BRDA:150,7,0,55
BRDA:150,7,1,5745
BRDA:243,8,0,121
BRDA:243,8,1,1163
BRDA:245,9,0,121
BRDA:245,9,1,1163
BRDA:246,10,0,121
BRDA:246,10,1,1163
BRDA:255,11,0,0
BRDA:272,12,0,0
BRDA:323,13,0,0
BRDA:335,14,0,0
BRDA:335,14,1,0
BRDA:345,15,0,0
BRDA:345,15,1,0
BRDA:383,16,0,1313
BRDA:383,16,1,4408
BRDA:398,17,0,0
BRDA:399,18,0,255
BRDA:417,19,0,32
BRDA:417,19,1,570
BRDA:418,20,0,32
BRDA:418,20,1,570
BRDA:432,21,0,32
BRDA:432,21,1,570
BRDA:463,22,0,39
BRDA:463,22,1,593
BRDA:464,23,0,39
BRDA:464,23,1,593
BRDA:495,24,0,0
BRDA:496,25,0,0
BRF:45
BRH:35
end_of_record
TN:
SF:src\hooks\useAuth.ts
FN:23,saveAuth
FN:27,loadAuth
FN:37,clearAuth
FN:41,useAuth
FN:42,(anonymous_4)
FN:56,(anonymous_5)
FN:74,(anonymous_6)
FN:92,(anonymous_7)
FN:98,(anonymous_8)
FN:99,(anonymous_9)
FN:105,(anonymous_10)
FNF:11
FNH:10
FNDA:26,saveAuth
FNDA:451,loadAuth
FNDA:10,clearAuth
FNDA:4636,useAuth
FNDA:451,(anonymous_4)
FNDA:16,(anonymous_5)
FNDA:10,(anonymous_6)
FNDA:10,(anonymous_7)
FNDA:451,(anonymous_8)
FNDA:0,(anonymous_9)
FNDA:310,(anonymous_10)
DA:21,216
DA:24,26
DA:28,451
DA:29,451
DA:30,247
DA:31,247
DA:33,0
DA:38,10
DA:42,4636
DA:43,451
DA:44,451
DA:45,247
DA:47,451
DA:49,4636
DA:50,4636
DA:52,4636
DA:53,4636
DA:54,4636
DA:56,4636
DA:57,16
DA:58,16
DA:59,16
DA:60,16
DA:61,16
DA:62,16
DA:63,16
DA:64,16
DA:66,0
DA:67,0
DA:68,0
DA:70,16
DA:74,4636
DA:75,10
DA:76,10
DA:77,10
DA:78,10
DA:79,10
DA:80,10
DA:81,10
DA:82,10
DA:84,0
DA:85,0
DA:86,0
DA:88,10
DA:92,4636
DA:93,10
DA:94,10
DA:95,10
DA:98,4636
DA:99,451
DA:100,0
DA:101,0
DA:102,0
DA:104,451
DA:105,451
DA:108,4636
LF:56
LH:46
BRDA:29,0,0,204
BRDA:44,1,0,247
BRDA:52,2,0,4636
BRDA:52,2,1,3446
BRDA:53,3,0,4636
BRDA:53,3,1,3446
BRDA:66,4,0,0
BRDA:66,4,1,0
BRDA:66,4,2,0
BRDA:67,5,0,0
BRDA:67,5,1,0
BRDA:84,6,0,0
BRDA:84,6,1,0
BRDA:84,6,2,0
BRDA:85,7,0,0
BRDA:85,7,1,0
BRDA:102,8,0,0
BRDA:102,8,1,0
BRF:18
BRH:6
end_of_record
TN:
SF:src\hooks\useMenuItems.ts
FN:12,useMenuItems
FN:17,(anonymous_1)
FN:24,(anonymous_2)
FN:28,(anonymous_3)
FN:33,(anonymous_4)
FN:38,(anonymous_5)
FNF:6
FNH:5
FNDA:649,useMenuItems
FNDA:137,(anonymous_1)
FNDA:135,(anonymous_2)
FNDA:0,(anonymous_3)
FNDA:135,(anonymous_4)
FNDA:107,(anonymous_5)
DA:13,649
DA:14,649
DA:15,649
DA:17,649
DA:18,137
DA:19,137
DA:20,137
DA:22,137
DA:25,135
DA:26,130
DA:29,0
DA:30,0
DA:31,0
DA:34,135
DA:35,130
DA:38,137
DA:39,107
DA:43,649
LF:18
LH:15
BRDA:25,0,0,5
BRDA:29,1,0,0
BRDA:30,2,0,0
BRDA:30,2,1,0
BRDA:30,2,2,0
BRDA:31,3,0,0
BRDA:31,3,1,0
BRDA:34,4,0,5
BRF:8
BRH:2
end_of_record
TN:
SF:src\hooks\useOrders.ts
FN:25,useOrders
FN:30,(anonymous_1)
FN:44,(anonymous_2)
FN:48,(anonymous_3)
FN:57,(anonymous_4)
FN:61,(anonymous_5)
FN:66,(anonymous_6)
FN:68,(anonymous_7)
FN:68,(anonymous_8)
FNF:9
FNH:8
FNDA:1319,useOrders
FNDA:262,(anonymous_1)
FNDA:262,(anonymous_2)
FNDA:13,(anonymous_3)
FNDA:16,(anonymous_4)
FNDA:55,(anonymous_5)
FNDA:10,(anonymous_6)
FNDA:10,(anonymous_7)
FNDA:0,(anonymous_8)
DA:26,1319
DA:27,1319
DA:28,1319
DA:30,1319
DA:31,262
DA:32,262
DA:33,262
DA:34,262
DA:35,158
DA:37,89
DA:38,89
DA:40,247
DA:44,1319
DA:45,262
DA:48,1319
DA:49,13
DA:56,13
DA:57,16
DA:58,13
DA:61,1319
DA:62,55
DA:63,36
DA:66,1319
DA:67,10
DA:68,10
DA:69,10
DA:72,1319
LF:27
LH:27
BRDA:37,0,0,89
BRDA:37,0,1,0
BRDA:37,0,2,0
BRDA:38,1,0,6
BRDA:38,1,1,83
BRDA:52,2,0,13
BRDA:52,2,1,0
BRDA:68,3,0,0
BRDA:68,3,1,0
BRF:9
BRH:4
end_of_record
TN:
SF:src\screens\CheckoutScreen.tsx
FN:35,CheckoutScreen
FN:59,(anonymous_1)
FN:61,(anonymous_2)
FN:62,(anonymous_3)
FN:65,(anonymous_4)
FN:84,(anonymous_5)
FN:110,(anonymous_6)
FN:123,(anonymous_7)
FN:132,(anonymous_8)
FN:141,(anonymous_9)
FN:144,(anonymous_10)
FN:170,(anonymous_11)
FN:175,(anonymous_12)
FN:190,(anonymous_13)
FN:61,(anonymous_1)
FN:63,(anonymous_2)
FN:65,(anonymous_3)
FN:67,(anonymous_4)
FN:87,(anonymous_5)
FN:110,(anonymous_6)
FN:125,(anonymous_7)
FN:134,(anonymous_8)
FN:141,(anonymous_9)
FN:144,(anonymous_10)
FN:170,(anonymous_11)
FN:175,(anonymous_12)
FN:192,(anonymous_13)
FNF:27
FNH:27
FNDA:428,CheckoutScreen
FNDA:233,(anonymous_1)
FNDA:11,(anonymous_2)
FNDA:13,(anonymous_3)
FNDA:231,(anonymous_4)
FNDA:186,(anonymous_5)
FNDA:176,(anonymous_6)
FNDA:284,(anonymous_7)
FNDA:320,(anonymous_8)
FNDA:193,(anonymous_9)
FNDA:176,(anonymous_10)
FNDA:176,(anonymous_11)
FNDA:176,(anonymous_12)
FNDA:176,(anonymous_13)
FNDA:437,(anonymous_1)
FNDA:428,(anonymous_2)
FNDA:431,(anonymous_3)
FNDA:434,(anonymous_4)
FNDA:431,(anonymous_5)
FNDA:428,(anonymous_6)
FNDA:467,(anonymous_7)
FNDA:455,(anonymous_8)
FNDA:431,(anonymous_9)
FNDA:428,(anonymous_10)
FNDA:428,(anonymous_11)
FNDA:428,(anonymous_12)
FNDA:428,(anonymous_13)
DA:1,18
DA:36,428
DA:37,428
DA:38,604
DA:39,428
DA:40,428
DA:41,604
DA:42,428
DA:44,428
DA:45,428
DA:46,780
DA:47,428
DA:49,1032
DA:50,428
DA:52,428
DA:53,428
DA:54,428
DA:55,604
DA:57,604
DA:59,604
DA:60,651
DA:61,186
DA:62,186
DA:63,3
DA:65,428
DA:66,55
DA:67,176
DA:68,196
DA:69,434
DA:70,428
DA:71,211
DA:72,191
DA:73,434
DA:74,428
DA:75,196
DA:76,186
DA:77,434
DA:78,431
DA:80,16
DA:81,186
DA:82,3
DA:84,428
DA:85,10
DA:87,176
DA:88,444
DA:90,186
DA:91,186
DA:93,13
DA:97,13
DA:98,13
DA:99,13
DA:100,13
DA:101,3
DA:103,20
DA:105,3
DA:107,428
DA:110,428
DA:123,284
DA:125,467
DA:132,320
DA:134,455
DA:141,431
DA:144,428
DA:170,428
DA:175,428
DA:190,176
DA:192,428
LF:67
LH:67
BRDA:50,0,0,428
BRDA:50,0,1,10
BRDA:57,1,0,428
BRDA:57,1,1,296
BRDA:57,1,2,82
BRDA:57,1,3,57
BRDA:57,1,4,44
BRDA:57,1,5,40
BRDA:60,2,0,47
BRDA:67,3,0,20
BRDA:71,4,0,15
BRDA:75,5,0,10
BRDA:75,6,0,20
BRDA:75,6,1,26
BRDA:75,6,2,20
BRDA:85,7,0,0
BRDA:85,8,0,10
BRDA:85,8,1,10
BRDA:150,9,0,334
BRDA:150,9,1,94
BRDA:152,10,0,510
BRDA:152,10,1,290
BRDA:158,11,0,428
BRDA:158,11,1,45
BRDA:180,12,0,428
BRDA:180,12,1,111
BRDA:182,13,0,428
BRDA:182,13,1,227
BRDA:184,14,0,428
BRDA:184,14,1,371
BRDA:198,15,0,428
BRDA:198,15,1,30
BRDA:202,16,0,10
BRDA:202,16,1,418
BRDA:53,17,0,176
BRDA:53,17,1,0
BRDA:60,18,0,176
BRDA:60,18,1,150
BRDA:60,18,2,36
BRDA:60,18,3,24
BRDA:60,18,4,24
BRDA:60,18,5,24
BRDA:62,19,0,6
BRDA:69,20,0,0
BRDA:73,21,0,0
BRDA:77,22,0,3
BRDA:77,23,0,16
BRDA:77,23,1,16
BRDA:77,23,2,6
BRDA:88,24,0,0
BRDA:88,25,0,3
BRDA:88,25,1,3
BRDA:151,26,0,176
BRDA:151,26,1,0
BRDA:152,27,0,510
BRDA:152,27,1,246
BRDA:158,28,0,176
BRDA:158,28,1,6
BRDA:180,29,0,176
BRDA:180,29,1,20
BRDA:182,30,0,176
BRDA:182,30,1,98
BRDA:184,31,0,176
BRDA:184,31,1,152
BRDA:200,32,0,176
BRDA:200,32,1,18
BRDA:196,33,0,6
BRDA:196,33,1,170
BRF:68
BRH:62
end_of_record
TN:
SF:src\screens\LoginScreen.tsx
FN:20,LoginScreen
FN:36,(anonymous_1)
FN:70,(anonymous_2)
FN:81,(anonymous_3)
FN:38,(anonymous_1)
FN:71,(anonymous_2)
FN:82,(anonymous_3)
FNF:7
FNH:7
FNDA:829,LoginScreen
FNDA:394,(anonymous_1)
FNDA:888,(anonymous_2)
FNDA:606,(anonymous_3)
FNDA:835,(anonymous_1)
FNDA:925,(anonymous_2)
FNDA:895,(anonymous_3)
DA:1,18
DA:21,829
DA:22,829
DA:23,829
DA:25,829
DA:26,829
DA:27,829
DA:30,1201
DA:32,829
DA:33,1201
DA:34,1201
DA:36,829
DA:37,1201
DA:38,372
DA:39,384
DA:40,835
DA:41,829
DA:43,16
DA:44,382
DA:45,382
DA:46,16
DA:47,16
DA:49,835
DA:52,829
DA:70,888
DA:71,925
DA:81,606
DA:82,895
LF:28
LH:28
BRDA:30,0,0,829
BRDA:30,0,1,829
BRDA:32,1,0,829
BRDA:32,1,1,610
BRDA:34,2,0,829
BRDA:34,2,1,580
BRDA:38,3,0,12
BRDA:85,4,0,829
BRDA:85,4,1,817
BRDA:85,4,2,12
BRDA:88,5,0,12
BRDA:88,5,1,0
BRDA:91,6,0,1201
BRDA:91,6,1,442
BRDA:92,7,0,382
BRDA:92,7,1,1191
BRDA:33,8,0,372
BRDA:33,8,1,366
BRDA:34,9,0,372
BRDA:34,9,1,312
BRDA:37,10,0,372
BRDA:37,10,1,300
BRDA:40,11,0,0
BRDA:88,12,0,372
BRDA:88,12,1,372
BRDA:88,12,2,0
BRDA:88,13,0,829
BRDA:88,13,1,817
BRDA:91,14,0,384
BRDA:91,14,1,456
BRF:30
BRH:27
end_of_record
TN:
SF:src\screens\MenuScreen.tsx
FN:26,MenuScreen
FN:33,(anonymous_1)
FN:35,(anonymous_2)
FN:42,(anonymous_3)
FN:43,(anonymous_4)
FN:56,(anonymous_5)
FN:68,(anonymous_6)
FN:72,(anonymous_7)
FN:88,(anonymous_8)
FN:95,(anonymous_9)
FN:96,(anonymous_10)
FN:113,(anonymous_11)
FN:114,(anonymous_12)
FN:35,(anonymous_1)
FN:37,(anonymous_2)
FN:49,(anonymous_3)
FN:49,(anonymous_4)
FN:58,(anonymous_5)
FN:69,(anonymous_6)
FN:73,(anonymous_7)
FN:84,(anonymous_8)
FN:97,(anonymous_9)
FN:115,(anonymous_11)
FN:115,(anonymous_12)
FNF:24
FNH:24
FNDA:528,MenuScreen
FNDA:234,(anonymous_1)
FNDA:312,(anonymous_2)
FNDA:460,(anonymous_3)
FNDA:952,(anonymous_4)
FNDA:44,(anonymous_5)
FNDA:34,(anonymous_6)
FNDA:34,(anonymous_7)
FNDA:240,(anonymous_8)
FNDA:54,(anonymous_9)
FNDA:1214,(anonymous_10)
FNDA:479,(anonymous_11)
FNDA:44,(anonymous_12)
FNDA:550,(anonymous_1)
FNDA:550,(anonymous_2)
FNDA:550,(anonymous_3)
FNDA:550,(anonymous_4)
FNDA:531,(anonymous_5)
FNDA:528,(anonymous_6)
FNDA:528,(anonymous_7)
FNDA:528,(anonymous_8)
FNDA:1756,(anonymous_9)
FNDA:550,(anonymous_11)
FNDA:448,(anonymous_12)
DA:1,18
DA:27,528
DA:28,528
DA:30,562
DA:31,528
DA:33,528
DA:34,562
DA:35,200
DA:36,312
DA:37,550
DA:38,772
DA:41,528
DA:43,426
DA:44,34
DA:45,952
DA:49,940
DA:51,940
DA:52,550
DA:53,550
DA:56,528
DA:57,10
DA:58,34
DA:65,528
DA:68,34
DA:69,528
DA:72,34
DA:73,528
DA:84,528
DA:88,240
DA:95,54
DA:97,1214
DA:114,479
DA:115,550
LF:33
LH:33
BRDA:36,0,0,278
BRDA:45,1,0,918
BRDA:45,1,1,584
BRDA:45,1,2,459
BRDA:49,2,0,918
BRDA:49,2,1,56
BRDA:51,3,0,918
BRDA:51,3,1,479
BRDA:106,4,0,528
BRDA:106,4,1,100
BRDA:107,5,0,528
BRDA:107,5,1,0
BRDA:107,5,2,0
BRDA:108,6,0,528
BRDA:108,6,1,428
BRDA:108,6,2,428
BRDA:108,6,3,181
BRDA:38,7,0,22
BRDA:51,8,0,22
BRDA:51,8,1,0
BRDA:51,8,2,0
BRDA:52,9,0,22
BRDA:52,9,1,0
BRDA:53,10,0,22
BRDA:53,10,1,22
BRDA:106,11,0,34
BRDA:106,11,1,12
BRDA:107,12,0,34
BRDA:107,12,1,0
BRDA:107,12,2,0
BRDA:109,13,0,34
BRDA:109,13,1,22
BRDA:109,13,2,22
BRDA:109,13,3,12
BRF:34
BRH:27
end_of_record
TN:
SF:src\screens\NotFoundScreen.tsx
FN:4,(anonymous_0)
FN:23,(anonymous_1)
FN:27,(anonymous_2)
FN:23,(anonymous_1)
FN:27,(anonymous_2)
FNF:5
FNH:5
FNDA:55,(anonymous_0)
FNDA:15,(anonymous_1)
FNDA:10,(anonymous_2)
FNDA:55,(anonymous_1)
FNDA:55,(anonymous_2)
DA:1,18
DA:4,30
DA:5,55
DA:7,73
DA:9,55
DA:23,55
DA:27,55
LF:7
LH:7
BRF:0
BRH:0
end_of_record
TN:
SF:src\screens\OrderStatusScreen.tsx
FN:33,OrderStatusScreen
FN:47,(anonymous_1)
FN:48,(anonymous_2)
FN:77,(anonymous_3)
FN:79,(anonymous_4)
FN:83,(anonymous_5)
FN:87,(anonymous_6)
FN:98,(anonymous_7)
FN:115,(anonymous_8)
FN:133,(anonymous_9)
FN:145,(anonymous_10)
FN:49,(anonymous_1)
FN:50,(anonymous_2)
FN:79,(anonymous_3)
FN:82,(anonymous_4)
FN:85,(anonymous_5)
FN:89,(anonymous_6)
FN:100,(anonymous_7)
FN:116,(anonymous_8)
FN:135,(anonymous_9)
FN:149,(anonymous_10)
FNF:21
FNH:21
FNDA:178,OrderStatusScreen
FNDA:89,(anonymous_1)
FNDA:89,(anonymous_2)
FNDA:129,(anonymous_3)
FNDA:124,(anonymous_4)
FNDA:129,(anonymous_5)
FNDA:260,(anonymous_6)
FNDA:54,(anonymous_7)
FNDA:44,(anonymous_8)
FNDA:260,(anonymous_9)
FNDA:54,(anonymous_10)
FNDA:188,(anonymous_1)
FNDA:188,(anonymous_2)
FNDA:200,(anonymous_3)
FNDA:190,(anonymous_4)
FNDA:194,(anonymous_5)
FNDA:226,(anonymous_6)
FNDA:178,(anonymous_7)
FNDA:178,(anonymous_8)
FNDA:226,(anonymous_9)
FNDA:178,(anonymous_10)
DA:1,18
DA:21,30
DA:22,18
DA:34,178
DA:35,178
DA:36,178
DA:37,266
DA:39,178
DA:40,178
DA:41,222
DA:42,178
DA:43,178
DA:45,178
DA:47,222
DA:48,89
DA:49,89
DA:50,188
DA:51,55
DA:52,45
DA:53,45
DA:55,55
DA:56,55
DA:57,10
DA:58,55
DA:59,45
DA:60,45
DA:62,55
DA:63,55
DA:64,188
DA:65,55
DA:66,40
DA:67,55
DA:68,25
DA:70,98
DA:72,188
DA:74,55
DA:77,178
DA:78,85
DA:79,124
DA:80,22
DA:82,190
DA:83,85
DA:84,44
DA:85,16
DA:87,178
DA:88,216
DA:89,216
DA:90,220
DA:91,392
DA:92,60
DA:94,222
DA:96,178
DA:98,178
DA:99,222
DA:100,44
DA:101,188
DA:102,54
DA:103,54
DA:104,10
DA:105,10
DA:106,0
DA:108,20
DA:110,0
DA:112,178
DA:115,44
DA:116,178
DA:134,260
DA:135,226
DA:145,54
DA:149,178
LF:70
LH:68
BRDA:49,0,0,0
BRDA:56,1,0,0
BRDA:78,2,0,45
BRDA:83,3,0,40
BRDA:83,3,1,45
BRDA:88,4,0,0
BRDA:89,5,0,44
BRDA:90,6,0,54
BRDA:94,7,0,54
BRDA:94,7,1,124
BRDA:96,8,0,178
BRDA:96,8,1,124
BRDA:96,9,0,109
BRDA:96,9,1,15
BRDA:99,10,0,0
BRDA:99,11,0,10
BRDA:99,11,1,10
BRDA:128,12,0,178
BRDA:128,12,1,109
BRDA:129,13,0,178
BRDA:129,13,1,15
BRDA:129,13,2,15
BRDA:131,14,0,178
BRDA:131,14,1,69
BRDA:131,14,2,54
BRDA:131,14,3,54
BRDA:140,15,0,98
BRDA:140,15,1,50
BRDA:160,16,0,42
BRDA:160,16,1,0
BRDA:51,17,0,0
BRDA:58,18,0,0
BRDA:80,19,0,10
BRDA:85,20,0,6
BRDA:85,20,1,10
BRDA:90,21,0,54
BRDA:91,22,0,0
BRDA:92,23,0,12
BRDA:98,24,0,12
BRDA:98,24,1,32
BRDA:99,25,0,44
BRDA:99,25,1,32
BRDA:99,26,0,24
BRDA:99,26,1,8
BRDA:101,27,0,0
BRDA:101,28,0,0
BRDA:101,28,1,0
BRDA:128,29,0,44
BRDA:128,29,1,24
BRDA:129,30,0,44
BRDA:129,30,1,8
BRDA:129,30,2,8
BRDA:135,31,0,44
BRDA:135,31,1,20
BRDA:135,31,2,12
BRDA:135,31,3,12
BRDA:142,32,0,190
BRDA:142,32,1,69
BRDA:161,33,0,54
BRDA:161,33,1,30
BRF:60
BRH:49
end_of_record
TN:
SF:src\screens\OrdersActiveScreen.tsx
FN:33,OrdersActiveScreen
FN:41,(anonymous_1)
FN:42,(anonymous_2)
FN:43,(anonymous_3)
FN:45,(anonymous_4)
FN:56,(anonymous_5)
FN:56,(anonymous_6)
FN:64,(anonymous_7)
FN:82,(anonymous_8)
FN:93,(anonymous_9)
FN:105,(anonymous_10)
FN:139,(anonymous_11)
FN:140,(anonymous_12)
FN:162,(anonymous_13)
FN:43,(anonymous_1)
FN:44,(anonymous_2)
FN:45,(anonymous_3)
FN:48,(anonymous_4)
FN:58,(anonymous_5)
FN:65,(anonymous_7)
FN:83,(anonymous_8)
FN:95,(anonymous_9)
FN:107,(anonymous_10)
FN:141,(anonymous_11)
FN:164,(anonymous_13)
FNF:25
FNH:21
FNDA:87,OrdersActiveScreen
FNDA:52,(anonymous_1)
FNDA:24,(anonymous_2)
FNDA:24,(anonymous_3)
FNDA:30,(anonymous_4)
FNDA:62,(anonymous_5)
FNDA:44,(anonymous_6)
FNDA:0,(anonymous_7)
FNDA:0,(anonymous_8)
FNDA:10,(anonymous_9)
FNDA:0,(anonymous_10)
FNDA:32,(anonymous_11)
FNDA:10,(anonymous_12)
FNDA:0,(anonymous_13)
FNDA:87,(anonymous_1)
FNDA:87,(anonymous_2)
FNDA:24,(anonymous_3)
FNDA:24,(anonymous_4)
FNDA:174,(anonymous_5)
FNDA:87,(anonymous_7)
FNDA:87,(anonymous_8)
FNDA:87,(anonymous_9)
FNDA:87,(anonymous_10)
FNDA:119,(anonymous_11)
FNDA:87,(anonymous_13)
DA:1,18
DA:27,24
DA:28,18
DA:34,87
DA:35,87
DA:37,87
DA:38,87
DA:40,87
DA:41,87
DA:42,52
DA:43,24
DA:44,24
DA:45,30
DA:47,24
DA:48,52
DA:49,24
DA:51,24
DA:52,87
DA:53,0
DA:55,87
DA:56,62
DA:57,0
DA:58,0
DA:60,87
DA:61,45
DA:63,0
DA:64,0
DA:65,45
DA:79,42
DA:82,0
DA:83,42
DA:93,10
DA:95,42
DA:105,0
DA:107,42
DA:140,32
DA:141,42
DA:162,0
DA:164,42
LF:39
LH:31
BRDA:43,0,0,24
BRDA:43,0,1,0
BRDA:45,1,0,24
BRDA:45,1,1,0
BRDA:47,2,0,24
BRDA:47,2,1,4
BRDA:56,3,0,20
BRDA:56,3,1,24
BRDA:60,4,0,45
BRDA:60,5,0,87
BRDA:60,5,1,42
BRDA:97,6,0,10
BRDA:97,6,1,32
BRDA:109,7,0,32
BRDA:109,7,1,10
BRDA:126,8,0,32
BRDA:126,8,1,10
BRDA:135,9,0,42
BRDA:135,9,1,10
BRDA:136,10,0,42
BRDA:136,10,1,0
BRDA:136,10,2,0
BRDA:137,11,0,42
BRDA:137,11,1,32
BRDA:137,11,2,32
BRDA:137,11,3,10
BRDA:147,12,0,22
BRDA:147,12,1,10
BRDA:45,13,0,24
BRDA:45,13,1,0
BRDA:48,14,0,0
BRDA:48,14,1,0
BRDA:49,15,0,0
BRDA:49,15,1,0
BRDA:58,16,0,0
BRDA:58,16,1,0
BRDA:63,17,0,0
BRDA:63,18,0,45
BRDA:63,18,1,42
BRDA:99,19,0,0
BRDA:99,19,1,0
BRDA:111,20,0,0
BRDA:111,20,1,0
BRDA:128,21,0,0
BRDA:128,21,1,0
BRDA:135,22,0,0
BRDA:135,22,1,0
BRDA:136,23,0,0
BRDA:136,23,1,0
BRDA:136,23,2,0
BRDA:137,24,0,0
BRDA:137,24,1,0
BRDA:137,24,2,0
BRDA:137,24,3,0
BRDA:147,25,0,0
BRDA:147,25,1,0
BRF:56
BRH:27
end_of_record
TN:
SF:src\screens\OrdersBucketsScreen.tsx
FN:30,SectionRow
FN:71,OrdersBucketsScreen
FN:77,(anonymous_2)
FN:78,(anonymous_3)
FN:79,(anonymous_4)
FN:80,(anonymous_5)
FN:81,(anonymous_6)
FN:90,(anonymous_7)
FN:105,(anonymous_8)
FN:110,(anonymous_9)
FN:114,(anonymous_10)
FN:128,(anonymous_11)
FN:137,(anonymous_12)
FN:146,(anonymous_13)
FN:155,(anonymous_14)
FN:31,SectionRow
FN:79,(anonymous_2)
FN:81,(anonymous_3)
FN:82,(anonymous_4)
FN:83,(anonymous_5)
FN:84,(anonymous_6)
FN:91,(anonymous_7)
FN:110,(anonymous_8)
FN:111,(anonymous_9)
FN:115,(anonymous_10)
FN:123,(anonymous_11)
FN:131,(anonymous_12)
FN:141,(anonymous_13)
FN:149,(anonymous_14)
FNF:29
FNH:29
FNDA:348,SectionRow
FNDA:146,OrdersBucketsScreen
FNDA:129,(anonymous_2)
FNDA:100,(anonymous_3)
FNDA:100,(anonymous_4)
FNDA:88,(anonymous_5)
FNDA:88,(anonymous_6)
FNDA:40,(anonymous_7)
FNDA:400,(anonymous_8)
FNDA:40,(anonymous_9)
FNDA:40,(anonymous_10)
FNDA:40,(anonymous_11)
FNDA:40,(anonymous_12)
FNDA:40,(anonymous_13)
FNDA:52,(anonymous_14)
FNDA:88,SectionRow
FNDA:174,(anonymous_2)
FNDA:121,(anonymous_3)
FNDA:178,(anonymous_4)
FNDA:178,(anonymous_5)
FNDA:178,(anonymous_6)
FNDA:146,(anonymous_7)
FNDA:236,(anonymous_8)
FNDA:146,(anonymous_9)
FNDA:146,(anonymous_10)
FNDA:147,(anonymous_11)
FNDA:146,(anonymous_12)
FNDA:147,(anonymous_13)
FNDA:146,(anonymous_14)
DA:1,18
DA:31,348
DA:32,348
DA:34,348
DA:35,436
DA:36,88
DA:72,146
DA:73,146
DA:74,146
DA:76,186
DA:77,129
DA:78,129
DA:79,100
DA:80,88
DA:81,121
DA:82,178
DA:83,178
DA:84,32
DA:86,146
DA:87,59
DA:90,40
DA:91,59
DA:105,378
DA:107,87
DA:110,177
DA:111,87
DA:114,22
DA:115,87
DA:123,88
DA:128,22
DA:131,87
DA:137,22
DA:141,88
DA:146,22
DA:149,87
DA:155,34
LF:36
LH:36
BRDA:32,0,0,288
BRDA:32,0,1,60
BRDA:32,1,0,60
BRDA:32,1,1,0
BRDA:39,2,0,60
BRDA:39,2,1,288
BRDA:45,3,0,348
BRDA:45,3,1,60
BRDA:45,3,2,60
BRDA:45,3,3,60
BRDA:86,4,0,59
BRDA:86,5,0,146
BRDA:86,5,1,134
BRDA:105,6,0,90
BRDA:105,6,1,310
BRDA:120,7,0,87
BRDA:120,7,1,29
BRDA:121,8,0,87
BRDA:121,8,1,8
BRDA:121,8,2,8
BRDA:128,9,0,15
BRDA:128,9,1,72
BRDA:136,10,0,15
BRDA:136,10,1,72
BRDA:146,11,0,15
BRDA:146,11,1,72
BRDA:154,12,0,15
BRDA:154,12,1,72
BRDA:35,13,0,68
BRDA:35,13,1,20
BRDA:36,14,0,20
BRDA:36,14,1,0
BRDA:39,15,0,20
BRDA:39,15,1,68
BRDA:47,16,0,88
BRDA:47,16,1,20
BRDA:47,16,2,20
BRDA:47,16,3,20
BRDA:90,17,0,18
BRDA:90,18,0,99
BRDA:90,18,1,127
BRDA:110,19,0,22
BRDA:110,19,1,68
BRDA:120,20,0,22
BRDA:120,20,1,6
BRDA:121,21,0,22
BRDA:121,21,1,0
BRDA:121,21,2,0
BRDA:123,22,0,10
BRDA:123,22,1,12
BRDA:131,23,0,0
BRDA:131,23,1,22
BRDA:141,24,0,10
BRDA:141,24,1,12
BRDA:149,25,0,0
BRDA:149,25,1,22
BRF:56
BRH:50
end_of_record
TN:
SF:src\screens\ProfileScreen.tsx
FN:35,Row
FN:48,ProfileScreen
FN:58,(anonymous_2)
FN:58,(anonymous_3)
FN:62,(anonymous_4)
FN:70,(anonymous_5)
FN:121,(anonymous_6)
FN:121,(anonymous_7)
FN:163,(anonymous_8)
FN:172,(anonymous_9)
FN:37,Row
FN:62,(anonymous_2)
FN:62,(anonymous_3)
FN:65,(anonymous_4)
FN:71,(anonymous_5)
FN:124,(anonymous_6)
FN:168,(anonymous_8)
FN:177,(anonymous_9)
FNF:18
FNH:14
FNDA:440,Row
FNDA:220,ProfileScreen
FNDA:150,(anonymous_2)
FNDA:55,(anonymous_3)
FNDA:10,(anonymous_4)
FNDA:0,(anonymous_5)
FNDA:0,(anonymous_6)
FNDA:0,(anonymous_7)
FNDA:35,(anonymous_8)
FNDA:35,(anonymous_9)
FNDA:0,Row
FNDA:220,(anonymous_2)
FNDA:10,(anonymous_3)
FNDA:220,(anonymous_4)
FNDA:220,(anonymous_5)
FNDA:440,(anonymous_6)
FNDA:220,(anonymous_8)
FNDA:35,(anonymous_9)
DA:1,18
DA:36,440
DA:38,0
DA:49,220
DA:50,220
DA:51,220
DA:52,220
DA:54,220
DA:55,220
DA:57,220
DA:58,150
DA:59,220
DA:60,0
DA:62,220
DA:63,10
DA:64,10
DA:65,0
DA:67,220
DA:69,220
DA:70,0
DA:71,220
DA:121,0
DA:124,440
DA:164,35
DA:165,35
DA:169,35
DA:170,220
DA:172,35
DA:174,35
DA:177,220
LF:30
LH:25
BRDA:40,0,0,440
BRDA:40,0,1,440
BRDA:54,1,0,220
BRDA:54,1,1,85
BRDA:55,2,0,220
BRDA:55,2,1,85
BRDA:58,3,0,90
BRDA:58,3,1,60
BRDA:128,4,0,0
BRDA:128,4,1,220
BRDA:137,5,0,0
BRDA:137,5,1,220
BRDA:157,6,0,220
BRDA:157,6,1,70
BRDA:158,7,0,220
BRDA:158,7,1,0
BRDA:158,7,2,0
BRDA:161,8,0,220
BRDA:161,8,1,150
BRDA:161,8,2,150
BRDA:161,8,3,115
BRDA:165,9,0,0
BRDA:165,9,1,35
BRDA:172,10,0,35
BRDA:172,10,1,0
BRDA:40,11,0,0
BRDA:40,11,1,0
BRDA:58,12,0,90
BRDA:58,12,1,60
BRDA:59,13,0,0
BRDA:59,13,1,0
BRDA:62,14,0,0
BRDA:62,14,1,0
BRDA:131,15,0,0
BRDA:131,15,1,0
BRDA:140,16,0,0
BRDA:140,16,1,0
BRDA:157,17,0,0
BRDA:157,17,1,0
BRDA:159,18,0,0
BRDA:159,18,1,0
BRDA:159,18,2,0
BRDA:161,19,0,0
BRDA:161,19,1,0
BRDA:161,19,2,0
BRDA:161,19,3,0
BRDA:170,20,0,0
BRDA:170,20,1,0
BRDA:177,21,0,0
BRDA:177,21,1,0
BRF:50
BRH:21
end_of_record
TN:
SF:src\screens\ProtectedRoute.tsx
FN:5,(anonymous_0)
FNF:1
FNH:1
FNDA:45,(anonymous_0)
DA:2,18
DA:5,30
DA:6,45
DA:7,76
DA:9,91
DA:10,112
DA:14,43
LF:7
LH:7
BRDA:9,0,0,20
BRDA:10,1,0,6
BRF:2
BRH:2
end_of_record
TN:
SF:src\screens\RegisterScreen.tsx
FN:20,RegisterScreen
FN:27,(anonymous_1)
FN:27,(anonymous_2)
FN:28,(anonymous_3)
FN:37,(anonymous_4)
FN:61,(anonymous_5)
FN:31,(anonymous_1)
FN:31,(anonymous_3)
FN:40,(anonymous_4)
FN:62,(anonymous_5)
FNF:10
FNH:9
FNDA:2025,RegisterScreen
FNDA:8100,(anonymous_1)
FNDA:1935,(anonymous_2)
FNDA:1935,(anonymous_3)
FNDA:25,(anonymous_4)
FNDA:0,(anonymous_5)
FNDA:4050,(anonymous_1)
FNDA:2025,(anonymous_3)
FNDA:2025,(anonymous_4)
FNDA:2025,(anonymous_5)
DA:1,18
DA:21,2025
DA:22,2025
DA:24,2025
DA:25,2025
DA:27,8100
DA:28,1935
DA:30,2025
DA:31,2025
DA:32,2025
DA:33,2025
DA:35,2025
DA:37,2025
DA:38,2025
DA:40,25
DA:41,25
DA:42,2025
DA:43,2025
DA:45,10
DA:46,10
DA:47,10
DA:48,10
DA:52,10
DA:55,2025
DA:58,2025
DA:61,0
DA:62,2025
LF:27
LH:26
BRDA:31,0,0,2025
BRDA:31,0,1,1440
BRDA:33,1,0,2025
BRDA:33,1,1,855
BRDA:35,2,0,2025
BRDA:35,2,1,1935
BRDA:35,2,2,1395
BRDA:35,2,3,630
BRDA:40,3,0,15
BRDA:105,4,0,2025
BRDA:105,4,1,450
BRDA:105,4,2,390
BRDA:106,5,0,2025
BRDA:106,5,1,2010
BRDA:106,5,2,15
BRDA:109,6,0,15
BRDA:109,6,1,0
BRDA:112,7,0,2025
BRDA:112,7,1,60
BRDA:113,8,0,10
BRDA:113,8,1,2015
BRDA:33,9,0,0
BRDA:33,9,1,0
BRDA:37,10,0,0
BRDA:37,10,1,0
BRDA:38,11,0,0
BRDA:38,11,1,0
BRDA:38,11,2,0
BRDA:38,11,3,0
BRDA:42,12,0,0
BRDA:105,13,0,0
BRDA:105,13,1,0
BRDA:105,13,2,0
BRDA:109,14,0,0
BRDA:109,14,1,0
BRDA:109,14,2,0
BRDA:109,15,0,2025
BRDA:109,15,1,2010
BRDA:112,16,0,0
BRDA:112,16,1,0
BRF:40
BRH:22
end_of_record
